#
# A fatal error has been detected by the Java Runtime Environment:
#
#  SIGSEGV (0xb) at pc=0x00007fff6bbef69d, pid=24354, tid=0x0000000000000307
#
# JRE version: Java(TM) SE Runtime Environment (8.0_221-b11) (build 1.8.0_221-b11)
# Java VM: Java HotSpot(TM) 64-Bit Server VM (25.221-b11 mixed mode bsd-amd64 compressed oops)
# Problematic frame:
# C  [libobjc.A.dylib+0x669d]  objc_msgSend+0x1d
#
# Failed to write core dump. Core dumps have been disabled. To enable core dumping, try "ulimit -c unlimited" before starting Java again
#
# If you would like to submit a bug report, please visit:
#   http://bugreport.java.com/bugreport/crash.jsp
# The crash happened outside the Java Virtual Machine in native code.
# See problematic frame for where to report the bug.
#

---------------  T H R E A D  ---------------

Current thread (0x00007f800e8e1000):  JavaThread "AWT-AppKit" daemon [_thread_in_native, id=775, stack(0x00007ffee4e03000,0x00007ffee5603000)]

siginfo: si_signo: 11 (SIGSEGV), si_code: 1 (SEGV_MAPERR), si_addr: 0x0000000000000018

Registers:
RAX=0x00007f800d9932f0, RBX=0x000000012a787450, RCX=0x0000000000000001, RDX=0x0000000000000000
RSP=0x00007ffee55fe1e8, RBP=0x00007ffee55fe2a0, RSI=0x00007fff3f1c5403, RDI=0x00007f801201ed20
R8 =0x0000000000000001, R9 =0x0000000000000440, R10=0x0000000000000000, R11=0x00007fff3f1c5403
R12=0x0000000000000000, R13=0x000000019a0f4818, R14=0x000000012a787440, R15=0x00007f800e8e1000
RIP=0x00007fff6bbef69d, EFLAGS=0x0000000000010246, ERR=0x0000000000000004
  TRAPNO=0x000000000000000e

Top of Stack: (sp=0x00007ffee55fe1e8)
0x00007ffee55fe1e8:   000000012a785157 00007ffee55fe240
0x00007ffee55fe1f8:   0000000000000003 00007ffee55fe220
0x00007ffee55fe208:   000000010b943942 000000019a0f4818
0x00007ffee55fe218:   000000019a0f4818 00007f800d9932f0
0x00007ffee55fe228:   000000012a7876a0 000000012a787710
0x00007ffee55fe238:   00007fff98e6b848 00007fff9a52efc8
0x00007ffee55fe248:   000000012a787450 000000012a787690
0x00007ffee55fe258:   00007f800d9932f0 00007f801201ed20
0x00007ffee55fe268:   00007f800bd516b0 00007f800d9932f0
0x00007ffee55fe278:   00007f801201ed20 00007ffee55fe328
0x00007ffee55fe288:   00007f800e8e11f8 000000019a0f4818
0x00007ffee55fe298:   00007ffee55fe350 00007ffee55fe318
0x00007ffee55fe2a8:   00000001165d3667 000000019a0f4818
0x00007ffee55fe2b8:   00007ffee55fe350 00007ffee55fe318
0x00007ffee55fe2c8:   00000001165d33c7 00000001165d3382
0x00007ffee55fe2d8:   00007ffee55fe2d8 000000019a0f4818
0x00007ffee55fe2e8:   00007ffee55fe350 000000019a0f7450
0x00007ffee55fe2f8:   0000000000000000 000000019a0f4818
0x00007ffee55fe308:   0000000000000000 00007ffee55fe338
0x00007ffee55fe318:   00007ffee55fe398 00000001165c32bd
0x00007ffee55fe328:   00000006c0c5e4a0 00000001165ccd18
0x00007ffee55fe338:   00007f800d9932f0 00007ffee55fe398
0x00007ffee55fe348:   00007f801201ed20 00000001165ce782
0x00007ffee55fe358:   00007ffee55fe358 000000019a0f49e2
0x00007ffee55fe368:   00007ffee55fe3c0 000000019a0f7450
0x00007ffee55fe378:   0000000000000000 000000019a0f49f0
0x00007ffee55fe388:   00007ffee55fe338 00007ffee55fe3a8
0x00007ffee55fe398:   00007ffee55fe408 00000001165c32bd
0x00007ffee55fe3a8:   00007f800d9932f0 00000006c0bed668
0x00007ffee55fe3b8:   00007f801201ed20 00000006c0bed668
0x00007ffee55fe3c8:   00007ffee55fe3c8 00000001a164babe
0x00007ffee55fe3d8:   00007ffee55fe418 00000001a164bb78 

Instructions: (pc=0x00007fff6bbef69d)
0x00007fff6bbef67d:   0f 1f 00 48 85 ff 2e 74 62 40 f6 c7 01 2e 75 66
0x00007fff6bbef68d:   49 ba f8 ff ff ff ff 7f 00 00 4c 23 17 49 89 f3
0x00007fff6bbef69d:   45 23 5a 18 49 c1 e3 04 4d 03 5a 10 49 3b 33 75
0x00007fff6bbef6ad:   04 41 ff 63 08 49 83 3b 01 76 0d 49 83 c3 10 49 

Register to memory mapping:

RAX=0x00007f800d9932f0 is an unknown value
RBX=0x000000012a787450: Java_jogamp_nativewindow_macosx_OSXUtil_GetScreenRefreshRate0+0x1cf0 in /private/var/folders/f9/243wz9113nbdwbw_9420f4v00000gn/T/jogamp_0000/file_cache/jln4108664068851190384/jln1116091824609701199/libnativewindow_macosx.jnilib at 0x000000012a780000
RCX=0x0000000000000001 is an unknown value
RDX=0x0000000000000000 is an unknown value
RSP=0x00007ffee55fe1e8 is pointing into the stack for thread: 0x00007f800e8e1000
RBP=0x00007ffee55fe2a0 is pointing into the stack for thread: 0x00007f800e8e1000
RSI=0x00007fff3f1c5403: GCC_except_table7+0x9e8f in /System/Library/Frameworks/AppKit.framework/Versions/C/AppKit at 0x00007fff3e61e000
RDI=0x00007f801201ed20 is an unknown value
R8 =0x0000000000000001 is an unknown value
R9 =0x0000000000000440 is an unknown value
R10=0x0000000000000000 is an unknown value
R11=0x00007fff3f1c5403: GCC_except_table7+0x9e8f in /System/Library/Frameworks/AppKit.framework/Versions/C/AppKit at 0x00007fff3e61e000
R12=0x0000000000000000 is an unknown value
R13={method} {0x000000019a0f4818} 'UnsetJAWTRootSurfaceLayer0' '(JJ)V' in 'jogamp/nativewindow/jawt/macosx/MacOSXJAWTWindow'
R14=0x000000012a787440: Java_jogamp_nativewindow_macosx_OSXUtil_GetScreenRefreshRate0+0x1ce0 in /private/var/folders/f9/243wz9113nbdwbw_9420f4v00000gn/T/jogamp_0000/file_cache/jln4108664068851190384/jln1116091824609701199/libnativewindow_macosx.jnilib at 0x000000012a780000
R15=0x00007f800e8e1000 is a thread


Stack: [0x00007ffee4e03000,0x00007ffee5603000],  sp=0x00007ffee55fe1e8,  free space=8172k
Native frames: (J=compiled Java code, j=interpreted, Vv=VM code, C=native code)
C  [libobjc.A.dylib+0x669d]  objc_msgSend+0x1d
j  jogamp.nativewindow.jawt.macosx.MacOSXJAWTWindow.UnsetJAWTRootSurfaceLayer0(JJ)V+0
j  jogamp.nativewindow.jawt.macosx.MacOSXJAWTWindow.access$200(JJ)V+2
j  jogamp.nativewindow.jawt.macosx.MacOSXJAWTWindow$1.run()V+38
J 2743 C1 com.jogamp.common.util.RunnableTask.run()V (345 bytes) @ 0x0000000117057b34 [0x00000001170579a0+0x194]
v  ~StubRoutines::call_stub
V  [libjvm.dylib+0x2f0d1e]
V  [libjvm.dylib+0x32805c]
V  [libjvm.dylib+0x31a83f]
C  [libnativewindow_macosx.jnilib+0x5326]  Java_jogamp_nativewindow_jawt_macosx_MacOSXJAWTWindow_UnsetJAWTRootSurfaceLayer0+0x2b6
C  [Foundation+0xb0972]  __NSThreadPerformPerform+0x148
C  [CoreFoundation+0x575e3]  __CFRUNLOOP_IS_CALLING_OUT_TO_A_SOURCE0_PERFORM_FUNCTION__+0x11
C  [CoreFoundation+0x57589]  __CFRunLoopDoSource0+0x6c
C  [CoreFoundation+0x3af3b]  __CFRunLoopDoSources0+0xc3
C  [CoreFoundation+0x3a505]  __CFRunLoopRun+0x4a5
C  [CoreFoundation+0x39e0e]  CFRunLoopRunSpecific+0x1c7
C  [HIToolbox+0xa9db]  RunCurrentEventLoopInMode+0x124
C  [HIToolbox+0xa61d]  ReceiveNextEventCommon+0x163
C  [HIToolbox+0xa4a6]  _BlockUntilNextEventMatchingListInModeWithFilter+0x40
C  [AppKit+0x1affb]  _DPSNextEvent+0x3c5
C  [AppKit+0x19d93]  -[NSApplication(NSEvent) _nextEventMatchingEventMask:untilDate:inMode:dequeue:]+0x551
C  [libosxapp.dylib+0x2328]  -[NSApplicationAWT nextEventMatchingMask:untilDate:inMode:dequeue:]+0x7c
C  [AppKit+0x13eb0]  -[NSApplication run]+0x2bb
C  [libosxapp.dylib+0x1f72]  +[NSApplicationAWT runAWTLoopWithApp:]+0x9c
C  [libawt_lwawt.dylib+0x480bf]  -[AWTStarter starter:]+0x389
C  [Foundation+0xb0972]  __NSThreadPerformPerform+0x148
C  [CoreFoundation+0x575e3]  __CFRUNLOOP_IS_CALLING_OUT_TO_A_SOURCE0_PERFORM_FUNCTION__+0x11
C  [CoreFoundation+0x57589]  __CFRunLoopDoSource0+0x6c
C  [CoreFoundation+0x3af3b]  __CFRunLoopDoSources0+0xc3
C  [CoreFoundation+0x3a505]  __CFRunLoopRun+0x4a5
C  [CoreFoundation+0x39e0e]  CFRunLoopRunSpecific+0x1c7
C  [java+0x646e]  CreateExecutionEnvironment+0x367
C  [java+0x203c]  JLI_Launch+0x7a0
C  [java+0x84cb]  main+0x65
C  [java+0x1894]  start+0x34
C  0x0000000000000007

Java frames: (J=compiled Java code, j=interpreted, Vv=VM code)
j  jogamp.nativewindow.jawt.macosx.MacOSXJAWTWindow.UnsetJAWTRootSurfaceLayer0(JJ)V+0
j  jogamp.nativewindow.jawt.macosx.MacOSXJAWTWindow.access$200(JJ)V+2
j  jogamp.nativewindow.jawt.macosx.MacOSXJAWTWindow$1.run()V+38
J 2743 C1 com.jogamp.common.util.RunnableTask.run()V (345 bytes) @ 0x0000000117057b34 [0x00000001170579a0+0x194]
v  ~StubRoutines::call_stub

---------------  P R O C E S S  ---------------

Java Threads: ( => current thread )
  0x00007f8015042000 JavaThread "Thread-20" [_thread_blocked, id=58739, stack(0x000070000986f000,0x000070000996f000)]
  0x00007f800f2ab000 JavaThread "AWT-EventQueue-1" [_thread_blocked, id=69423, stack(0x000070000b6d8000,0x000070000b7d8000)]
  0x00007f800e13c800 JavaThread "DestroyJavaVM" [_thread_blocked, id=9987, stack(0x0000700009975000,0x0000700009a75000)]
  0x00007f800f23c800 JavaThread "AWT-EventQueue-0" [_thread_blocked, id=73735, stack(0x000070000b44f000,0x000070000b54f000)]
  0x00007f800c11b000 JavaThread "Java2D Disposer" daemon [_thread_blocked, id=51219, stack(0x000070000b1c6000,0x000070000b2c6000)]
  0x00007f800e932000 JavaThread "Java2D Queue Flusher" daemon [_thread_blocked, id=49415, stack(0x000070000b0c3000,0x000070000b1c3000)]
  0x00007f800e8de800 JavaThread "AWT-Shutdown" [_thread_blocked, id=39467, stack(0x000070000acae000,0x000070000adae000)]
=>0x00007f800e8e1000 JavaThread "AWT-AppKit" daemon [_thread_in_native, id=775, stack(0x00007ffee4e03000,0x00007ffee5603000)]
  0x00007f800f05c000 JavaThread "Service Thread" daemon [_thread_blocked, id=16131, stack(0x000070000aaa8000,0x000070000aba8000)]
  0x00007f800f801000 JavaThread "C1 CompilerThread3" daemon [_thread_blocked, id=15875, stack(0x000070000a9a5000,0x000070000aaa5000)]
  0x00007f800f800000 JavaThread "C2 CompilerThread2" daemon [_thread_blocked, id=17411, stack(0x000070000a8a2000,0x000070000a9a2000)]
  0x00007f800f029000 JavaThread "C2 CompilerThread1" daemon [_thread_blocked, id=15363, stack(0x000070000a79f000,0x000070000a89f000)]
  0x00007f800f027800 JavaThread "C2 CompilerThread0" daemon [_thread_blocked, id=18179, stack(0x000070000a69c000,0x000070000a79c000)]
  0x00007f800f00b000 JavaThread "Signal Dispatcher" daemon [_thread_blocked, id=14851, stack(0x000070000a599000,0x000070000a699000)]
  0x00007f800c036800 JavaThread "Finalizer" daemon [_thread_blocked, id=12803, stack(0x000070000a496000,0x000070000a596000)]
  0x00007f800c033800 JavaThread "Reference Handler" daemon [_thread_blocked, id=19203, stack(0x000070000a393000,0x000070000a493000)]

Other Threads:
  0x00007f800c02d000 VMThread [stack: 0x000070000a290000,0x000070000a390000] [id=19715]
  0x00007f800f01c800 WatcherThread [stack: 0x000070000abab000,0x000070000acab000] [id=16643]

VM state:not at safepoint (normal execution)

VM Mutex/Monitor currently owned by a thread: None

heap address: 0x00000006c0000000, size: 4096 MB, Compressed Oops mode: Zero based, Oop shift amount: 3
Narrow klass base: 0x0000000000000000, Narrow klass shift: 3
Compressed class space size: 1073741824 Address: 0x00000007c0000000

Heap:
 PSYoungGen      total 76288K, used 42698K [0x000000076ab00000, 0x0000000772c80000, 0x00000007c0000000)
  eden space 65536K, 48% used [0x000000076ab00000,0x000000076ca33018,0x000000076eb00000)
  from space 10752K, 99% used [0x000000076eb00000,0x000000076f57f810,0x000000076f580000)
  to   space 10752K, 0% used [0x0000000772200000,0x0000000772200000,0x0000000772c80000)
 ParOldGen       total 108032K, used 17631K [0x00000006c0000000, 0x00000006c6980000, 0x000000076ab00000)
  object space 108032K, 16% used [0x00000006c0000000,0x00000006c1137fa0,0x00000006c6980000)
 Metaspace       used 27789K, capacity 28189K, committed 28544K, reserved 1075200K
  class space    used 2222K, capacity 2348K, committed 2432K, reserved 1048576K

Card table byte_map: [0x000000010cb79000,0x000000010d37a000] byte_map_base: 0x0000000109579000

Marking Bits: (ParMarkBitMap*) 0x000000010c0fbe40
 Begin Bits: [0x000000010d8d0000, 0x00000001118d0000)
 End Bits:   [0x00000001118d0000, 0x00000001158d0000)

Polling page: 0x000000010a67c000

CodeCache: size=245760Kb used=11862Kb max_used=11862Kb free=233897Kb
 bounds [0x00000001165bb000, 0x000000011716b000, 0x00000001255bb000]
 total_blobs=3865 nmethods=2940 adapters=838
 compilation: enabled

Compilation events (10 events):
Event: 9.254 Thread 0x00007f800f800000 2958       4       sun.java2d.pipe.Region::dimAdd (20 bytes)
Event: 9.254 Thread 0x00007f800f801000 2957       3       java.awt.Rectangle::isEmpty (20 bytes)
Event: 9.254 Thread 0x00007f800f801000 nmethod 2957 0x0000000117152cd0 code [0x0000000117152e40, 0x0000000117153030]
Event: 9.255 Thread 0x00007f800f800000 nmethod 2958 0x000000011714c250 code [0x000000011714c3a0, 0x000000011714c418]
Event: 9.256 Thread 0x00007f800f801000 2959       1       sun.java2d.SurfaceData::isValid (5 bytes)
Event: 9.257 Thread 0x00007f800f801000 nmethod 2959 0x0000000117152a10 code [0x0000000117152b60, 0x0000000117152c70]
Event: 9.258 Thread 0x00007f800f801000 2960       3       sun.java2d.pipe.RenderBuffer::putFloat (26 bytes)
Event: 9.258 Thread 0x00007f800f801000 nmethod 2960 0x0000000117152310 code [0x0000000117152480, 0x0000000117152610]
Event: 9.270 Thread 0x00007f800f801000 2962  s    3       java.awt.KeyboardFocusManager::getCurrentKeyboardFocusManager (32 bytes)
Event: 9.271 Thread 0x00007f800f801000 nmethod 2962 0x00000001171519d0 code [0x0000000117151b80, 0x0000000117152168]

GC Heap History (8 events):
Event: 3.263 GC heap before
{Heap before GC invocations=1 (full 0):
 PSYoungGen      total 76288K, used 64187K [0x000000076ab00000, 0x0000000770000000, 0x00000007c0000000)
  eden space 65536K, 97% used [0x000000076ab00000,0x000000076e9aec68,0x000000076eb00000)
  from space 10752K, 0% used [0x000000076f580000,0x000000076f580000,0x0000000770000000)
  to   space 10752K, 0% used [0x000000076eb00000,0x000000076eb00000,0x000000076f580000)
 ParOldGen       total 175104K, used 0K [0x00000006c0000000, 0x00000006cab00000, 0x000000076ab00000)
  object space 175104K, 0% used [0x00000006c0000000,0x00000006c0000000,0x00000006cab00000)
 Metaspace       used 19458K, capacity 19845K, committed 20096K, reserved 1067008K
  class space    used 2004K, capacity 2118K, committed 2176K, reserved 1048576K
Event: 3.271 GC heap after
Heap after GC invocations=1 (full 0):
 PSYoungGen      total 76288K, used 8990K [0x000000076ab00000, 0x0000000770000000, 0x00000007c0000000)
  eden space 65536K, 0% used [0x000000076ab00000,0x000000076ab00000,0x000000076eb00000)
  from space 10752K, 83% used [0x000000076eb00000,0x000000076f3c7b68,0x000000076f580000)
  to   space 10752K, 0% used [0x000000076f580000,0x000000076f580000,0x0000000770000000)
 ParOldGen       total 175104K, used 88K [0x00000006c0000000, 0x00000006cab00000, 0x000000076ab00000)
  object space 175104K, 0% used [0x00000006c0000000,0x00000006c0016010,0x00000006cab00000)
 Metaspace       used 19458K, capacity 19845K, committed 20096K, reserved 1067008K
  class space    used 2004K, capacity 2118K, committed 2176K, reserved 1048576K
}
Event: 3.422 GC heap before
{Heap before GC invocations=2 (full 0):
 PSYoungGen      total 76288K, used 37389K [0x000000076ab00000, 0x0000000770000000, 0x00000007c0000000)
  eden space 65536K, 43% used [0x000000076ab00000,0x000000076c6bb9b8,0x000000076eb00000)
  from space 10752K, 83% used [0x000000076eb00000,0x000000076f3c7b68,0x000000076f580000)
  to   space 10752K, 0% used [0x000000076f580000,0x000000076f580000,0x0000000770000000)
 ParOldGen       total 175104K, used 88K [0x00000006c0000000, 0x00000006cab00000, 0x000000076ab00000)
  object space 175104K, 0% used [0x00000006c0000000,0x00000006c0016010,0x00000006cab00000)
 Metaspace       used 20775K, capacity 21114K, committed 21296K, reserved 1069056K
  class space    used 2050K, capacity 2150K, committed 2176K, reserved 1048576K
Event: 3.433 GC heap after
Heap after GC invocations=2 (full 0):
 PSYoungGen      total 76288K, used 10720K [0x000000076ab00000, 0x0000000774000000, 0x00000007c0000000)
  eden space 65536K, 0% used [0x000000076ab00000,0x000000076ab00000,0x000000076eb00000)
  from space 10752K, 99% used [0x000000076f580000,0x000000076fff8190,0x0000000770000000)
  to   space 10752K, 0% used [0x000000076eb00000,0x000000076eb00000,0x000000076f580000)
 ParOldGen       total 175104K, used 6971K [0x00000006c0000000, 0x00000006cab00000, 0x000000076ab00000)
  object space 175104K, 3% used [0x00000006c0000000,0x00000006c06cece8,0x00000006cab00000)
 Metaspace       used 20775K, capacity 21114K, committed 21296K, reserved 1069056K
  class space    used 2050K, capacity 2150K, committed 2176K, reserved 1048576K
}
Event: 3.433 GC heap before
{Heap before GC invocations=3 (full 1):
 PSYoungGen      total 76288K, used 10720K [0x000000076ab00000, 0x0000000774000000, 0x00000007c0000000)
  eden space 65536K, 0% used [0x000000076ab00000,0x000000076ab00000,0x000000076eb00000)
  from space 10752K, 99% used [0x000000076f580000,0x000000076fff8190,0x0000000770000000)
  to   space 10752K, 0% used [0x000000076eb00000,0x000000076eb00000,0x000000076f580000)
 ParOldGen       total 175104K, used 6971K [0x00000006c0000000, 0x00000006cab00000, 0x000000076ab00000)
  object space 175104K, 3% used [0x00000006c0000000,0x00000006c06cece8,0x00000006cab00000)
 Metaspace       used 20775K, capacity 21114K, committed 21296K, reserved 1069056K
  class space    used 2050K, capacity 2150K, committed 2176K, reserved 1048576K
Event: 3.466 GC heap after
Heap after GC invocations=3 (full 1):
 PSYoungGen      total 76288K, used 0K [0x000000076ab00000, 0x0000000774000000, 0x00000007c0000000)
  eden space 65536K, 0% used [0x000000076ab00000,0x000000076ab00000,0x000000076eb00000)
  from space 10752K, 0% used [0x000000076f580000,0x000000076f580000,0x0000000770000000)
  to   space 10752K, 0% used [0x000000076eb00000,0x000000076eb00000,0x000000076f580000)
 ParOldGen       total 108032K, used 17574K [0x00000006c0000000, 0x00000006c6980000, 0x000000076ab00000)
  object space 108032K, 16% used [0x00000006c0000000,0x00000006c1129b38,0x00000006c6980000)
 Metaspace       used 20775K, capacity 21114K, committed 21296K, reserved 1069056K
  class space    used 2050K, capacity 2150K, committed 2176K, reserved 1048576K
}
Event: 6.139 GC heap before
{Heap before GC invocations=4 (full 1):
 PSYoungGen      total 76288K, used 65536K [0x000000076ab00000, 0x0000000774000000, 0x00000007c0000000)
  eden space 65536K, 100% used [0x000000076ab00000,0x000000076eb00000,0x000000076eb00000)
  from space 10752K, 0% used [0x000000076f580000,0x000000076f580000,0x0000000770000000)
  to   space 10752K, 0% used [0x000000076eb00000,0x000000076eb00000,0x000000076f580000)
 ParOldGen       total 108032K, used 17574K [0x00000006c0000000, 0x00000006c6980000, 0x000000076ab00000)
  object space 108032K, 16% used [0x00000006c0000000,0x00000006c1129b38,0x00000006c6980000)
 Metaspace       used 27403K, capacity 27737K, committed 28032K, reserved 1075200K
  class space    used 2208K, capacity 2346K, committed 2432K, reserved 1048576K
Event: 6.146 GC heap after
Heap after GC invocations=4 (full 1):
 PSYoungGen      total 76288K, used 10750K [0x000000076ab00000, 0x0000000772c80000, 0x00000007c0000000)
  eden space 65536K, 0% used [0x000000076ab00000,0x000000076ab00000,0x000000076eb00000)
  from space 10752K, 99% used [0x000000076eb00000,0x000000076f57f810,0x000000076f580000)
  to   space 10752K, 0% used [0x0000000772200000,0x0000000772200000,0x0000000772c80000)
 ParOldGen       total 108032K, used 17631K [0x00000006c0000000, 0x00000006c6980000, 0x000000076ab00000)
  object space 108032K, 16% used [0x00000006c0000000,0x00000006c1137fa0,0x00000006c6980000)
 Metaspace       used 27403K, capacity 27737K, committed 28032K, reserved 1075200K
  class space    used 2208K, capacity 2346K, committed 2432K, reserved 1048576K
}

Deoptimization events (10 events):
Event: 9.255 Thread 0x00007f800e945800 Uncommon trap: reason=unstable_if action=reinterpret pc=0x0000000117099864 method=java.security.AccessControlContext.combine([Ljava/security/ProtectionDomain;[Ljava/security/ProtectionDomain;)[Ljava/security/ProtectionDomain; @ 151
Event: 9.256 Thread 0x00007f800f23c800 Uncommon trap: reason=unstable_if action=reinterpret pc=0x0000000116f4a528 method=java.awt.font.FontRenderContext.equals(Ljava/awt/font/FontRenderContext;)Z @ 2
Event: 9.287 Thread 0x00007f800e945800 Uncommon trap: reason=class_check action=maybe_recompile pc=0x0000000116b7b4fc method=java.util.HashMap.putVal(ILjava/lang/Object;Ljava/lang/Object;ZZ)Ljava/lang/Object; @ 91
Event: 9.287 Thread 0x00007f800e945800 Uncommon trap: reason=class_check action=maybe_recompile pc=0x0000000116b7b4fc method=java.util.HashMap.putVal(ILjava/lang/Object;Ljava/lang/Object;ZZ)Ljava/lang/Object; @ 91
Event: 9.287 Thread 0x00007f800e945800 Uncommon trap: reason=class_check action=maybe_recompile pc=0x0000000116b7b4fc method=java.util.HashMap.putVal(ILjava/lang/Object;Ljava/lang/Object;ZZ)Ljava/lang/Object; @ 91
Event: 9.287 Thread 0x00007f800e945800 Uncommon trap: reason=class_check action=maybe_recompile pc=0x0000000116b7b4fc method=java.util.HashMap.putVal(ILjava/lang/Object;Ljava/lang/Object;ZZ)Ljava/lang/Object; @ 91
Event: 9.287 Thread 0x00007f800e945800 Uncommon trap: reason=class_check action=maybe_recompile pc=0x0000000116b6b4a8 method=java.util.HashMap.putVal(ILjava/lang/Object;Ljava/lang/Object;ZZ)Ljava/lang/Object; @ 91
Event: 9.288 Thread 0x00007f800f23c800 Uncommon trap: reason=unstable_if action=reinterpret pc=0x0000000116f158f8 method=java.awt.font.FontRenderContext.equals(Ljava/awt/font/FontRenderContext;)Z @ 2
Event: 9.301 Thread 0x00007f800f2ab000 Uncommon trap: reason=unstable_if action=reinterpret pc=0x0000000116f43564 method=java.security.AccessControlContext.combine([Ljava/security/ProtectionDomain;[Ljava/security/ProtectionDomain;)[Ljava/security/ProtectionDomain; @ 151
Event: 9.302 Thread 0x00007f8015042000 Uncommon trap: reason=predicate action=maybe_recompile pc=0x0000000116f3b468 method=java.util.Vector.indexOf(Ljava/lang/Object;I)I @ 44

Classes redefined (0 events):
No events

Internal exceptions (10 events):
Event: 0.290 Thread 0x00007f800c802800 Exception <a 'java/io/FileNotFoundException'> (0x000000076ae4a008) thrown at [/Users/java_re/workspace/8-2-build-macosx-x86_64/jdk8u221/13320/hotspot/src/share/vm/prims/jni.cpp, line 710]
Event: 0.290 Thread 0x00007f800c802800 Exception <a 'java/io/FileNotFoundException'> (0x000000076ae4ab88) thrown at [/Users/java_re/workspace/8-2-build-macosx-x86_64/jdk8u221/13320/hotspot/src/share/vm/prims/jni.cpp, line 710]
Event: 0.386 Thread 0x00007f800c802800 Exception <a 'java/io/FileNotFoundException'> (0x000000076aecfdd0) thrown at [/Users/java_re/workspace/8-2-build-macosx-x86_64/jdk8u221/13320/hotspot/src/share/vm/prims/jni.cpp, line 710]
Event: 2.161 Thread 0x00007f800c333800 Exception <a 'java/lang/UnsatisfiedLinkError': com.jogamp.common.util.JarUtil.fixNativeLibAttribs(Ljava/lang/String;)Z> (0x000000076c6a4048) thrown at [/Users/java_re/workspace/8-2-build-macosx-x86_64/jdk8u221/13320/hotspot/src/share/vm/prims/nativeLookup
Event: 3.013 Thread 0x00007f800f2ab000 Exception <a 'java/io/FileNotFoundException'> (0x000000076d87bdc0) thrown at [/Users/java_re/workspace/8-2-build-macosx-x86_64/jdk8u221/13320/hotspot/src/share/vm/prims/jni.cpp, line 710]
Event: 3.014 Thread 0x00007f800f2ab000 Exception <a 'java/io/FileNotFoundException'> (0x000000076d882078) thrown at [/Users/java_re/workspace/8-2-build-macosx-x86_64/jdk8u221/13320/hotspot/src/share/vm/prims/jni.cpp, line 710]
Event: 3.014 Thread 0x00007f800f2ab000 Implicit null exception at 0x00000001167b3bb4 to 0x00000001167b3fad
Event: 3.273 Thread 0x00007f800c036800 Exception <a 'java/lang/NullPointerException'> (0x000000076aeaefd0) thrown at [/Users/java_re/workspace/8-2-build-macosx-x86_64/jdk8u221/13320/hotspot/src/share/vm/interpreter/linkResolver.cpp, line 1185]
Event: 3.348 Thread 0x00007f800f2ab000 Implicit null exception at 0x0000000116989746 to 0x000000011698998d
Event: 3.372 Thread 0x00007f800f81e000 Implicit null exception at 0x00000001167a5a75 to 0x00000001167a5e35

Events (10 events):
Event: 9.301 loading class java/awt/event/AWTEventListenerProxy
Event: 9.301 loading class java/awt/event/AWTEventListenerProxy done
Event: 9.301 loading class java/awt/Toolkit$ToolkitEventMulticaster
Event: 9.301 loading class java/awt/Toolkit$ToolkitEventMulticaster done
Event: 9.301 Thread 0x00007f800e945800 Thread exited: 0x00007f800e945800
Event: 9.302 Thread 0x00007f8015042000 Uncommon trap: trap_request=0xffffff86 fr.pc=0x0000000116f3b468
Event: 9.302 Thread 0x00007f8015042000 DEOPT PACKING pc=0x0000000116f3b468 sp=0x000070000996e800
Event: 9.302 Thread 0x00007f8015042000 DEOPT UNPACKING pc=0x000000011660073a sp=0x000070000996e7c0 mode 2
Event: 9.302 loading class java/awt/Window$1DisposeAction
Event: 9.302 loading class java/awt/Window$1DisposeAction done


Dynamic libraries:
0x00007fff40790000 	/System/Library/Frameworks/Cocoa.framework/Versions/A/Cocoa
0x00007fff4c472000 	/System/Library/Frameworks/Security.framework/Versions/A/Security
0x00007fff3f425000 	/System/Library/Frameworks/ApplicationServices.framework/Versions/A/ApplicationServices
0x00007fff6cabf000 	/usr/lib/libz.1.dylib
0x00007fff6a1ef000 	/usr/lib/libSystem.B.dylib
0x00007fff6bbe9000 	/usr/lib/libobjc.A.dylib
0x00007fff40f78000 	/System/Library/Frameworks/CoreFoundation.framework/Versions/A/CoreFoundation
0x00007fff431ec000 	/System/Library/Frameworks/Foundation.framework/Versions/C/Foundation
0x00007fff3e61e000 	/System/Library/Frameworks/AppKit.framework/Versions/C/AppKit
0x00007fff40b0b000 	/System/Library/Frameworks/CoreData.framework/Versions/A/CoreData
0x00007fff63d3e000 	/System/Library/PrivateFrameworks/RemoteViewServices.framework/Versions/A/RemoteViewServices
0x00007fff67f32000 	/System/Library/PrivateFrameworks/UIFoundation.framework/Versions/A/UIFoundation
0x00007fff69614000 	/System/Library/PrivateFrameworks/XCTTargetBootstrap.framework/Versions/A/XCTTargetBootstrap
0x00007fff5eb76000 	/System/Library/PrivateFrameworks/IconServices.framework/Versions/A/IconServices
0x00007fff45b05000 	/System/Library/Frameworks/Metal.framework/Versions/A/Metal
0x00007fff56101000 	/System/Library/PrivateFrameworks/DesktopServicesPriv.framework/Versions/A/DesktopServicesPriv
0x00007fff6af4f000 	/usr/lib/libenergytrace.dylib
0x00007fff66421000 	/System/Library/PrivateFrameworks/SkyLight.framework/Versions/A/SkyLight
0x00007fff413bd000 	/System/Library/Frameworks/CoreGraphics.framework/Versions/A/CoreGraphics
0x00007fff3d3ea000 	/System/Library/Frameworks/Accelerate.framework/Versions/A/Accelerate
0x00007fff43932000 	/System/Library/Frameworks/IOSurface.framework/Versions/A/IOSurface
0x00007fff55f6d000 	/System/Library/PrivateFrameworks/DFRFoundation.framework/Versions/A/DFRFoundation
0x00007fff3f908000 	/System/Library/Frameworks/AudioToolbox.framework/Versions/A/AudioToolbox
0x00007fff3fb81000 	/System/Library/Frameworks/AudioUnit.framework/Versions/A/AudioUnit
0x00007fff56002000 	/System/Library/PrivateFrameworks/DataDetectorsCore.framework/Versions/A/DataDetectorsCore
0x00007fff40294000 	/System/Library/Frameworks/Carbon.framework/Versions/A/Frameworks/HIToolbox.framework/Versions/A/HIToolbox
0x00007fff6b0a8000 	/usr/lib/libicucore.A.dylib
0x00007fff4b9e9000 	/System/Library/Frameworks/QuartzCore.framework/Versions/A/QuartzCore
0x00007fff40668000 	/System/Library/Frameworks/Carbon.framework/Versions/A/Frameworks/SpeechRecognition.framework/Versions/A/SpeechRecognition
0x00007fff6a343000 	/usr/lib/libauto.dylib
0x00007fff6c9b3000 	/usr/lib/libxml2.2.dylib
0x00007fff55b4d000 	/System/Library/PrivateFrameworks/CoreUI.framework/Versions/A/CoreUI
0x00007fff409f6000 	/System/Library/Frameworks/CoreAudio.framework/Versions/A/CoreAudio
0x00007fff43028000 	/System/Library/Frameworks/DiskArbitration.framework/Versions/A/DiskArbitration
0x00007fff6b355000 	/usr/lib/liblangid.dylib
0x00007fff5ff76000 	/System/Library/PrivateFrameworks/MultitouchSupport.framework/Versions/A/MultitouchSupport
0x00007fff438a1000 	/System/Library/Frameworks/IOKit.framework/Versions/A/IOKit
0x00007fff69db0000 	/usr/lib/libDiagnosticMessagesClient.dylib
0x00007fff421c9000 	/System/Library/Frameworks/CoreServices.framework/Versions/A/CoreServices
0x00007fff61b4c000 	/System/Library/PrivateFrameworks/PerformanceAnalysis.framework/Versions/A/PerformanceAnalysis
0x00007fff4abd9000 	/System/Library/Frameworks/OpenGL.framework/Versions/A/OpenGL
0x00007fff4079e000 	/System/Library/Frameworks/ColorSync.framework/Versions/A/ColorSync
0x00007fff41a4e000 	/System/Library/Frameworks/CoreImage.framework/Versions/A/CoreImage
0x00007fff42ba2000 	/System/Library/Frameworks/CoreText.framework/Versions/A/CoreText
0x00007fff43995000 	/System/Library/Frameworks/ImageIO.framework/Versions/A/ImageIO
0x00007fff521ab000 	/System/Library/PrivateFrameworks/Backup.framework/Versions/A/Backup
0x00007fff6a296000 	/usr/lib/libarchive.2.dylib
0x00007fff3fed9000 	/System/Library/Frameworks/CFNetwork.framework/Versions/A/CFNetwork
0x00007fff4cbcb000 	/System/Library/Frameworks/SystemConfiguration.framework/Versions/A/SystemConfiguration
0x00007fff69ce1000 	/usr/lib/libCRFSuite.dylib
0x00007fff6a432000 	/usr/lib/libc++.1.dylib
0x00007fff6a486000 	/usr/lib/libc++abi.dylib
0x00007fff6d2ae000 	/usr/lib/system/libcache.dylib
0x00007fff6d2b3000 	/usr/lib/system/libcommonCrypto.dylib
0x00007fff6d2be000 	/usr/lib/system/libcompiler_rt.dylib
0x00007fff6d2c6000 	/usr/lib/system/libcopyfile.dylib
0x00007fff6d2d0000 	/usr/lib/system/libcorecrypto.dylib
0x00007fff6d3db000 	/usr/lib/system/libdispatch.dylib
0x00007fff6d415000 	/usr/lib/system/libdyld.dylib
0x00007fff6d442000 	/usr/lib/system/libkeymgr.dylib
0x00007fff6d450000 	/usr/lib/system/liblaunch.dylib
0x00007fff6d451000 	/usr/lib/system/libmacho.dylib
0x00007fff6d457000 	/usr/lib/system/libquarantine.dylib
0x00007fff6d45a000 	/usr/lib/system/libremovefile.dylib
0x00007fff6d45c000 	/usr/lib/system/libsystem_asl.dylib
0x00007fff6d474000 	/usr/lib/system/libsystem_blocks.dylib
0x00007fff6d475000 	/usr/lib/system/libsystem_c.dylib
0x00007fff6d4fd000 	/usr/lib/system/libsystem_configuration.dylib
0x00007fff6d501000 	/usr/lib/system/libsystem_coreservices.dylib
0x00007fff6d505000 	/usr/lib/system/libsystem_darwin.dylib
0x00007fff6d50c000 	/usr/lib/system/libsystem_dnssd.dylib
0x00007fff6d513000 	/usr/lib/system/libsystem_info.dylib
0x00007fff6d588000 	/usr/lib/system/libsystem_m.dylib
0x00007fff6d5d4000 	/usr/lib/system/libsystem_malloc.dylib
0x00007fff6d5f9000 	/usr/lib/system/libsystem_networkextension.dylib
0x00007fff6d604000 	/usr/lib/system/libsystem_notify.dylib
0x00007fff6d621000 	/usr/lib/system/libsystem_sandbox.dylib
0x00007fff6d625000 	/usr/lib/system/libsystem_secinit.dylib
0x00007fff6d55f000 	/usr/lib/system/libsystem_kernel.dylib
0x00007fff6d60c000 	/usr/lib/system/libsystem_platform.dylib
0x00007fff6d616000 	/usr/lib/system/libsystem_pthread.dylib
0x00007fff6d628000 	/usr/lib/system/libsystem_symptoms.dylib
0x00007fff6d630000 	/usr/lib/system/libsystem_trace.dylib
0x00007fff6d647000 	/usr/lib/system/libunwind.dylib
0x00007fff6d64d000 	/usr/lib/system/libxpc.dylib
0x00007fff6a413000 	/usr/lib/libbsm.0.dylib
0x00007fff6d443000 	/usr/lib/system/libkxld.dylib
0x00007fff513f1000 	/System/Library/PrivateFrameworks/AppleFSCompression.framework/Versions/A/AppleFSCompression
0x00007fff6a0af000 	/usr/lib/libOpenScriptingUtil.dylib
0x00007fff6a73b000 	/usr/lib/libcoretls.dylib
0x00007fff6a752000 	/usr/lib/libcoretls_cfhelpers.dylib
0x00007fff6c380000 	/usr/lib/libpam.2.dylib
0x00007fff6c540000 	/usr/lib/libsqlite3.dylib
0x00007fff6c9a1000 	/usr/lib/libxar.1.dylib
0x00007fff6a424000 	/usr/lib/libbz2.1.0.dylib
0x00007fff6b357000 	/usr/lib/liblzma.5.dylib
0x00007fff6b808000 	/usr/lib/libnetwork.dylib
0x00007fff6a27f000 	/usr/lib/libapple_nghttp2.dylib
0x00007fff6c387000 	/usr/lib/libpcap.A.dylib
0x00007fff42568000 	/System/Library/Frameworks/CoreServices.framework/Versions/A/Frameworks/FSEvents.framework/Versions/A/FSEvents
0x00007fff42247000 	/System/Library/Frameworks/CoreServices.framework/Versions/A/Frameworks/CarbonCore.framework/Versions/A/CarbonCore
0x00007fff42724000 	/System/Library/Frameworks/CoreServices.framework/Versions/A/Frameworks/Metadata.framework/Versions/A/Metadata
0x00007fff427c3000 	/System/Library/Frameworks/CoreServices.framework/Versions/A/Frameworks/OSServices.framework/Versions/A/OSServices
0x00007fff4280e000 	/System/Library/Frameworks/CoreServices.framework/Versions/A/Frameworks/SearchKit.framework/Versions/A/SearchKit
0x00007fff421ca000 	/System/Library/Frameworks/CoreServices.framework/Versions/A/Frameworks/AE.framework/Versions/A/AE
0x00007fff42571000 	/System/Library/Frameworks/CoreServices.framework/Versions/A/Frameworks/LaunchServices.framework/Versions/A/LaunchServices
0x00007fff4251f000 	/System/Library/Frameworks/CoreServices.framework/Versions/A/Frameworks/DictionaryServices.framework/Versions/A/DictionaryServices
0x00007fff42876000 	/System/Library/Frameworks/CoreServices.framework/Versions/A/Frameworks/SharedFileList.framework/Versions/A/SharedFileList
0x00007fff46bb4000 	/System/Library/Frameworks/NetFS.framework/Versions/A/NetFS
0x00007fff601dc000 	/System/Library/PrivateFrameworks/NetAuth.framework/Versions/A/NetAuth
0x00007fff69a18000 	/System/Library/PrivateFrameworks/login.framework/Versions/A/Frameworks/loginsupport.framework/Versions/A/loginsupport
0x00007fff67b3b000 	/System/Library/PrivateFrameworks/TCC.framework/Versions/A/TCC
0x00007fff551ac000 	/System/Library/PrivateFrameworks/CoreNLP.framework/Versions/A/CoreNLP
0x00007fff5fc75000 	/System/Library/PrivateFrameworks/MetadataUtilities.framework/Versions/A/MetadataUtilities
0x00007fff6b42c000 	/usr/lib/libmecabra.dylib
0x00007fff3f426000 	/System/Library/Frameworks/ApplicationServices.framework/Versions/A/Frameworks/ATS.framework/Versions/A/ATS
0x00007fff3f775000 	/System/Library/Frameworks/ApplicationServices.framework/Versions/A/Frameworks/ColorSyncLegacy.framework/Versions/A/ColorSyncLegacy
0x00007fff3f814000 	/System/Library/Frameworks/ApplicationServices.framework/Versions/A/Frameworks/HIServices.framework/Versions/A/HIServices
0x00007fff3f867000 	/System/Library/Frameworks/ApplicationServices.framework/Versions/A/Frameworks/LangAnalysis.framework/Versions/A/LangAnalysis
0x00007fff3f877000 	/System/Library/Frameworks/ApplicationServices.framework/Versions/A/Frameworks/PrintCore.framework/Versions/A/PrintCore
0x00007fff3f8c1000 	/System/Library/Frameworks/ApplicationServices.framework/Versions/A/Frameworks/QD.framework/Versions/A/QD
0x00007fff3f8fb000 	/System/Library/Frameworks/ApplicationServices.framework/Versions/A/Frameworks/SpeechSynthesis.framework/Versions/A/SpeechSynthesis
0x00007fff6a4ae000 	/usr/lib/libcompression.dylib
0x00007fff40e90000 	/System/Library/Frameworks/CoreDisplay.framework/Versions/A/CoreDisplay
0x00007fff45dbc000 	/System/Library/Frameworks/MetalPerformanceShaders.framework/Versions/A/MetalPerformanceShaders
0x00007fff3d402000 	/System/Library/Frameworks/Accelerate.framework/Versions/A/Frameworks/vImage.framework/Versions/A/vImage
0x00007fff3e47c000 	/System/Library/Frameworks/Accelerate.framework/Versions/A/Frameworks/vecLib.framework/Versions/A/vecLib
0x00007fff3e3c8000 	/System/Library/Frameworks/Accelerate.framework/Versions/A/Frameworks/vecLib.framework/Versions/A/libvMisc.dylib
0x00007fff3e1e0000 	/System/Library/Frameworks/Accelerate.framework/Versions/A/Frameworks/vecLib.framework/Versions/A/libvDSP.dylib
0x00007fff3da9c000 	/System/Library/Frameworks/Accelerate.framework/Versions/A/Frameworks/vecLib.framework/Versions/A/libBLAS.dylib
0x00007fff3dd89000 	/System/Library/Frameworks/Accelerate.framework/Versions/A/Frameworks/vecLib.framework/Versions/A/libLAPACK.dylib
0x00007fff3e133000 	/System/Library/Frameworks/Accelerate.framework/Versions/A/Frameworks/vecLib.framework/Versions/A/libLinearAlgebra.dylib
0x00007fff3e1cc000 	/System/Library/Frameworks/Accelerate.framework/Versions/A/Frameworks/vecLib.framework/Versions/A/libSparseBLAS.dylib
0x00007fff3e149000 	/System/Library/Frameworks/Accelerate.framework/Versions/A/Frameworks/vecLib.framework/Versions/A/libQuadrature.dylib
0x00007fff3dd16000 	/System/Library/Frameworks/Accelerate.framework/Versions/A/Frameworks/vecLib.framework/Versions/A/libBNNS.dylib
0x00007fff3e14f000 	/System/Library/Frameworks/Accelerate.framework/Versions/A/Frameworks/vecLib.framework/Versions/A/libSparse.dylib
0x00007fff5c4e7000 	/System/Library/PrivateFrameworks/GPUWrangler.framework/Versions/A/GPUWrangler
0x00007fff5e7ab000 	/System/Library/PrivateFrameworks/IOAccelerator.framework/Versions/A/IOAccelerator
0x00007fff5e7b6000 	/System/Library/PrivateFrameworks/IOPresentment.framework/Versions/A/IOPresentment
0x00007fff55f7d000 	/System/Library/PrivateFrameworks/DSExternalDisplay.framework/Versions/A/DSExternalDisplay
0x00007fff4a030000 	/System/Library/Frameworks/OpenGL.framework/Versions/A/Libraries/libCoreFSCache.dylib
0x00007fff45bb0000 	/System/Library/Frameworks/MetalPerformanceShaders.framework/Frameworks/MPSCore.framework/Versions/A/MPSCore
0x00007fff45bd0000 	/System/Library/Frameworks/MetalPerformanceShaders.framework/Frameworks/MPSImage.framework/Versions/A/MPSImage
0x00007fff45c75000 	/System/Library/Frameworks/MetalPerformanceShaders.framework/Frameworks/MPSNeuralNetwork.framework/Versions/A/MPSNeuralNetwork
0x00007fff45c4d000 	/System/Library/Frameworks/MetalPerformanceShaders.framework/Frameworks/MPSMatrix.framework/Versions/A/MPSMatrix
0x00007fff45da1000 	/System/Library/Frameworks/MetalPerformanceShaders.framework/Frameworks/MPSRayIntersector.framework/Versions/A/MPSRayIntersector
0x00007fff5fc9e000 	/System/Library/PrivateFrameworks/MetalTools.framework/Versions/A/MetalTools
0x00007fff50af2000 	/System/Library/PrivateFrameworks/AggregateDictionary.framework/Versions/A/AggregateDictionary
0x00007fff6a090000 	/usr/lib/libMobileGestalt.dylib
0x00007fff42d05000 	/System/Library/Frameworks/CoreVideo.framework/Versions/A/CoreVideo
0x00007fff5d2f1000 	/System/Library/PrivateFrameworks/GraphVisualizer.framework/Versions/A/GraphVisualizer
0x00007fff57177000 	/System/Library/PrivateFrameworks/FaceCore.framework/Versions/A/FaceCore
0x00007fff4965e000 	/System/Library/Frameworks/OpenCL.framework/Versions/A/OpenCL
0x00007fff69de8000 	/usr/lib/libFosl_dynamic.dylib
0x00007fff60a47000 	/System/Library/PrivateFrameworks/OTSVG.framework/Versions/A/OTSVG
0x00007fff3f52a000 	/System/Library/Frameworks/ApplicationServices.framework/Versions/A/Frameworks/ATS.framework/Versions/A/Resources/libFontParser.dylib
0x00007fff3f642000 	/System/Library/Frameworks/ApplicationServices.framework/Versions/A/Frameworks/ATS.framework/Versions/A/Resources/libFontRegistry.dylib
0x00007fff43c03000 	/System/Library/Frameworks/ImageIO.framework/Versions/A/Resources/libJPEG.dylib
0x00007fff43f15000 	/System/Library/Frameworks/ImageIO.framework/Versions/A/Resources/libTIFF.dylib
0x00007fff43eeb000 	/System/Library/Frameworks/ImageIO.framework/Versions/A/Resources/libPng.dylib
0x00007fff43b21000 	/System/Library/Frameworks/ImageIO.framework/Versions/A/Resources/libGIF.dylib
0x00007fff43b26000 	/System/Library/Frameworks/ImageIO.framework/Versions/A/Resources/libJP2.dylib
0x00007fff43f12000 	/System/Library/Frameworks/ImageIO.framework/Versions/A/Resources/libRadiance.dylib
0x00007fff51546000 	/System/Library/PrivateFrameworks/AppleJPEG.framework/Versions/A/AppleJPEG
0x00007fff4a03b000 	/System/Library/Frameworks/OpenGL.framework/Versions/A/Libraries/libGFXShared.dylib
0x00007fff4a1fe000 	/System/Library/Frameworks/OpenGL.framework/Versions/A/Libraries/libGLU.dylib
0x00007fff4a044000 	/System/Library/Frameworks/OpenGL.framework/Versions/A/Libraries/libGL.dylib
0x00007fff4a050000 	/System/Library/Frameworks/OpenGL.framework/Versions/A/Libraries/libGLImage.dylib
0x00007fff4a02d000 	/System/Library/Frameworks/OpenGL.framework/Versions/A/Libraries/libCVMSPluginSupport.dylib
0x00007fff4a036000 	/System/Library/Frameworks/OpenGL.framework/Versions/A/Libraries/libCoreVMClient.dylib
0x00007fff6adc5000 	/usr/lib/libcups.2.dylib
0x00007fff450d8000 	/System/Library/Frameworks/Kerberos.framework/Versions/A/Kerberos
0x00007fff43608000 	/System/Library/Frameworks/GSS.framework/Versions/A/GSS
0x00007fff6c4d5000 	/usr/lib/libresolv.9.dylib
0x00007fff6afb7000 	/usr/lib/libiconv.2.dylib
0x00007fff5d44d000 	/System/Library/PrivateFrameworks/Heimdal.framework/Versions/A/Heimdal
0x00007fff6af87000 	/usr/lib/libheimdal-asn1.dylib
0x00007fff496d2000 	/System/Library/Frameworks/OpenDirectory.framework/Versions/A/OpenDirectory
0x00007fff53f13000 	/System/Library/PrivateFrameworks/CommonAuth.framework/Versions/A/CommonAuth
0x00007fff496b6000 	/System/Library/Frameworks/OpenDirectory.framework/Versions/A/Frameworks/CFOpenDirectory.framework/Versions/A/CFOpenDirectory
0x00007fff4c771000 	/System/Library/Frameworks/SecurityFoundation.framework/Versions/A/SecurityFoundation
0x00007fff5004d000 	/System/Library/PrivateFrameworks/APFS.framework/Versions/A/APFS
0x00007fff6c99d000 	/usr/lib/libutil.dylib
0x00007fff6a49c000 	/usr/lib/libcharset.1.dylib
0x00007fff517e3000 	/System/Library/PrivateFrameworks/AppleSauce.framework/Versions/A/AppleSauce
0x00007fff51964000 	/System/Library/PrivateFrameworks/AssertionServices.framework/Versions/A/AssertionServices
0x00007fff52241000 	/System/Library/PrivateFrameworks/BaseBoard.framework/Versions/A/BaseBoard
0x00007fff6b387000 	/usr/lib/libmecab.1.0.0.dylib
0x00007fff6af81000 	/usr/lib/libgermantok.dylib
0x00007fff6a26c000 	/usr/lib/libThaiTokenizer.dylib
0x00007fff69d18000 	/usr/lib/libChineseTokenizer.dylib
0x00007fff5ee62000 	/System/Library/PrivateFrameworks/LanguageModeling.framework/Versions/A/LanguageModeling
0x00007fff54bf2000 	/System/Library/PrivateFrameworks/CoreEmoji.framework/Versions/A/CoreEmoji
0x00007fff5ef3e000 	/System/Library/PrivateFrameworks/Lexicon.framework/Versions/A/Lexicon
0x00007fff5ef81000 	/System/Library/PrivateFrameworks/LinguisticData.framework/Versions/A/LinguisticData
0x00007fff6a49d000 	/usr/lib/libcmph.dylib
0x00007fff4c82f000 	/System/Library/Frameworks/ServiceManagement.framework/Versions/A/ServiceManagement
0x00007fff521a2000 	/System/Library/PrivateFrameworks/BackgroundTaskManagement.framework/Versions/A/BackgroundTaskManagement
0x00007fff6ca96000 	/usr/lib/libxslt.1.dylib
0x00007fff40595000 	/System/Library/Frameworks/Carbon.framework/Versions/A/Frameworks/Ink.framework/Versions/A/Ink
0x00007fff67dad000 	/System/Library/PrivateFrameworks/TextureIO.framework/Versions/A/TextureIO
0x00007fff6a2c0000 	/usr/lib/libate.dylib
0x00007fff55ecd000 	/System/Library/PrivateFrameworks/CrashReporterSupport.framework/Versions/A/CrashReporterSupport
0x00007fff6555f000 	/System/Library/PrivateFrameworks/Sharing.framework/Versions/A/Sharing
0x00007fff51d43000 	/System/Library/PrivateFrameworks/AuthKit.framework/Versions/A/AuthKit
0x00007fff510ed000 	/System/Library/PrivateFrameworks/Apple80211.framework/Versions/A/Apple80211
0x00007fff55c79000 	/System/Library/PrivateFrameworks/CoreUtils.framework/Versions/A/CoreUtils
0x00007fff42d43000 	/System/Library/Frameworks/CoreWLAN.framework/Versions/A/CoreWLAN
0x00007fff43737000 	/System/Library/Frameworks/IOBluetooth.framework/Versions/A/IOBluetooth
0x00007fff639eb000 	/System/Library/PrivateFrameworks/ProtocolBuffer.framework/Versions/A/ProtocolBuffer
0x00007fff5fed4000 	/System/Library/PrivateFrameworks/MobileKeyBag.framework/Versions/A/MobileKeyBag
0x00007fff554bf000 	/System/Library/PrivateFrameworks/CorePhoneNumbers.framework/Versions/A/CorePhoneNumbers
0x00007fff514fa000 	/System/Library/PrivateFrameworks/AppleIDAuthSupport.framework/Versions/A/AppleIDAuthSupport
0x00007fff5ee35000 	/System/Library/PrivateFrameworks/KeychainCircle.framework/Versions/A/KeychainCircle
0x00007fff63ba1000 	/System/Library/PrivateFrameworks/ROCKit.framework/Versions/A/ROCKit
0x00007fff55e69000 	/System/Library/PrivateFrameworks/CoreWiFi.framework/Versions/A/CoreWiFi
0x00007fff40ae0000 	/System/Library/Frameworks/CoreBluetooth.framework/Versions/A/CoreBluetooth
0x00007fff560c3000 	/System/Library/PrivateFrameworks/DebugSymbols.framework/Versions/A/DebugSymbols
0x00007fff55a3a000 	/System/Library/PrivateFrameworks/CoreSymbolication.framework/Versions/A/CoreSymbolication
0x00007fff675c9000 	/System/Library/PrivateFrameworks/Symbolication.framework/Versions/A/Symbolication
0x00007fff66e6c000 	/System/Library/PrivateFrameworks/SpeechRecognitionCore.framework/Versions/A/SpeechRecognitionCore
0x00007fff35a27000 	/System/Library/CoreServices/Encodings/libSimplifiedChineseConverter.dylib
0x000000010b800000 	/Library/Java/JavaVirtualMachines/jdk1.8.0_221.jdk/Contents/Home/jre/lib/server/libjvm.dylib
0x00007fff6c86e000 	/usr/lib/libstdc++.6.dylib
0x000000010a638000 	/Library/Java/JavaVirtualMachines/jdk1.8.0_221.jdk/Contents/Home/jre/lib/libverify.dylib
0x000000010a646000 	/Library/Java/JavaVirtualMachines/jdk1.8.0_221.jdk/Contents/Home/jre/lib/libjava.dylib
0x000000010a6c6000 	/Library/Java/JavaVirtualMachines/jdk1.8.0_221.jdk/Contents/Home/jre/lib/libzip.dylib
0x00000001278af000 	/Library/Java/JavaVirtualMachines/jdk1.8.0_221.jdk/Contents/Home/jre/lib/libawt.dylib
0x0000000127958000 	/Library/Java/JavaVirtualMachines/jdk1.8.0_221.jdk/Contents/Home/jre/lib/./libmlib_image.dylib
0x00007fff450c1000 	/System/Library/Frameworks/JavaVM.framework/Versions/A/Frameworks/JavaNativeFoundation.framework/Versions/A/JavaNativeFoundation
0x00007fff450ca000 	/System/Library/Frameworks/JavaVM.framework/Versions/A/Frameworks/JavaRuntimeSupport.framework/Versions/A/JavaRuntimeSupport
0x00007fff450d3000 	/System/Library/Frameworks/JavaVM.framework/Versions/A/JavaVM
0x00007fff5ed54000 	/System/Library/PrivateFrameworks/JavaLaunching.framework/Versions/A/JavaLaunching
0x00007fff4028f000 	/System/Library/Frameworks/Carbon.framework/Versions/A/Carbon
0x00007fff40290000 	/System/Library/Frameworks/Carbon.framework/Versions/A/Frameworks/CommonPanels.framework/Versions/A/CommonPanels
0x00007fff4058b000 	/System/Library/Frameworks/Carbon.framework/Versions/A/Frameworks/Help.framework/Versions/A/Help
0x00007fff4058f000 	/System/Library/Frameworks/Carbon.framework/Versions/A/Frameworks/ImageCapture.framework/Versions/A/ImageCapture
0x00007fff4062b000 	/System/Library/Frameworks/Carbon.framework/Versions/A/Frameworks/OpenScripting.framework/Versions/A/OpenScripting
0x00007fff40663000 	/System/Library/Frameworks/Carbon.framework/Versions/A/Frameworks/Print.framework/Versions/A/Print
0x00007fff40665000 	/System/Library/Frameworks/Carbon.framework/Versions/A/Frameworks/SecurityHI.framework/Versions/A/SecurityHI
0x0000000127a24000 	/Library/Java/JavaVirtualMachines/jdk1.8.0_221.jdk/Contents/Home/jre/lib/libawt_lwawt.dylib
0x0000000127adf000 	/Library/Java/JavaVirtualMachines/jdk1.8.0_221.jdk/Contents/Home/jre/lib/./libosxapp.dylib
0x00007fff431c5000 	/System/Library/Frameworks/ExceptionHandling.framework/Versions/A/ExceptionHandling
0x00007fff55643000 	/System/Library/PrivateFrameworks/CoreServicesInternal.framework/Versions/A/CoreServicesInternal
0x00007fff35a62000 	/System/Library/CoreServices/RawCamera.bundle/Contents/MacOS/RawCamera
0x00007fff5fd3d000 	/System/Library/PrivateFrameworks/MobileAsset.framework/Versions/A/MobileAsset
0x00007fff67517000 	/System/Library/PrivateFrameworks/StreamingZip.framework/Versions/A/StreamingZip
0x00007fff45463000 	/System/Library/Frameworks/MediaToolbox.framework/Versions/A/MediaToolbox
0x00007fff54799000 	/System/Library/PrivateFrameworks/CoreAVCHD.framework/Versions/A/CoreAVCHD
0x00007fff453aa000 	/System/Library/Frameworks/MediaAccessibility.framework/Versions/A/MediaAccessibility
0x00007fff5f7a3000 	/System/Library/PrivateFrameworks/Mangrove.framework/Versions/A/Mangrove
0x00007fff4206b000 	/System/Library/Frameworks/CoreMedia.framework/Versions/A/CoreMedia
0x00007fff4ce8e000 	/System/Library/Frameworks/VideoToolbox.framework/Versions/A/VideoToolbox
0x00007fff543b5000 	/System/Library/PrivateFrameworks/CoreAUC.framework/Versions/A/CoreAUC
0x00007fff6c53e000 	/usr/lib/libspindump.dylib
0x00007fff518c9000 	/System/Library/PrivateFrameworks/AppleVA.framework/Versions/A/AppleVA
0x00007fff3d3eb000 	/System/Library/Frameworks/Accelerate.framework/Versions/A/Frameworks/vImage.framework/Versions/A/Libraries/libCGInterfaces.dylib
0x00007fff3f6de000 	/System/Library/Frameworks/ApplicationServices.framework/Versions/A/Frameworks/ATS.framework/Versions/A/Resources/libTrueTypeScaler.dylib
0x00007fff39749000 	/System/Library/Extensions/AppleIntelHD5000GraphicsMTLDriver.bundle/Contents/MacOS/AppleIntelHD5000GraphicsMTLDriver
0x00007fff5ae46000 	/System/Library/PrivateFrameworks/GPUCompiler.framework/Versions/3902/Libraries/libmetal_timestamp.dylib
0x00007fff5759c000 	/System/Library/PrivateFrameworks/FamilyControls.framework/Versions/A/FamilyControls
0x00007fff53f06000 	/System/Library/PrivateFrameworks/CommerceKit.framework/Versions/A/Frameworks/CommerceCore.framework/Versions/A/CommerceCore
0x00007fff6789c000 	/System/Library/PrivateFrameworks/SystemAdministration.framework/Versions/A/SystemAdministration
0x00007fff50fee000 	/System/Library/PrivateFrameworks/AppContainer.framework/Versions/A/AppContainer
0x00007fff5100a000 	/System/Library/PrivateFrameworks/AppSandbox.framework/Versions/A/AppSandbox
0x00007fff65400000 	/System/Library/PrivateFrameworks/SecCodeWrapper.framework/Versions/A/SecCodeWrapper
0x00007fff6c4ef000 	/usr/lib/libsandbox.1.dylib
0x00007fff6a05f000 	/usr/lib/libMatch.1.dylib
0x00007fff56448000 	/System/Library/PrivateFrameworks/DiskManagement.framework/Versions/A/DiskManagement
0x00007fff42f48000 	/System/Library/Frameworks/DirectoryService.framework/Versions/A/DirectoryService
0x00007fff56379000 	/System/Library/PrivateFrameworks/DiskImages.framework/Versions/A/DiskImages
0x00007fff5f07a000 	/System/Library/PrivateFrameworks/LoginUIKit.framework/Versions/A/Frameworks/LoginUICore.framework/Versions/A/LoginUICore
0x00007fff69d23000 	/usr/lib/libCoreStorage.dylib
0x00007fff6adb2000 	/usr/lib/libcsfde.dylib
0x00007fff6c36f000 	/usr/lib/libodfde.dylib
0x00007fff5f8bb000 	/System/Library/PrivateFrameworks/MediaKit.framework/Versions/A/MediaKit
0x00007fff42f54000 	/System/Library/Frameworks/DiscRecording.framework/Versions/A/DiscRecording
0x00007fff565b8000 	/System/Library/PrivateFrameworks/EFILogin.framework/Versions/A/EFILogin
0x00007fff63996000 	/System/Library/PrivateFrameworks/ProtectedCloudStorage.framework/Versions/A/ProtectedCloudStorage
0x00007fff6ae44000 	/usr/lib/libcurl.4.dylib
0x00007fff6ac1a000 	/usr/lib/libcrypto.42.dylib
0x00007fff6c820000 	/usr/lib/libssl.44.dylib
0x00007fff450f2000 	/System/Library/Frameworks/LDAP.framework/Versions/A/LDAP
0x00007fff67f2b000 	/System/Library/PrivateFrameworks/TrustEvaluationAgent.framework/Versions/A/TrustEvaluationAgent
0x00007fff6c52b000 	/usr/lib/libsasl2.2.dylib
0x00007fff549ef000 	/System/Library/PrivateFrameworks/CoreDaemon.framework/Versions/B/CoreDaemon
0x00007fff517de000 	/System/Library/PrivateFrameworks/AppleSRP.framework/Versions/A/AppleSRP
0x00007fff68d64000 	/System/Library/PrivateFrameworks/ViewBridge.framework/Versions/A/ViewBridge
0x00007fff4abe9000 	/System/Library/Frameworks/OpenGL.framework/Versions/A/Resources/GLEngine.bundle/GLEngine
0x00007fff4a08b000 	/System/Library/Frameworks/OpenGL.framework/Versions/A/Libraries/libGLProgrammability.dylib
0x00007fff39236000 	/System/Library/Extensions/AppleIntelHD5000GraphicsGLDriver.bundle/Contents/MacOS/AppleIntelHD5000GraphicsGLDriver
0x00007fff5c4db000 	/System/Library/PrivateFrameworks/GPUSupport.framework/Versions/A/Libraries/libGPUSupportMercury.dylib
0x00007fff4ad7f000 	/System/Library/Frameworks/OpenGL.framework/Versions/A/Resources/GLRendererFloat.bundle/GLRendererFloat
0x00007fff49655000 	/System/Library/Frameworks/OpenCL.framework/Versions/A/Libraries/libcldcpuengine.dylib
0x00007fff6a8f1000 	/usr/lib/libcrypto.35.dylib
0x000000012c2d9000 	/Library/Java/JavaVirtualMachines/jdk1.8.0_221.jdk/Contents/Home/jre/lib/libfontmanager.dylib
0x000000012c341000 	/usr/lib/libobjc-trampolines.dylib
0x000000012a896000 	/Library/Java/JavaVirtualMachines/jdk1.8.0_221.jdk/Contents/Home/jre/lib/libosxui.dylib
0x000000012b6a7000 	/Library/Java/JavaVirtualMachines/jdk1.8.0_221.jdk/Contents/Home/jre/lib/libnet.dylib
0x000000012b26d000 	/Library/Java/JavaVirtualMachines/jdk1.8.0_221.jdk/Contents/Home/jre/lib/libnio.dylib
0x000000012a776000 	/private/var/folders/f9/243wz9113nbdwbw_9420f4v00000gn/T/jogamp_0000/file_cache/jln4108664068851190384/jln1116091824609701199/libgluegen-rt.jnilib
0x000000012a77a000 	/private/var/folders/f9/243wz9113nbdwbw_9420f4v00000gn/T/jogamp_0000/file_cache/jln4108664068851190384/jln1116091824609701199/libnativewindow_awt.jnilib
0x000000012a77d000 	/Library/Java/JavaVirtualMachines/jdk1.8.0_221.jdk/Contents/Home/jre/lib/libjawt.dylib
0x000000012a780000 	/private/var/folders/f9/243wz9113nbdwbw_9420f4v00000gn/T/jogamp_0000/file_cache/jln4108664068851190384/jln1116091824609701199/libnativewindow_macosx.jnilib
0x0000000199ddb000 	/private/var/folders/f9/243wz9113nbdwbw_9420f4v00000gn/T/jogamp_0000/file_cache/jln4108664068851190384/jln1116091824609701199/libjogl_desktop.jnilib
0x00000001a1368000 	/Library/Java/JavaVirtualMachines/jdk1.8.0_221.jdk/Contents/Home/jre/lib/libt2k.dylib

VM Arguments:
jvm_args: -Djava.security.policy=java.policy.applet -Dfile.encoding=UTF-8 
java_command: sun.applet.AppletViewer module4.EarthquakeCityMap1564447103948.html
java_class_path (initial): /Users/liuyiman/eclipse-workspace/UCSDUnfoldingMaps/build:/Users/liuyiman/eclipse-workspace/UCSDUnfoldingMaps/lib/core.jar:/Users/liuyiman/eclipse-workspace/UCSDUnfoldingMaps/lib/gluegen-rt.jar:/Users/liuyiman/eclipse-workspace/UCSDUnfoldingMaps/lib/jogl-all.jar:/Users/liuyiman/eclipse-workspace/UCSDUnfoldingMaps/lib/log4j-1.2.15.jar:/Users/liuyiman/eclipse-workspace/UCSDUnfoldingMaps/lib/sqlite-jdbc-3.7.2.jar:/Users/liuyiman/eclipse-workspace/UCSDUnfoldingMaps/lib/json4processing.jar:/Users/liuyiman/eclipse-workspace/UCSDUnfoldingMaps/lib/libTUIO.jar:/Users/liuyiman/eclipse-workspace/UCSDUnfoldingMaps/lib/unfolding.0.9.7-uscd.jar
Launcher Type: SUN_STANDARD

Environment Variables:
PATH=/usr/bin:/bin:/usr/sbin:/sbin
SHELL=/bin/bash

Signal Handlers:
SIGSEGV: [libjvm.dylib+0x5b71a7], sa_mask[0]=11111111011111110111111111111111, sa_flags=SA_ONSTACK|SA_RESTART|SA_SIGINFO
SIGBUS: [libjvm.dylib+0x5b71a7], sa_mask[0]=11111111011111110111111111111111, sa_flags=SA_RESTART|SA_SIGINFO
SIGFPE: [libjvm.dylib+0x48c8fc], sa_mask[0]=11111111011111110111111111111111, sa_flags=SA_RESTART|SA_SIGINFO
SIGPIPE: [libjvm.dylib+0x48c8fc], sa_mask[0]=11111111011111110111111111111111, sa_flags=SA_RESTART|SA_SIGINFO
SIGXFSZ: [libjvm.dylib+0x48c8fc], sa_mask[0]=11111111011111110111111111111111, sa_flags=SA_RESTART|SA_SIGINFO
SIGILL: [libjvm.dylib+0x48c8fc], sa_mask[0]=11111111011111110111111111111111, sa_flags=SA_RESTART|SA_SIGINFO
SIGUSR1: SIG_DFL, sa_mask[0]=00000000000000000000000000000000, sa_flags=none
SIGUSR2: [libjvm.dylib+0x48c41a], sa_mask[0]=00100000000000000000000000000000, sa_flags=SA_RESTART|SA_SIGINFO
SIGHUP: [libjvm.dylib+0x48a9a5], sa_mask[0]=11111111011111110111111111111111, sa_flags=SA_RESTART|SA_SIGINFO
SIGINT: [libjvm.dylib+0x48a9a5], sa_mask[0]=11111111011111110111111111111111, sa_flags=SA_RESTART|SA_SIGINFO
SIGTERM: [libjvm.dylib+0x48a9a5], sa_mask[0]=11111111011111110111111111111111, sa_flags=SA_RESTART|SA_SIGINFO
SIGQUIT: [libjvm.dylib+0x48a9a5], sa_mask[0]=11111111011111110111111111111111, sa_flags=SA_RESTART|SA_SIGINFO


---------------  S Y S T E M  ---------------

OS:Bsduname:Darwin 18.5.0 Darwin Kernel Version 18.5.0: Mon Mar 11 20:40:32 PDT 2019; root:xnu-4903.251.3~3/RELEASE_X86_64 x86_64
rlimit: STACK 8192k, CORE 0k, NPROC 1418, NOFILE 10240, AS infinity
load average:2.23 2.16 1.92

CPU:total 8 (initial active 8) (4 cores per cpu, 2 threads per core) family 6 model 70 stepping 1, cmov, cx8, fxsr, mmx, sse, sse2, sse3, ssse3, sse4.1, sse4.2, popcnt, avx, avx2, aes, clmul, erms, lzcnt, ht, tsc, tscinvbit, bmi1, bmi2

Memory: 4k page, physical 16777216k(3279860k free)

/proc/meminfo:


vm_info: Java HotSpot(TM) 64-Bit Server VM (25.221-b11) for bsd-amd64 JRE (1.8.0_221-b11), built on Jul  4 2019 04:36:22 by "java_re" with gcc 4.2.1 (Based on Apple Inc. build 5658) (LLVM build 2336.11.00)

time: Mon Jul 29 17:38:33 2019
timezone: PDT
elapsed time: 9 seconds (0d 0h 0m 9s)

