#
# A fatal error has been detected by the Java Runtime Environment:
#
#  SIGSEGV (0xb) at pc=0x00007fff63b4f69d, pid=14994, tid=0x0000000000000307
#
# JRE version: Java(TM) SE Runtime Environment (8.0_221-b11) (build 1.8.0_221-b11)
# Java VM: Java HotSpot(TM) 64-Bit Server VM (25.221-b11 mixed mode bsd-amd64 compressed oops)
# Problematic frame:
# C  [libobjc.A.dylib+0x669d]  objc_msgSend+0x1d
#
# Failed to write core dump. Core dumps have been disabled. To enable core dumping, try "ulimit -c unlimited" before starting Java again
#
# If you would like to submit a bug report, please visit:
#   http://bugreport.java.com/bugreport/crash.jsp
# The crash happened outside the Java Virtual Machine in native code.
# See problematic frame for where to report the bug.
#

---------------  T H R E A D  ---------------

Current thread (0x00007ff8c61b2800):  JavaThread "AWT-AppKit" daemon [_thread_in_native, id=775, stack(0x00007ffeea286000,0x00007ffeeaa86000)]

siginfo: si_signo: 11 (SIGSEGV), si_code: 1 (SEGV_MAPERR), si_addr: 0x0000000000000018

Registers:
RAX=0x00007ff8c9f09680, RBX=0x0000000125352450, RCX=0x0000000000000001, RDX=0x0000000000000000
RSP=0x00007ffeeaa811e8, RBP=0x00007ffeeaa812a0, RSI=0x00007fff37125403, RDI=0x00007ff8c9f08040
R8 =0x000000008c5f0110, R9 =0x00000000fffeffff, R10=0x0000000000000000, R11=0x00007fff37125403
R12=0x0000000000000000, R13=0x0000000194cb5b98, R14=0x0000000125352440, R15=0x00007ff8c61b2800
RIP=0x00007fff63b4f69d, EFLAGS=0x0000000000010246, ERR=0x0000000000000004
  TRAPNO=0x000000000000000e

Top of Stack: (sp=0x00007ffeeaa811e8)
0x00007ffeeaa811e8:   0000000125350157 00007ffeeaa81240
0x00007ffeeaa811f8:   0000000000000003 00007ffeeaa81220
0x00007ffeeaa81208:   0000000106c9e942 0000000194cb5b98
0x00007ffeeaa81218:   0000000194cb5b98 00007ff8c9f09680
0x00007ffeeaa81228:   00000001253526a0 0000000125352710
0x00007ffeeaa81238:   00007fff90dcb848 00007fff9248efc8
0x00007ffeeaa81248:   0000000125352450 0000000125352690
0x00007ffeeaa81258:   00007ff8c9f09680 00007ff8c9f08040
0x00007ffeeaa81268:   00007ff8c4436950 00007ff8c9f09680
0x00007ffeeaa81278:   00007ff8c9f08040 00007ffeeaa81328
0x00007ffeeaa81288:   00007ff8c61b29f8 0000000194cb5b98
0x00007ffeeaa81298:   00007ffeeaa81350 00007ffeeaa81318
0x00007ffeeaa812a8:   0000000107b2c667 0000000194cb5b98
0x00007ffeeaa812b8:   00007ffeeaa81350 00007ffeeaa81318
0x00007ffeeaa812c8:   0000000107b2c3c7 0000000107b2c382
0x00007ffeeaa812d8:   00007ffeeaa812d8 0000000194cb5b98
0x00007ffeeaa812e8:   00007ffeeaa81350 0000000194cd9028
0x00007ffeeaa812f8:   0000000000000000 0000000194cb5b98
0x00007ffeeaa81308:   0000000000000000 00007ffeeaa81338
0x00007ffeeaa81318:   00007ffeeaa81398 0000000107b1c2bd
0x00007ffeeaa81328:   00000006c0782080 0000000107b25d18
0x00007ffeeaa81338:   00007ff8c9f09680 00007ffeeaa81398
0x00007ffeeaa81348:   00007ff8c9f08040 0000000107b27782
0x00007ffeeaa81358:   00007ffeeaa81358 0000000194cb5d62
0x00007ffeeaa81368:   00007ffeeaa813c0 0000000194cd9028
0x00007ffeeaa81378:   0000000000000000 0000000194cb5d70
0x00007ffeeaa81388:   00007ffeeaa81338 00007ffeeaa813a8
0x00007ffeeaa81398:   00007ffeeaa81408 0000000107b1c2bd
0x00007ffeeaa813a8:   00007ff8c9f09680 00000006c0fec0a8
0x00007ffeeaa813b8:   00007ff8c9f08040 00000006c0fec0a8
0x00007ffeeaa813c8:   00007ffeeaa813c8 000000019e0539c6
0x00007ffeeaa813d8:   00007ffeeaa81418 000000019e053a80 

Instructions: (pc=0x00007fff63b4f69d)
0x00007fff63b4f67d:   0f 1f 00 48 85 ff 2e 74 62 40 f6 c7 01 2e 75 66
0x00007fff63b4f68d:   49 ba f8 ff ff ff ff 7f 00 00 4c 23 17 49 89 f3
0x00007fff63b4f69d:   45 23 5a 18 49 c1 e3 04 4d 03 5a 10 49 3b 33 75
0x00007fff63b4f6ad:   04 41 ff 63 08 49 83 3b 01 76 0d 49 83 c3 10 49 

Register to memory mapping:

RAX=0x00007ff8c9f09680 is an unknown value
RBX=0x0000000125352450: Java_jogamp_nativewindow_macosx_OSXUtil_GetScreenRefreshRate0+0x1cf0 in /private/var/folders/f9/243wz9113nbdwbw_9420f4v00000gn/T/jogamp_0000/file_cache/jln2262171745521510463/jln3562824552032112501/libnativewindow_macosx.jnilib at 0x000000012534b000
RCX=0x0000000000000001 is an unknown value
RDX=0x0000000000000000 is an unknown value
RSP=0x00007ffeeaa811e8 is pointing into the stack for thread: 0x00007ff8c61b2800
RBP=0x00007ffeeaa812a0 is pointing into the stack for thread: 0x00007ff8c61b2800
RSI=0x00007fff37125403: GCC_except_table7+0x9e8f in /System/Library/Frameworks/AppKit.framework/Versions/C/AppKit at 0x00007fff3657e000
RDI=0x00007ff8c9f08040 is an unknown value
R8 =0x000000008c5f0110 is an unknown value
R9 =0x00000000fffeffff is an unknown value
R10=0x0000000000000000 is an unknown value
R11=0x00007fff37125403: GCC_except_table7+0x9e8f in /System/Library/Frameworks/AppKit.framework/Versions/C/AppKit at 0x00007fff3657e000
R12=0x0000000000000000 is an unknown value
R13={method} {0x0000000194cb5b98} 'UnsetJAWTRootSurfaceLayer0' '(JJ)V' in 'jogamp/nativewindow/jawt/macosx/MacOSXJAWTWindow'
R14=0x0000000125352440: Java_jogamp_nativewindow_macosx_OSXUtil_GetScreenRefreshRate0+0x1ce0 in /private/var/folders/f9/243wz9113nbdwbw_9420f4v00000gn/T/jogamp_0000/file_cache/jln2262171745521510463/jln3562824552032112501/libnativewindow_macosx.jnilib at 0x000000012534b000
R15=0x00007ff8c61b2800 is a thread


Stack: [0x00007ffeea286000,0x00007ffeeaa86000],  sp=0x00007ffeeaa811e8,  free space=8172k
Native frames: (J=compiled Java code, j=interpreted, Vv=VM code, C=native code)
C  [libobjc.A.dylib+0x669d]  objc_msgSend+0x1d
j  jogamp.nativewindow.jawt.macosx.MacOSXJAWTWindow.UnsetJAWTRootSurfaceLayer0(JJ)V+0
j  jogamp.nativewindow.jawt.macosx.MacOSXJAWTWindow.access$200(JJ)V+2
j  jogamp.nativewindow.jawt.macosx.MacOSXJAWTWindow$1.run()V+38
J 2702 C1 com.jogamp.common.util.RunnableTask.run()V (345 bytes) @ 0x0000000108033b34 [0x00000001080339a0+0x194]
v  ~StubRoutines::call_stub
V  [libjvm.dylib+0x2f0d1e]  JavaCalls::call_helper(JavaValue*, methodHandle*, JavaCallArguments*, Thread*)+0x6ae
V  [libjvm.dylib+0x32805c]  jni_invoke_nonstatic(JNIEnv_*, JavaValue*, _jobject*, JNICallType, _jmethodID*, JNI_ArgumentPusher*, Thread*)+0x2ec
V  [libjvm.dylib+0x31a83f]  jni_CallVoidMethod+0x16b
C  [libnativewindow_macosx.jnilib+0x5326]  Java_jogamp_nativewindow_jawt_macosx_MacOSXJAWTWindow_UnsetJAWTRootSurfaceLayer0+0x2b6
C  [Foundation+0xb0972]  __NSThreadPerformPerform+0x148
C  [CoreFoundation+0x575e3]  __CFRUNLOOP_IS_CALLING_OUT_TO_A_SOURCE0_PERFORM_FUNCTION__+0x11
C  [CoreFoundation+0x57589]  __CFRunLoopDoSource0+0x6c
C  [CoreFoundation+0x3af93]  __CFRunLoopDoSources0+0x11b
C  [CoreFoundation+0x3a505]  __CFRunLoopRun+0x4a5
C  [CoreFoundation+0x39e0e]  CFRunLoopRunSpecific+0x1c7
C  [HIToolbox+0xa9db]  RunCurrentEventLoopInMode+0x124
C  [HIToolbox+0xa61d]  ReceiveNextEventCommon+0x163
C  [HIToolbox+0xa4a6]  _BlockUntilNextEventMatchingListInModeWithFilter+0x40
C  [AppKit+0x1affb]  _DPSNextEvent+0x3c5
C  [AppKit+0x19d93]  -[NSApplication(NSEvent) _nextEventMatchingEventMask:untilDate:inMode:dequeue:]+0x551
C  [libosxapp.dylib+0x2328]  -[NSApplicationAWT nextEventMatchingMask:untilDate:inMode:dequeue:]+0x7c
C  [AppKit+0x13eb0]  -[NSApplication run]+0x2bb
C  [libosxapp.dylib+0x1f72]  +[NSApplicationAWT runAWTLoopWithApp:]+0x9c
C  [libawt_lwawt.dylib+0x480bf]  -[AWTStarter starter:]+0x389
C  [Foundation+0xb0972]  __NSThreadPerformPerform+0x148
C  [CoreFoundation+0x575e3]  __CFRUNLOOP_IS_CALLING_OUT_TO_A_SOURCE0_PERFORM_FUNCTION__+0x11
C  [CoreFoundation+0x57589]  __CFRunLoopDoSource0+0x6c
C  [CoreFoundation+0x3af3b]  __CFRunLoopDoSources0+0xc3
C  [CoreFoundation+0x3a505]  __CFRunLoopRun+0x4a5
C  [CoreFoundation+0x39e0e]  CFRunLoopRunSpecific+0x1c7
C  [java+0x646e]  CreateExecutionEnvironment+0x367
C  [java+0x203c]  JLI_Launch+0x7a0
C  [java+0x84cb]  main+0x65
C  [java+0x1894]  start+0x34
C  0x0000000000000007

Java frames: (J=compiled Java code, j=interpreted, Vv=VM code)
j  jogamp.nativewindow.jawt.macosx.MacOSXJAWTWindow.UnsetJAWTRootSurfaceLayer0(JJ)V+0
j  jogamp.nativewindow.jawt.macosx.MacOSXJAWTWindow.access$200(JJ)V+2
j  jogamp.nativewindow.jawt.macosx.MacOSXJAWTWindow$1.run()V+38
J 2702 C1 com.jogamp.common.util.RunnableTask.run()V (345 bytes) @ 0x0000000108033b34 [0x00000001080339a0+0x194]
v  ~StubRoutines::call_stub

---------------  P R O C E S S  ---------------

Java Threads: ( => current thread )
  0x00007ff8cb942000 JavaThread "Thread-20" [_thread_blocked, id=58767, stack(0x000070000ce6a000,0x000070000cf6a000)]
  0x00007ff8c6a68800 JavaThread "AWT-EventQueue-1" [_thread_blocked, id=70435, stack(0x000070000d608000,0x000070000d708000)]
  0x00007ff8c787b000 JavaThread "DestroyJavaVM" [_thread_blocked, id=9475, stack(0x000070000b8a5000,0x000070000b9a5000)]
  0x00007ff8c884f800 JavaThread "AWT-EventQueue-0" [_thread_blocked, id=54535, stack(0x000070000d402000,0x000070000d502000)]
  0x00007ff8c48a7800 JavaThread "Java2D Disposer" daemon [_thread_blocked, id=50703, stack(0x000070000d179000,0x000070000d279000)]
  0x00007ff8c50c4800 JavaThread "Java2D Queue Flusher" daemon [_thread_blocked, id=50447, stack(0x000070000d076000,0x000070000d176000)]
  0x00007ff8c507d800 JavaThread "AWT-Shutdown" [_thread_blocked, id=27179, stack(0x000070000cbde000,0x000070000ccde000)]
=>0x00007ff8c61b2800 JavaThread "AWT-AppKit" daemon [_thread_in_native, id=775, stack(0x00007ffeea286000,0x00007ffeeaa86000)]
  0x00007ff8c6059800 JavaThread "Service Thread" daemon [_thread_blocked, id=15363, stack(0x000070000c9d8000,0x000070000cad8000)]
  0x00007ff8c603f000 JavaThread "C1 CompilerThread3" daemon [_thread_blocked, id=14339, stack(0x000070000c8d5000,0x000070000c9d5000)]
  0x00007ff8c6036000 JavaThread "C2 CompilerThread2" daemon [_thread_blocked, id=14083, stack(0x000070000c7d2000,0x000070000c8d2000)]
  0x00007ff8c6035800 JavaThread "C2 CompilerThread1" daemon [_thread_blocked, id=16387, stack(0x000070000c6cf000,0x000070000c7cf000)]
  0x00007ff8c502c000 JavaThread "C2 CompilerThread0" daemon [_thread_blocked, id=13827, stack(0x000070000c5cc000,0x000070000c6cc000)]
  0x00007ff8c502b800 JavaThread "Signal Dispatcher" daemon [_thread_blocked, id=17155, stack(0x000070000c4c9000,0x000070000c5c9000)]
  0x00007ff8c7002000 JavaThread "Finalizer" daemon [_thread_blocked, id=19203, stack(0x000070000c3c6000,0x000070000c4c6000)]
  0x00007ff8c682e000 JavaThread "Reference Handler" daemon [_thread_blocked, id=19459, stack(0x000070000c2c3000,0x000070000c3c3000)]

Other Threads:
  0x00007ff8c6827800 VMThread [stack: 0x000070000c1c0000,0x000070000c2c0000] [id=19715]
  0x00007ff8c6026800 WatcherThread [stack: 0x000070000cadb000,0x000070000cbdb000] [id=14851]

VM state:not at safepoint (normal execution)

VM Mutex/Monitor currently owned by a thread: None

heap address: 0x00000006c0000000, size: 4096 MB, Compressed Oops mode: Zero based, Oop shift amount: 3
Narrow klass base: 0x0000000000000000, Narrow klass shift: 3
Compressed class space size: 1073741824 Address: 0x00000007c0000000

Heap:
 PSYoungGen      total 76288K, used 51273K [0x000000076ab00000, 0x0000000773880000, 0x00000007c0000000)
  eden space 65536K, 61% used [0x000000076ab00000,0x000000076d2940e8,0x000000076eb00000)
  from space 10752K, 99% used [0x000000076eb00000,0x000000076f57e580,0x000000076f580000)
  to   space 10752K, 0% used [0x0000000772e00000,0x0000000772e00000,0x0000000773880000)
 ParOldGen       total 95232K, used 17461K [0x00000006c0000000, 0x00000006c5d00000, 0x000000076ab00000)
  object space 95232K, 18% used [0x00000006c0000000,0x00000006c110d600,0x00000006c5d00000)
 Metaspace       used 27628K, capacity 28013K, committed 28544K, reserved 1075200K
  class space    used 2209K, capacity 2314K, committed 2432K, reserved 1048576K

Card table byte_map: [0x0000000116b14000,0x0000000117315000] byte_map_base: 0x0000000113514000

Marking Bits: (ParMarkBitMap*) 0x0000000107456e40
 Begin Bits: [0x000000011786b000, 0x000000011b86b000)
 End Bits:   [0x000000011b86b000, 0x000000011f86b000)

Polling page: 0x00000001051f9000

CodeCache: size=245760Kb used=10452Kb max_used=10559Kb free=235307Kb
 bounds [0x0000000107b14000, 0x0000000108574000, 0x0000000116b14000]
 total_blobs=3606 nmethods=2682 adapters=837
 compilation: enabled

Compilation events (10 events):
Event: 14.758 Thread 0x00007ff8c603f000 nmethod 2910 0x0000000107f06790 code [0x0000000107f068e0, 0x0000000107f06a30]
Event: 14.758 Thread 0x00007ff8c603f000 2911       1       sun.java2d.SurfaceData::isValid (5 bytes)
Event: 14.758 Thread 0x00007ff8c603f000 nmethod 2911 0x0000000107f08090 code [0x0000000107f081e0, 0x0000000107f082f0]
Event: 14.772 Thread 0x00007ff8c603f000 2912   !   3       jogamp.opengl.macosx.cgl.MacOSXCGLContext$NSOpenGLImpl::swapBuffers (262 bytes)
Event: 14.773 Thread 0x00007ff8c603f000 nmethod 2912 0x0000000107f041d0 code [0x0000000107f04460, 0x0000000107f055c8]
Event: 14.773 Thread 0x00007ff8c603f000 2913       3       jogamp.opengl.GLFBODrawableImpl::getColorbuffer (157 bytes)
Event: 14.774 Thread 0x00007ff8c603f000 nmethod 2913 0x0000000107f01290 code [0x0000000107f01600, 0x0000000107f03228]
Event: 14.789 Thread 0x00007ff8c603f000 2915       3       sun.java2d.pipe.RenderBuffer::putFloat (26 bytes)
Event: 14.789 Thread 0x00007ff8c603f000 nmethod 2915 0x0000000107f00810 code [0x0000000107f00980, 0x0000000107f00b10]
Event: 14.807 Thread 0x00007ff8c603f000 2918       3       jdk.internal.org.objectweb.asm.MethodWriter::<init> (268 bytes)

GC Heap History (8 events):
Event: 3.902 GC heap before
{Heap before GC invocations=1 (full 0):
 PSYoungGen      total 76288K, used 65518K [0x000000076ab00000, 0x0000000770000000, 0x00000007c0000000)
  eden space 65536K, 99% used [0x000000076ab00000,0x000000076eafba98,0x000000076eb00000)
  from space 10752K, 0% used [0x000000076f580000,0x000000076f580000,0x0000000770000000)
  to   space 10752K, 0% used [0x000000076eb00000,0x000000076eb00000,0x000000076f580000)
 ParOldGen       total 175104K, used 0K [0x00000006c0000000, 0x00000006cab00000, 0x000000076ab00000)
  object space 175104K, 0% used [0x00000006c0000000,0x00000006c0000000,0x00000006cab00000)
 Metaspace       used 19746K, capacity 20149K, committed 20352K, reserved 1067008K
  class space    used 2029K, capacity 2116K, committed 2176K, reserved 1048576K
Event: 3.913 GC heap after
Heap after GC invocations=1 (full 0):
 PSYoungGen      total 76288K, used 10725K [0x000000076ab00000, 0x0000000770000000, 0x00000007c0000000)
  eden space 65536K, 0% used [0x000000076ab00000,0x000000076ab00000,0x000000076eb00000)
  from space 10752K, 99% used [0x000000076eb00000,0x000000076f579620,0x000000076f580000)
  to   space 10752K, 0% used [0x000000076f580000,0x000000076f580000,0x0000000770000000)
 ParOldGen       total 175104K, used 3745K [0x00000006c0000000, 0x00000006cab00000, 0x000000076ab00000)
  object space 175104K, 2% used [0x00000006c0000000,0x00000006c03a85c8,0x00000006cab00000)
 Metaspace       used 19746K, capacity 20149K, committed 20352K, reserved 1067008K
  class space    used 2029K, capacity 2116K, committed 2176K, reserved 1048576K
}
Event: 3.952 GC heap before
{Heap before GC invocations=2 (full 0):
 PSYoungGen      total 76288K, used 32588K [0x000000076ab00000, 0x0000000770000000, 0x00000007c0000000)
  eden space 65536K, 33% used [0x000000076ab00000,0x000000076c059ca0,0x000000076eb00000)
  from space 10752K, 99% used [0x000000076eb00000,0x000000076f579620,0x000000076f580000)
  to   space 10752K, 0% used [0x000000076f580000,0x000000076f580000,0x0000000770000000)
 ParOldGen       total 175104K, used 3745K [0x00000006c0000000, 0x00000006cab00000, 0x000000076ab00000)
  object space 175104K, 2% used [0x00000006c0000000,0x00000006c03a85c8,0x00000006cab00000)
 Metaspace       used 20712K, capacity 21066K, committed 21296K, reserved 1069056K
  class space    used 2034K, capacity 2116K, committed 2176K, reserved 1048576K
Event: 3.961 GC heap after
Heap after GC invocations=2 (full 0):
 PSYoungGen      total 76288K, used 10722K [0x000000076ab00000, 0x0000000774000000, 0x00000007c0000000)
  eden space 65536K, 0% used [0x000000076ab00000,0x000000076ab00000,0x000000076eb00000)
  from space 10752K, 99% used [0x000000076f580000,0x000000076fff8b30,0x0000000770000000)
  to   space 10752K, 0% used [0x000000076eb00000,0x000000076eb00000,0x000000076f580000)
 ParOldGen       total 175104K, used 9383K [0x00000006c0000000, 0x00000006cab00000, 0x000000076ab00000)
  object space 175104K, 5% used [0x00000006c0000000,0x00000006c0929e60,0x00000006cab00000)
 Metaspace       used 20712K, capacity 21066K, committed 21296K, reserved 1069056K
  class space    used 2034K, capacity 2116K, committed 2176K, reserved 1048576K
}
Event: 3.961 GC heap before
{Heap before GC invocations=3 (full 1):
 PSYoungGen      total 76288K, used 10722K [0x000000076ab00000, 0x0000000774000000, 0x00000007c0000000)
  eden space 65536K, 0% used [0x000000076ab00000,0x000000076ab00000,0x000000076eb00000)
  from space 10752K, 99% used [0x000000076f580000,0x000000076fff8b30,0x0000000770000000)
  to   space 10752K, 0% used [0x000000076eb00000,0x000000076eb00000,0x000000076f580000)
 ParOldGen       total 175104K, used 9383K [0x00000006c0000000, 0x00000006cab00000, 0x000000076ab00000)
  object space 175104K, 5% used [0x00000006c0000000,0x00000006c0929e60,0x00000006cab00000)
 Metaspace       used 20712K, capacity 21066K, committed 21296K, reserved 1069056K
  class space    used 2034K, capacity 2116K, committed 2176K, reserved 1048576K
Event: 3.993 GC heap after
Heap after GC invocations=3 (full 1):
 PSYoungGen      total 76288K, used 0K [0x000000076ab00000, 0x0000000774000000, 0x00000007c0000000)
  eden space 65536K, 0% used [0x000000076ab00000,0x000000076ab00000,0x000000076eb00000)
  from space 10752K, 0% used [0x000000076f580000,0x000000076f580000,0x0000000770000000)
  to   space 10752K, 0% used [0x000000076eb00000,0x000000076eb00000,0x000000076f580000)
 ParOldGen       total 95232K, used 17196K [0x00000006c0000000, 0x00000006c5d00000, 0x000000076ab00000)
  object space 95232K, 18% used [0x00000006c0000000,0x00000006c10cb008,0x00000006c5d00000)
 Metaspace       used 20712K, capacity 21066K, committed 21296K, reserved 1069056K
  class space    used 2034K, capacity 2116K, committed 2176K, reserved 1048576K
}
Event: 7.589 GC heap before
{Heap before GC invocations=4 (full 1):
 PSYoungGen      total 76288K, used 65536K [0x000000076ab00000, 0x0000000774000000, 0x00000007c0000000)
  eden space 65536K, 100% used [0x000000076ab00000,0x000000076eb00000,0x000000076eb00000)
  from space 10752K, 0% used [0x000000076f580000,0x000000076f580000,0x0000000770000000)
  to   space 10752K, 0% used [0x000000076eb00000,0x000000076eb00000,0x000000076f580000)
 ParOldGen       total 95232K, used 17196K [0x00000006c0000000, 0x00000006c5d00000, 0x000000076ab00000)
  object space 95232K, 18% used [0x00000006c0000000,0x00000006c10cb008,0x00000006c5d00000)
 Metaspace       used 27237K, capacity 27619K, committed 28032K, reserved 1075200K
  class space    used 2194K, capacity 2311K, committed 2432K, reserved 1048576K
Event: 7.597 GC heap after
Heap after GC invocations=4 (full 1):
 PSYoungGen      total 76288K, used 10745K [0x000000076ab00000, 0x0000000773880000, 0x00000007c0000000)
  eden space 65536K, 0% used [0x000000076ab00000,0x000000076ab00000,0x000000076eb00000)
  from space 10752K, 99% used [0x000000076eb00000,0x000000076f57e580,0x000000076f580000)
  to   space 10752K, 0% used [0x0000000772e00000,0x0000000772e00000,0x0000000773880000)
 ParOldGen       total 95232K, used 17461K [0x00000006c0000000, 0x00000006c5d00000, 0x000000076ab00000)
  object space 95232K, 18% used [0x00000006c0000000,0x00000006c110d600,0x00000006c5d00000)
 Metaspace       used 27237K, capacity 27619K, committed 28032K, reserved 1075200K
  class space    used 2194K, capacity 2311K, committed 2432K, reserved 1048576K
}

Deoptimization events (10 events):
Event: 14.756 Thread 0x00007ff8c6a68800 Uncommon trap: reason=unstable_if action=reinterpret pc=0x0000000108309d68 method=com.jogamp.common.util.VersionNumber.compareTo(Lcom/jogamp/common/util/VersionNumber;)I @ 21
Event: 14.757 Thread 0x00007ff8c50eb000 Uncommon trap: reason=unstable_if action=reinterpret pc=0x0000000107ef8aa0 method=java.security.AccessControlContext.combine([Ljava/security/ProtectionDomain;[Ljava/security/ProtectionDomain;)[Ljava/security/ProtectionDomain; @ 151
Event: 14.757 Thread 0x00007ff8c884f800 Uncommon trap: reason=unstable_if action=reinterpret pc=0x0000000107c88684 method=java.awt.font.FontRenderContext.equals(Ljava/awt/font/FontRenderContext;)Z @ 2
Event: 14.788 Thread 0x00007ff8c50eb000 Uncommon trap: reason=class_check action=maybe_recompile pc=0x00000001080415f8 method=java.util.HashMap.putVal(ILjava/lang/Object;Ljava/lang/Object;ZZ)Ljava/lang/Object; @ 91
Event: 14.788 Thread 0x00007ff8c50eb000 Uncommon trap: reason=class_check action=maybe_recompile pc=0x00000001080415f8 method=java.util.HashMap.putVal(ILjava/lang/Object;Ljava/lang/Object;ZZ)Ljava/lang/Object; @ 91
Event: 14.788 Thread 0x00007ff8c50eb000 Uncommon trap: reason=class_check action=maybe_recompile pc=0x00000001080415f8 method=java.util.HashMap.putVal(ILjava/lang/Object;Ljava/lang/Object;ZZ)Ljava/lang/Object; @ 91
Event: 14.788 Thread 0x00007ff8c50eb000 Uncommon trap: reason=class_check action=maybe_recompile pc=0x00000001080415f8 method=java.util.HashMap.putVal(ILjava/lang/Object;Ljava/lang/Object;ZZ)Ljava/lang/Object; @ 91
Event: 14.788 Thread 0x00007ff8c50eb000 Uncommon trap: reason=class_check action=maybe_recompile pc=0x000000010803c394 method=java.util.HashMap.putVal(ILjava/lang/Object;Ljava/lang/Object;ZZ)Ljava/lang/Object; @ 91
Event: 14.805 Thread 0x00007ff8c6a68800 Uncommon trap: reason=unstable_if action=reinterpret pc=0x00000001084fa7a4 method=java.security.AccessControlContext.combine([Ljava/security/ProtectionDomain;[Ljava/security/ProtectionDomain;)[Ljava/security/ProtectionDomain; @ 151
Event: 14.806 Thread 0x00007ff8cb942000 Uncommon trap: reason=predicate action=maybe_recompile pc=0x0000000108409768 method=java.util.Vector.indexOf(Ljava/lang/Object;I)I @ 44

Classes redefined (0 events):
No events

Internal exceptions (10 events):
Event: 0.345 Thread 0x00007ff8c5003800 Exception <a 'java/io/FileNotFoundException'> (0x000000076ae4a008) thrown at [/Users/java_re/workspace/8-2-build-macosx-x86_64/jdk8u221/13320/hotspot/src/share/vm/prims/jni.cpp, line 710]
Event: 0.345 Thread 0x00007ff8c5003800 Exception <a 'java/io/FileNotFoundException'> (0x000000076ae4ab88) thrown at [/Users/java_re/workspace/8-2-build-macosx-x86_64/jdk8u221/13320/hotspot/src/share/vm/prims/jni.cpp, line 710]
Event: 0.447 Thread 0x00007ff8c5003800 Exception <a 'java/io/FileNotFoundException'> (0x000000076aecfdd0) thrown at [/Users/java_re/workspace/8-2-build-macosx-x86_64/jdk8u221/13320/hotspot/src/share/vm/prims/jni.cpp, line 710]
Event: 2.399 Thread 0x00007ff8c6a7c000 Exception <a 'java/lang/UnsatisfiedLinkError': com.jogamp.common.util.JarUtil.fixNativeLibAttribs(Ljava/lang/String;)Z> (0x000000076c694a68) thrown at [/Users/java_re/workspace/8-2-build-macosx-x86_64/jdk8u221/13320/hotspot/src/share/vm/prims/nativeLookup
Event: 3.575 Thread 0x00007ff8c6a68800 Exception <a 'java/io/FileNotFoundException'> (0x000000076d86bc00) thrown at [/Users/java_re/workspace/8-2-build-macosx-x86_64/jdk8u221/13320/hotspot/src/share/vm/prims/jni.cpp, line 710]
Event: 3.576 Thread 0x00007ff8c6a68800 Exception <a 'java/io/FileNotFoundException'> (0x000000076d871eb8) thrown at [/Users/java_re/workspace/8-2-build-macosx-x86_64/jdk8u221/13320/hotspot/src/share/vm/prims/jni.cpp, line 710]
Event: 3.576 Thread 0x00007ff8c6a68800 Implicit null exception at 0x0000000107d001f6 to 0x0000000107d005e9
Event: 3.855 Thread 0x00007ff8c6a68800 Implicit null exception at 0x0000000107ede7c6 to 0x0000000107edea0d
Event: 3.887 Thread 0x00007ff8c68d1000 Implicit null exception at 0x0000000107d0e5f5 to 0x0000000107d0e9b5
Event: 3.916 Thread 0x00007ff8c7002000 Exception <a 'java/lang/NullPointerException'> (0x000000076afd7248) thrown at [/Users/java_re/workspace/8-2-build-macosx-x86_64/jdk8u221/13320/hotspot/src/share/vm/interpreter/linkResolver.cpp, line 1185]

Events (10 events):
Event: 14.805 loading class java/awt/event/AWTEventListenerProxy
Event: 14.805 loading class java/awt/event/AWTEventListenerProxy done
Event: 14.805 loading class java/awt/Toolkit$ToolkitEventMulticaster
Event: 14.805 loading class java/awt/Toolkit$ToolkitEventMulticaster done
Event: 14.806 Thread 0x00007ff8c50eb000 Thread exited: 0x00007ff8c50eb000
Event: 14.806 Thread 0x00007ff8cb942000 Uncommon trap: trap_request=0xffffff86 fr.pc=0x0000000108409768
Event: 14.806 Thread 0x00007ff8cb942000 DEOPT PACKING pc=0x0000000108409768 sp=0x000070000cf69790
Event: 14.806 Thread 0x00007ff8cb942000 DEOPT UNPACKING pc=0x0000000107b5973a sp=0x000070000cf69768 mode 2
Event: 14.806 loading class java/awt/Window$1DisposeAction
Event: 14.806 loading class java/awt/Window$1DisposeAction done


Dynamic libraries:
0x00007fff386f0000 	/System/Library/Frameworks/Cocoa.framework/Versions/A/Cocoa
0x00007fff443d2000 	/System/Library/Frameworks/Security.framework/Versions/A/Security
0x00007fff37385000 	/System/Library/Frameworks/ApplicationServices.framework/Versions/A/ApplicationServices
0x00007fff64a1f000 	/usr/lib/libz.1.dylib
0x00007fff6214f000 	/usr/lib/libSystem.B.dylib
0x00007fff63b49000 	/usr/lib/libobjc.A.dylib
0x00007fff38ed8000 	/System/Library/Frameworks/CoreFoundation.framework/Versions/A/CoreFoundation
0x00007fff3b14c000 	/System/Library/Frameworks/Foundation.framework/Versions/C/Foundation
0x00007fff3657e000 	/System/Library/Frameworks/AppKit.framework/Versions/C/AppKit
0x00007fff38a6b000 	/System/Library/Frameworks/CoreData.framework/Versions/A/CoreData
0x00007fff5bc9e000 	/System/Library/PrivateFrameworks/RemoteViewServices.framework/Versions/A/RemoteViewServices
0x00007fff5fe92000 	/System/Library/PrivateFrameworks/UIFoundation.framework/Versions/A/UIFoundation
0x00007fff61574000 	/System/Library/PrivateFrameworks/XCTTargetBootstrap.framework/Versions/A/XCTTargetBootstrap
0x00007fff56ad6000 	/System/Library/PrivateFrameworks/IconServices.framework/Versions/A/IconServices
0x00007fff3da65000 	/System/Library/Frameworks/Metal.framework/Versions/A/Metal
0x00007fff4e061000 	/System/Library/PrivateFrameworks/DesktopServicesPriv.framework/Versions/A/DesktopServicesPriv
0x00007fff62eaf000 	/usr/lib/libenergytrace.dylib
0x00007fff5e381000 	/System/Library/PrivateFrameworks/SkyLight.framework/Versions/A/SkyLight
0x00007fff3931d000 	/System/Library/Frameworks/CoreGraphics.framework/Versions/A/CoreGraphics
0x00007fff3534a000 	/System/Library/Frameworks/Accelerate.framework/Versions/A/Accelerate
0x00007fff3b892000 	/System/Library/Frameworks/IOSurface.framework/Versions/A/IOSurface
0x00007fff4decd000 	/System/Library/PrivateFrameworks/DFRFoundation.framework/Versions/A/DFRFoundation
0x00007fff37868000 	/System/Library/Frameworks/AudioToolbox.framework/Versions/A/AudioToolbox
0x00007fff37ae1000 	/System/Library/Frameworks/AudioUnit.framework/Versions/A/AudioUnit
0x00007fff4df62000 	/System/Library/PrivateFrameworks/DataDetectorsCore.framework/Versions/A/DataDetectorsCore
0x00007fff381f4000 	/System/Library/Frameworks/Carbon.framework/Versions/A/Frameworks/HIToolbox.framework/Versions/A/HIToolbox
0x00007fff63008000 	/usr/lib/libicucore.A.dylib
0x00007fff43949000 	/System/Library/Frameworks/QuartzCore.framework/Versions/A/QuartzCore
0x00007fff385c8000 	/System/Library/Frameworks/Carbon.framework/Versions/A/Frameworks/SpeechRecognition.framework/Versions/A/SpeechRecognition
0x00007fff622a3000 	/usr/lib/libauto.dylib
0x00007fff64913000 	/usr/lib/libxml2.2.dylib
0x00007fff4daad000 	/System/Library/PrivateFrameworks/CoreUI.framework/Versions/A/CoreUI
0x00007fff38956000 	/System/Library/Frameworks/CoreAudio.framework/Versions/A/CoreAudio
0x00007fff3af88000 	/System/Library/Frameworks/DiskArbitration.framework/Versions/A/DiskArbitration
0x00007fff632b5000 	/usr/lib/liblangid.dylib
0x00007fff57ed6000 	/System/Library/PrivateFrameworks/MultitouchSupport.framework/Versions/A/MultitouchSupport
0x00007fff3b801000 	/System/Library/Frameworks/IOKit.framework/Versions/A/IOKit
0x00007fff61d10000 	/usr/lib/libDiagnosticMessagesClient.dylib
0x00007fff3a129000 	/System/Library/Frameworks/CoreServices.framework/Versions/A/CoreServices
0x00007fff59aac000 	/System/Library/PrivateFrameworks/PerformanceAnalysis.framework/Versions/A/PerformanceAnalysis
0x00007fff42b39000 	/System/Library/Frameworks/OpenGL.framework/Versions/A/OpenGL
0x00007fff386fe000 	/System/Library/Frameworks/ColorSync.framework/Versions/A/ColorSync
0x00007fff399ae000 	/System/Library/Frameworks/CoreImage.framework/Versions/A/CoreImage
0x00007fff3ab02000 	/System/Library/Frameworks/CoreText.framework/Versions/A/CoreText
0x00007fff3b8f5000 	/System/Library/Frameworks/ImageIO.framework/Versions/A/ImageIO
0x00007fff4a10b000 	/System/Library/PrivateFrameworks/Backup.framework/Versions/A/Backup
0x00007fff621f6000 	/usr/lib/libarchive.2.dylib
0x00007fff37e39000 	/System/Library/Frameworks/CFNetwork.framework/Versions/A/CFNetwork
0x00007fff44b2b000 	/System/Library/Frameworks/SystemConfiguration.framework/Versions/A/SystemConfiguration
0x00007fff61c41000 	/usr/lib/libCRFSuite.dylib
0x00007fff62392000 	/usr/lib/libc++.1.dylib
0x00007fff623e6000 	/usr/lib/libc++abi.dylib
0x00007fff6520e000 	/usr/lib/system/libcache.dylib
0x00007fff65213000 	/usr/lib/system/libcommonCrypto.dylib
0x00007fff6521e000 	/usr/lib/system/libcompiler_rt.dylib
0x00007fff65226000 	/usr/lib/system/libcopyfile.dylib
0x00007fff65230000 	/usr/lib/system/libcorecrypto.dylib
0x00007fff6533b000 	/usr/lib/system/libdispatch.dylib
0x00007fff65375000 	/usr/lib/system/libdyld.dylib
0x00007fff653a2000 	/usr/lib/system/libkeymgr.dylib
0x00007fff653b0000 	/usr/lib/system/liblaunch.dylib
0x00007fff653b1000 	/usr/lib/system/libmacho.dylib
0x00007fff653b7000 	/usr/lib/system/libquarantine.dylib
0x00007fff653ba000 	/usr/lib/system/libremovefile.dylib
0x00007fff653bc000 	/usr/lib/system/libsystem_asl.dylib
0x00007fff653d4000 	/usr/lib/system/libsystem_blocks.dylib
0x00007fff653d5000 	/usr/lib/system/libsystem_c.dylib
0x00007fff6545d000 	/usr/lib/system/libsystem_configuration.dylib
0x00007fff65461000 	/usr/lib/system/libsystem_coreservices.dylib
0x00007fff65465000 	/usr/lib/system/libsystem_darwin.dylib
0x00007fff6546c000 	/usr/lib/system/libsystem_dnssd.dylib
0x00007fff65473000 	/usr/lib/system/libsystem_info.dylib
0x00007fff654e8000 	/usr/lib/system/libsystem_m.dylib
0x00007fff65534000 	/usr/lib/system/libsystem_malloc.dylib
0x00007fff65559000 	/usr/lib/system/libsystem_networkextension.dylib
0x00007fff65564000 	/usr/lib/system/libsystem_notify.dylib
0x00007fff65581000 	/usr/lib/system/libsystem_sandbox.dylib
0x00007fff65585000 	/usr/lib/system/libsystem_secinit.dylib
0x00007fff654bf000 	/usr/lib/system/libsystem_kernel.dylib
0x00007fff6556c000 	/usr/lib/system/libsystem_platform.dylib
0x00007fff65576000 	/usr/lib/system/libsystem_pthread.dylib
0x00007fff65588000 	/usr/lib/system/libsystem_symptoms.dylib
0x00007fff65590000 	/usr/lib/system/libsystem_trace.dylib
0x00007fff655a7000 	/usr/lib/system/libunwind.dylib
0x00007fff655ad000 	/usr/lib/system/libxpc.dylib
0x00007fff62373000 	/usr/lib/libbsm.0.dylib
0x00007fff653a3000 	/usr/lib/system/libkxld.dylib
0x00007fff49351000 	/System/Library/PrivateFrameworks/AppleFSCompression.framework/Versions/A/AppleFSCompression
0x00007fff6200f000 	/usr/lib/libOpenScriptingUtil.dylib
0x00007fff6269b000 	/usr/lib/libcoretls.dylib
0x00007fff626b2000 	/usr/lib/libcoretls_cfhelpers.dylib
0x00007fff642e0000 	/usr/lib/libpam.2.dylib
0x00007fff644a0000 	/usr/lib/libsqlite3.dylib
0x00007fff64901000 	/usr/lib/libxar.1.dylib
0x00007fff62384000 	/usr/lib/libbz2.1.0.dylib
0x00007fff632b7000 	/usr/lib/liblzma.5.dylib
0x00007fff63768000 	/usr/lib/libnetwork.dylib
0x00007fff621df000 	/usr/lib/libapple_nghttp2.dylib
0x00007fff642e7000 	/usr/lib/libpcap.A.dylib
0x00007fff3a4c8000 	/System/Library/Frameworks/CoreServices.framework/Versions/A/Frameworks/FSEvents.framework/Versions/A/FSEvents
0x00007fff3a1a7000 	/System/Library/Frameworks/CoreServices.framework/Versions/A/Frameworks/CarbonCore.framework/Versions/A/CarbonCore
0x00007fff3a684000 	/System/Library/Frameworks/CoreServices.framework/Versions/A/Frameworks/Metadata.framework/Versions/A/Metadata
0x00007fff3a723000 	/System/Library/Frameworks/CoreServices.framework/Versions/A/Frameworks/OSServices.framework/Versions/A/OSServices
0x00007fff3a76e000 	/System/Library/Frameworks/CoreServices.framework/Versions/A/Frameworks/SearchKit.framework/Versions/A/SearchKit
0x00007fff3a12a000 	/System/Library/Frameworks/CoreServices.framework/Versions/A/Frameworks/AE.framework/Versions/A/AE
0x00007fff3a4d1000 	/System/Library/Frameworks/CoreServices.framework/Versions/A/Frameworks/LaunchServices.framework/Versions/A/LaunchServices
0x00007fff3a47f000 	/System/Library/Frameworks/CoreServices.framework/Versions/A/Frameworks/DictionaryServices.framework/Versions/A/DictionaryServices
0x00007fff3a7d6000 	/System/Library/Frameworks/CoreServices.framework/Versions/A/Frameworks/SharedFileList.framework/Versions/A/SharedFileList
0x00007fff3eb14000 	/System/Library/Frameworks/NetFS.framework/Versions/A/NetFS
0x00007fff5813c000 	/System/Library/PrivateFrameworks/NetAuth.framework/Versions/A/NetAuth
0x00007fff61978000 	/System/Library/PrivateFrameworks/login.framework/Versions/A/Frameworks/loginsupport.framework/Versions/A/loginsupport
0x00007fff5fa9b000 	/System/Library/PrivateFrameworks/TCC.framework/Versions/A/TCC
0x00007fff4d10c000 	/System/Library/PrivateFrameworks/CoreNLP.framework/Versions/A/CoreNLP
0x00007fff57bd5000 	/System/Library/PrivateFrameworks/MetadataUtilities.framework/Versions/A/MetadataUtilities
0x00007fff6338c000 	/usr/lib/libmecabra.dylib
0x00007fff37386000 	/System/Library/Frameworks/ApplicationServices.framework/Versions/A/Frameworks/ATS.framework/Versions/A/ATS
0x00007fff376d5000 	/System/Library/Frameworks/ApplicationServices.framework/Versions/A/Frameworks/ColorSyncLegacy.framework/Versions/A/ColorSyncLegacy
0x00007fff37774000 	/System/Library/Frameworks/ApplicationServices.framework/Versions/A/Frameworks/HIServices.framework/Versions/A/HIServices
0x00007fff377c7000 	/System/Library/Frameworks/ApplicationServices.framework/Versions/A/Frameworks/LangAnalysis.framework/Versions/A/LangAnalysis
0x00007fff377d7000 	/System/Library/Frameworks/ApplicationServices.framework/Versions/A/Frameworks/PrintCore.framework/Versions/A/PrintCore
0x00007fff37821000 	/System/Library/Frameworks/ApplicationServices.framework/Versions/A/Frameworks/QD.framework/Versions/A/QD
0x00007fff3785b000 	/System/Library/Frameworks/ApplicationServices.framework/Versions/A/Frameworks/SpeechSynthesis.framework/Versions/A/SpeechSynthesis
0x00007fff6240e000 	/usr/lib/libcompression.dylib
0x00007fff38df0000 	/System/Library/Frameworks/CoreDisplay.framework/Versions/A/CoreDisplay
0x00007fff3dd1c000 	/System/Library/Frameworks/MetalPerformanceShaders.framework/Versions/A/MetalPerformanceShaders
0x00007fff35362000 	/System/Library/Frameworks/Accelerate.framework/Versions/A/Frameworks/vImage.framework/Versions/A/vImage
0x00007fff363dc000 	/System/Library/Frameworks/Accelerate.framework/Versions/A/Frameworks/vecLib.framework/Versions/A/vecLib
0x00007fff36328000 	/System/Library/Frameworks/Accelerate.framework/Versions/A/Frameworks/vecLib.framework/Versions/A/libvMisc.dylib
0x00007fff36140000 	/System/Library/Frameworks/Accelerate.framework/Versions/A/Frameworks/vecLib.framework/Versions/A/libvDSP.dylib
0x00007fff359fc000 	/System/Library/Frameworks/Accelerate.framework/Versions/A/Frameworks/vecLib.framework/Versions/A/libBLAS.dylib
0x00007fff35ce9000 	/System/Library/Frameworks/Accelerate.framework/Versions/A/Frameworks/vecLib.framework/Versions/A/libLAPACK.dylib
0x00007fff36093000 	/System/Library/Frameworks/Accelerate.framework/Versions/A/Frameworks/vecLib.framework/Versions/A/libLinearAlgebra.dylib
0x00007fff3612c000 	/System/Library/Frameworks/Accelerate.framework/Versions/A/Frameworks/vecLib.framework/Versions/A/libSparseBLAS.dylib
0x00007fff360a9000 	/System/Library/Frameworks/Accelerate.framework/Versions/A/Frameworks/vecLib.framework/Versions/A/libQuadrature.dylib
0x00007fff35c76000 	/System/Library/Frameworks/Accelerate.framework/Versions/A/Frameworks/vecLib.framework/Versions/A/libBNNS.dylib
0x00007fff360af000 	/System/Library/Frameworks/Accelerate.framework/Versions/A/Frameworks/vecLib.framework/Versions/A/libSparse.dylib
0x00007fff54447000 	/System/Library/PrivateFrameworks/GPUWrangler.framework/Versions/A/GPUWrangler
0x00007fff5670b000 	/System/Library/PrivateFrameworks/IOAccelerator.framework/Versions/A/IOAccelerator
0x00007fff56716000 	/System/Library/PrivateFrameworks/IOPresentment.framework/Versions/A/IOPresentment
0x00007fff4dedd000 	/System/Library/PrivateFrameworks/DSExternalDisplay.framework/Versions/A/DSExternalDisplay
0x00007fff41f90000 	/System/Library/Frameworks/OpenGL.framework/Versions/A/Libraries/libCoreFSCache.dylib
0x00007fff3db10000 	/System/Library/Frameworks/MetalPerformanceShaders.framework/Frameworks/MPSCore.framework/Versions/A/MPSCore
0x00007fff3db30000 	/System/Library/Frameworks/MetalPerformanceShaders.framework/Frameworks/MPSImage.framework/Versions/A/MPSImage
0x00007fff3dbd5000 	/System/Library/Frameworks/MetalPerformanceShaders.framework/Frameworks/MPSNeuralNetwork.framework/Versions/A/MPSNeuralNetwork
0x00007fff3dbad000 	/System/Library/Frameworks/MetalPerformanceShaders.framework/Frameworks/MPSMatrix.framework/Versions/A/MPSMatrix
0x00007fff3dd01000 	/System/Library/Frameworks/MetalPerformanceShaders.framework/Frameworks/MPSRayIntersector.framework/Versions/A/MPSRayIntersector
0x00007fff57bfe000 	/System/Library/PrivateFrameworks/MetalTools.framework/Versions/A/MetalTools
0x00007fff48a52000 	/System/Library/PrivateFrameworks/AggregateDictionary.framework/Versions/A/AggregateDictionary
0x00007fff61ff0000 	/usr/lib/libMobileGestalt.dylib
0x00007fff3ac65000 	/System/Library/Frameworks/CoreVideo.framework/Versions/A/CoreVideo
0x00007fff55251000 	/System/Library/PrivateFrameworks/GraphVisualizer.framework/Versions/A/GraphVisualizer
0x00007fff4f0d7000 	/System/Library/PrivateFrameworks/FaceCore.framework/Versions/A/FaceCore
0x00007fff415be000 	/System/Library/Frameworks/OpenCL.framework/Versions/A/OpenCL
0x00007fff61d48000 	/usr/lib/libFosl_dynamic.dylib
0x00007fff589a7000 	/System/Library/PrivateFrameworks/OTSVG.framework/Versions/A/OTSVG
0x00007fff3748a000 	/System/Library/Frameworks/ApplicationServices.framework/Versions/A/Frameworks/ATS.framework/Versions/A/Resources/libFontParser.dylib
0x00007fff375a2000 	/System/Library/Frameworks/ApplicationServices.framework/Versions/A/Frameworks/ATS.framework/Versions/A/Resources/libFontRegistry.dylib
0x00007fff3bb63000 	/System/Library/Frameworks/ImageIO.framework/Versions/A/Resources/libJPEG.dylib
0x00007fff3be75000 	/System/Library/Frameworks/ImageIO.framework/Versions/A/Resources/libTIFF.dylib
0x00007fff3be4b000 	/System/Library/Frameworks/ImageIO.framework/Versions/A/Resources/libPng.dylib
0x00007fff3ba81000 	/System/Library/Frameworks/ImageIO.framework/Versions/A/Resources/libGIF.dylib
0x00007fff3ba86000 	/System/Library/Frameworks/ImageIO.framework/Versions/A/Resources/libJP2.dylib
0x00007fff3be72000 	/System/Library/Frameworks/ImageIO.framework/Versions/A/Resources/libRadiance.dylib
0x00007fff494a6000 	/System/Library/PrivateFrameworks/AppleJPEG.framework/Versions/A/AppleJPEG
0x00007fff41f9b000 	/System/Library/Frameworks/OpenGL.framework/Versions/A/Libraries/libGFXShared.dylib
0x00007fff4215e000 	/System/Library/Frameworks/OpenGL.framework/Versions/A/Libraries/libGLU.dylib
0x00007fff41fa4000 	/System/Library/Frameworks/OpenGL.framework/Versions/A/Libraries/libGL.dylib
0x00007fff41fb0000 	/System/Library/Frameworks/OpenGL.framework/Versions/A/Libraries/libGLImage.dylib
0x00007fff41f8d000 	/System/Library/Frameworks/OpenGL.framework/Versions/A/Libraries/libCVMSPluginSupport.dylib
0x00007fff41f96000 	/System/Library/Frameworks/OpenGL.framework/Versions/A/Libraries/libCoreVMClient.dylib
0x00007fff62d25000 	/usr/lib/libcups.2.dylib
0x00007fff3d038000 	/System/Library/Frameworks/Kerberos.framework/Versions/A/Kerberos
0x00007fff3b568000 	/System/Library/Frameworks/GSS.framework/Versions/A/GSS
0x00007fff64435000 	/usr/lib/libresolv.9.dylib
0x00007fff62f17000 	/usr/lib/libiconv.2.dylib
0x00007fff553ad000 	/System/Library/PrivateFrameworks/Heimdal.framework/Versions/A/Heimdal
0x00007fff62ee7000 	/usr/lib/libheimdal-asn1.dylib
0x00007fff41632000 	/System/Library/Frameworks/OpenDirectory.framework/Versions/A/OpenDirectory
0x00007fff4be73000 	/System/Library/PrivateFrameworks/CommonAuth.framework/Versions/A/CommonAuth
0x00007fff41616000 	/System/Library/Frameworks/OpenDirectory.framework/Versions/A/Frameworks/CFOpenDirectory.framework/Versions/A/CFOpenDirectory
0x00007fff446d1000 	/System/Library/Frameworks/SecurityFoundation.framework/Versions/A/SecurityFoundation
0x00007fff47fad000 	/System/Library/PrivateFrameworks/APFS.framework/Versions/A/APFS
0x00007fff648fd000 	/usr/lib/libutil.dylib
0x00007fff623fc000 	/usr/lib/libcharset.1.dylib
0x00007fff49743000 	/System/Library/PrivateFrameworks/AppleSauce.framework/Versions/A/AppleSauce
0x00007fff498c4000 	/System/Library/PrivateFrameworks/AssertionServices.framework/Versions/A/AssertionServices
0x00007fff4a1a1000 	/System/Library/PrivateFrameworks/BaseBoard.framework/Versions/A/BaseBoard
0x00007fff632e7000 	/usr/lib/libmecab.1.0.0.dylib
0x00007fff62ee1000 	/usr/lib/libgermantok.dylib
0x00007fff621cc000 	/usr/lib/libThaiTokenizer.dylib
0x00007fff61c78000 	/usr/lib/libChineseTokenizer.dylib
0x00007fff56dc2000 	/System/Library/PrivateFrameworks/LanguageModeling.framework/Versions/A/LanguageModeling
0x00007fff4cb52000 	/System/Library/PrivateFrameworks/CoreEmoji.framework/Versions/A/CoreEmoji
0x00007fff56e9e000 	/System/Library/PrivateFrameworks/Lexicon.framework/Versions/A/Lexicon
0x00007fff56ee1000 	/System/Library/PrivateFrameworks/LinguisticData.framework/Versions/A/LinguisticData
0x00007fff623fd000 	/usr/lib/libcmph.dylib
0x00007fff4478f000 	/System/Library/Frameworks/ServiceManagement.framework/Versions/A/ServiceManagement
0x00007fff4a102000 	/System/Library/PrivateFrameworks/BackgroundTaskManagement.framework/Versions/A/BackgroundTaskManagement
0x00007fff649f6000 	/usr/lib/libxslt.1.dylib
0x00007fff384f5000 	/System/Library/Frameworks/Carbon.framework/Versions/A/Frameworks/Ink.framework/Versions/A/Ink
0x00007fff5fd0d000 	/System/Library/PrivateFrameworks/TextureIO.framework/Versions/A/TextureIO
0x00007fff62220000 	/usr/lib/libate.dylib
0x00007fff4de2d000 	/System/Library/PrivateFrameworks/CrashReporterSupport.framework/Versions/A/CrashReporterSupport
0x00007fff5d4bf000 	/System/Library/PrivateFrameworks/Sharing.framework/Versions/A/Sharing
0x00007fff49ca3000 	/System/Library/PrivateFrameworks/AuthKit.framework/Versions/A/AuthKit
0x00007fff4904d000 	/System/Library/PrivateFrameworks/Apple80211.framework/Versions/A/Apple80211
0x00007fff4dbd9000 	/System/Library/PrivateFrameworks/CoreUtils.framework/Versions/A/CoreUtils
0x00007fff3aca3000 	/System/Library/Frameworks/CoreWLAN.framework/Versions/A/CoreWLAN
0x00007fff3b697000 	/System/Library/Frameworks/IOBluetooth.framework/Versions/A/IOBluetooth
0x00007fff5b94b000 	/System/Library/PrivateFrameworks/ProtocolBuffer.framework/Versions/A/ProtocolBuffer
0x00007fff57e34000 	/System/Library/PrivateFrameworks/MobileKeyBag.framework/Versions/A/MobileKeyBag
0x00007fff4d41f000 	/System/Library/PrivateFrameworks/CorePhoneNumbers.framework/Versions/A/CorePhoneNumbers
0x00007fff4945a000 	/System/Library/PrivateFrameworks/AppleIDAuthSupport.framework/Versions/A/AppleIDAuthSupport
0x00007fff56d95000 	/System/Library/PrivateFrameworks/KeychainCircle.framework/Versions/A/KeychainCircle
0x00007fff5bb01000 	/System/Library/PrivateFrameworks/ROCKit.framework/Versions/A/ROCKit
0x00007fff4ddc9000 	/System/Library/PrivateFrameworks/CoreWiFi.framework/Versions/A/CoreWiFi
0x00007fff38a40000 	/System/Library/Frameworks/CoreBluetooth.framework/Versions/A/CoreBluetooth
0x00007fff4e023000 	/System/Library/PrivateFrameworks/DebugSymbols.framework/Versions/A/DebugSymbols
0x00007fff4d99a000 	/System/Library/PrivateFrameworks/CoreSymbolication.framework/Versions/A/CoreSymbolication
0x00007fff5f529000 	/System/Library/PrivateFrameworks/Symbolication.framework/Versions/A/Symbolication
0x00007fff5edcc000 	/System/Library/PrivateFrameworks/SpeechRecognitionCore.framework/Versions/A/SpeechRecognitionCore
0x00007fff2d987000 	/System/Library/CoreServices/Encodings/libSimplifiedChineseConverter.dylib
0x0000000106b5b000 	/Library/Java/JavaVirtualMachines/jdk1.8.0_221.jdk/Contents/Home/jre/lib/server/libjvm.dylib
0x00007fff647ce000 	/usr/lib/libstdc++.6.dylib
0x00000001051b5000 	/Library/Java/JavaVirtualMachines/jdk1.8.0_221.jdk/Contents/Home/jre/lib/libverify.dylib
0x00000001051c3000 	/Library/Java/JavaVirtualMachines/jdk1.8.0_221.jdk/Contents/Home/jre/lib/libjava.dylib
0x0000000106248000 	/Library/Java/JavaVirtualMachines/jdk1.8.0_221.jdk/Contents/Home/jre/lib/libzip.dylib
0x000000012242c000 	/Library/Java/JavaVirtualMachines/jdk1.8.0_221.jdk/Contents/Home/jre/lib/libawt.dylib
0x00000001224d5000 	/Library/Java/JavaVirtualMachines/jdk1.8.0_221.jdk/Contents/Home/jre/lib/./libmlib_image.dylib
0x00007fff3d021000 	/System/Library/Frameworks/JavaVM.framework/Versions/A/Frameworks/JavaNativeFoundation.framework/Versions/A/JavaNativeFoundation
0x00007fff3d02a000 	/System/Library/Frameworks/JavaVM.framework/Versions/A/Frameworks/JavaRuntimeSupport.framework/Versions/A/JavaRuntimeSupport
0x00007fff3d033000 	/System/Library/Frameworks/JavaVM.framework/Versions/A/JavaVM
0x00007fff56cb4000 	/System/Library/PrivateFrameworks/JavaLaunching.framework/Versions/A/JavaLaunching
0x00007fff381ef000 	/System/Library/Frameworks/Carbon.framework/Versions/A/Carbon
0x00007fff381f0000 	/System/Library/Frameworks/Carbon.framework/Versions/A/Frameworks/CommonPanels.framework/Versions/A/CommonPanels
0x00007fff384eb000 	/System/Library/Frameworks/Carbon.framework/Versions/A/Frameworks/Help.framework/Versions/A/Help
0x00007fff384ef000 	/System/Library/Frameworks/Carbon.framework/Versions/A/Frameworks/ImageCapture.framework/Versions/A/ImageCapture
0x00007fff3858b000 	/System/Library/Frameworks/Carbon.framework/Versions/A/Frameworks/OpenScripting.framework/Versions/A/OpenScripting
0x00007fff385c3000 	/System/Library/Frameworks/Carbon.framework/Versions/A/Frameworks/Print.framework/Versions/A/Print
0x00007fff385c5000 	/System/Library/Frameworks/Carbon.framework/Versions/A/Frameworks/SecurityHI.framework/Versions/A/SecurityHI
0x00000001225a1000 	/Library/Java/JavaVirtualMachines/jdk1.8.0_221.jdk/Contents/Home/jre/lib/libawt_lwawt.dylib
0x000000012265c000 	/Library/Java/JavaVirtualMachines/jdk1.8.0_221.jdk/Contents/Home/jre/lib/./libosxapp.dylib
0x00007fff3b125000 	/System/Library/Frameworks/ExceptionHandling.framework/Versions/A/ExceptionHandling
0x00007fff4d5a3000 	/System/Library/PrivateFrameworks/CoreServicesInternal.framework/Versions/A/CoreServicesInternal
0x00007fff2d9c2000 	/System/Library/CoreServices/RawCamera.bundle/Contents/MacOS/RawCamera
0x00007fff57c9d000 	/System/Library/PrivateFrameworks/MobileAsset.framework/Versions/A/MobileAsset
0x00007fff5f477000 	/System/Library/PrivateFrameworks/StreamingZip.framework/Versions/A/StreamingZip
0x00007fff3d3c3000 	/System/Library/Frameworks/MediaToolbox.framework/Versions/A/MediaToolbox
0x00007fff4c6f9000 	/System/Library/PrivateFrameworks/CoreAVCHD.framework/Versions/A/CoreAVCHD
0x00007fff3d30a000 	/System/Library/Frameworks/MediaAccessibility.framework/Versions/A/MediaAccessibility
0x00007fff57703000 	/System/Library/PrivateFrameworks/Mangrove.framework/Versions/A/Mangrove
0x00007fff39fcb000 	/System/Library/Frameworks/CoreMedia.framework/Versions/A/CoreMedia
0x00007fff44dee000 	/System/Library/Frameworks/VideoToolbox.framework/Versions/A/VideoToolbox
0x00007fff4c315000 	/System/Library/PrivateFrameworks/CoreAUC.framework/Versions/A/CoreAUC
0x00007fff6449e000 	/usr/lib/libspindump.dylib
0x00007fff49829000 	/System/Library/PrivateFrameworks/AppleVA.framework/Versions/A/AppleVA
0x00007fff3534b000 	/System/Library/Frameworks/Accelerate.framework/Versions/A/Frameworks/vImage.framework/Versions/A/Libraries/libCGInterfaces.dylib
0x00007fff3763e000 	/System/Library/Frameworks/ApplicationServices.framework/Versions/A/Frameworks/ATS.framework/Versions/A/Resources/libTrueTypeScaler.dylib
0x00007fff316a9000 	/System/Library/Extensions/AppleIntelHD5000GraphicsMTLDriver.bundle/Contents/MacOS/AppleIntelHD5000GraphicsMTLDriver
0x00007fff52da6000 	/System/Library/PrivateFrameworks/GPUCompiler.framework/Versions/3902/Libraries/libmetal_timestamp.dylib
0x00007fff4f4fc000 	/System/Library/PrivateFrameworks/FamilyControls.framework/Versions/A/FamilyControls
0x00007fff4be66000 	/System/Library/PrivateFrameworks/CommerceKit.framework/Versions/A/Frameworks/CommerceCore.framework/Versions/A/CommerceCore
0x00007fff5f7fc000 	/System/Library/PrivateFrameworks/SystemAdministration.framework/Versions/A/SystemAdministration
0x00007fff48f4e000 	/System/Library/PrivateFrameworks/AppContainer.framework/Versions/A/AppContainer
0x00007fff48f6a000 	/System/Library/PrivateFrameworks/AppSandbox.framework/Versions/A/AppSandbox
0x00007fff5d360000 	/System/Library/PrivateFrameworks/SecCodeWrapper.framework/Versions/A/SecCodeWrapper
0x00007fff6444f000 	/usr/lib/libsandbox.1.dylib
0x00007fff61fbf000 	/usr/lib/libMatch.1.dylib
0x00007fff4e3a8000 	/System/Library/PrivateFrameworks/DiskManagement.framework/Versions/A/DiskManagement
0x00007fff3aea8000 	/System/Library/Frameworks/DirectoryService.framework/Versions/A/DirectoryService
0x00007fff4e2d9000 	/System/Library/PrivateFrameworks/DiskImages.framework/Versions/A/DiskImages
0x00007fff56fda000 	/System/Library/PrivateFrameworks/LoginUIKit.framework/Versions/A/Frameworks/LoginUICore.framework/Versions/A/LoginUICore
0x00007fff61c83000 	/usr/lib/libCoreStorage.dylib
0x00007fff62d12000 	/usr/lib/libcsfde.dylib
0x00007fff642cf000 	/usr/lib/libodfde.dylib
0x00007fff5781b000 	/System/Library/PrivateFrameworks/MediaKit.framework/Versions/A/MediaKit
0x00007fff3aeb4000 	/System/Library/Frameworks/DiscRecording.framework/Versions/A/DiscRecording
0x00007fff4e518000 	/System/Library/PrivateFrameworks/EFILogin.framework/Versions/A/EFILogin
0x00007fff5b8f6000 	/System/Library/PrivateFrameworks/ProtectedCloudStorage.framework/Versions/A/ProtectedCloudStorage
0x00007fff62da4000 	/usr/lib/libcurl.4.dylib
0x00007fff62b7a000 	/usr/lib/libcrypto.42.dylib
0x00007fff64780000 	/usr/lib/libssl.44.dylib
0x00007fff3d052000 	/System/Library/Frameworks/LDAP.framework/Versions/A/LDAP
0x00007fff5fe8b000 	/System/Library/PrivateFrameworks/TrustEvaluationAgent.framework/Versions/A/TrustEvaluationAgent
0x00007fff6448b000 	/usr/lib/libsasl2.2.dylib
0x00007fff4c94f000 	/System/Library/PrivateFrameworks/CoreDaemon.framework/Versions/B/CoreDaemon
0x00007fff4973e000 	/System/Library/PrivateFrameworks/AppleSRP.framework/Versions/A/AppleSRP
0x00007fff60cc4000 	/System/Library/PrivateFrameworks/ViewBridge.framework/Versions/A/ViewBridge
0x00007fff42b49000 	/System/Library/Frameworks/OpenGL.framework/Versions/A/Resources/GLEngine.bundle/GLEngine
0x00007fff41feb000 	/System/Library/Frameworks/OpenGL.framework/Versions/A/Libraries/libGLProgrammability.dylib
0x00007fff31196000 	/System/Library/Extensions/AppleIntelHD5000GraphicsGLDriver.bundle/Contents/MacOS/AppleIntelHD5000GraphicsGLDriver
0x00007fff5443b000 	/System/Library/PrivateFrameworks/GPUSupport.framework/Versions/A/Libraries/libGPUSupportMercury.dylib
0x00007fff42cdf000 	/System/Library/Frameworks/OpenGL.framework/Versions/A/Resources/GLRendererFloat.bundle/GLRendererFloat
0x00007fff415b5000 	/System/Library/Frameworks/OpenCL.framework/Versions/A/Libraries/libcldcpuengine.dylib
0x00007fff62851000 	/usr/lib/libcrypto.35.dylib
0x0000000126e66000 	/Library/Java/JavaVirtualMachines/jdk1.8.0_221.jdk/Contents/Home/jre/lib/libfontmanager.dylib
0x0000000126ece000 	/usr/lib/libobjc-trampolines.dylib
0x0000000125c32000 	/Library/Java/JavaVirtualMachines/jdk1.8.0_221.jdk/Contents/Home/jre/lib/libosxui.dylib
0x000000012d132000 	/Library/Java/JavaVirtualMachines/jdk1.8.0_221.jdk/Contents/Home/jre/lib/libnet.dylib
0x000000012d15f000 	/Library/Java/JavaVirtualMachines/jdk1.8.0_221.jdk/Contents/Home/jre/lib/libnio.dylib
0x0000000125341000 	/private/var/folders/f9/243wz9113nbdwbw_9420f4v00000gn/T/jogamp_0000/file_cache/jln2262171745521510463/jln3562824552032112501/libgluegen-rt.jnilib
0x0000000125345000 	/private/var/folders/f9/243wz9113nbdwbw_9420f4v00000gn/T/jogamp_0000/file_cache/jln2262171745521510463/jln3562824552032112501/libnativewindow_awt.jnilib
0x0000000125348000 	/Library/Java/JavaVirtualMachines/jdk1.8.0_221.jdk/Contents/Home/jre/lib/libjawt.dylib
0x000000012534b000 	/private/var/folders/f9/243wz9113nbdwbw_9420f4v00000gn/T/jogamp_0000/file_cache/jln2262171745521510463/jln3562824552032112501/libnativewindow_macosx.jnilib
0x000000019492a000 	/private/var/folders/f9/243wz9113nbdwbw_9420f4v00000gn/T/jogamp_0000/file_cache/jln2262171745521510463/jln3562824552032112501/libjogl_desktop.jnilib
0x000000019b193000 	/Library/Java/JavaVirtualMachines/jdk1.8.0_221.jdk/Contents/Home/jre/lib/libt2k.dylib

VM Arguments:
jvm_args: -Djava.security.policy=java.policy.applet -Dfile.encoding=UTF-8 
java_command: sun.applet.AppletViewer module3.EarthquakeCityMap1564334672069.html
java_class_path (initial): /Users/liuyiman/eclipse-workspace/UCSDUnfoldingMaps/build:/Users/liuyiman/eclipse-workspace/UCSDUnfoldingMaps/lib/core.jar:/Users/liuyiman/eclipse-workspace/UCSDUnfoldingMaps/lib/gluegen-rt.jar:/Users/liuyiman/eclipse-workspace/UCSDUnfoldingMaps/lib/jogl-all.jar:/Users/liuyiman/eclipse-workspace/UCSDUnfoldingMaps/lib/log4j-1.2.15.jar:/Users/liuyiman/eclipse-workspace/UCSDUnfoldingMaps/lib/sqlite-jdbc-3.7.2.jar:/Users/liuyiman/eclipse-workspace/UCSDUnfoldingMaps/lib/json4processing.jar:/Users/liuyiman/eclipse-workspace/UCSDUnfoldingMaps/lib/libTUIO.jar:/Users/liuyiman/eclipse-workspace/UCSDUnfoldingMaps/lib/unfolding.0.9.7-uscd.jar
Launcher Type: SUN_STANDARD

Environment Variables:
PATH=/usr/bin:/bin:/usr/sbin:/sbin
SHELL=/bin/bash

Signal Handlers:
SIGSEGV: [libjvm.dylib+0x5b71a7], sa_mask[0]=11111111011111110111111111111111, sa_flags=SA_ONSTACK|SA_RESTART|SA_SIGINFO
SIGBUS: [libjvm.dylib+0x5b71a7], sa_mask[0]=11111111011111110111111111111111, sa_flags=SA_RESTART|SA_SIGINFO
SIGFPE: [libjvm.dylib+0x48c8fc], sa_mask[0]=11111111011111110111111111111111, sa_flags=SA_RESTART|SA_SIGINFO
SIGPIPE: [libjvm.dylib+0x48c8fc], sa_mask[0]=11111111011111110111111111111111, sa_flags=SA_RESTART|SA_SIGINFO
SIGXFSZ: [libjvm.dylib+0x48c8fc], sa_mask[0]=11111111011111110111111111111111, sa_flags=SA_RESTART|SA_SIGINFO
SIGILL: [libjvm.dylib+0x48c8fc], sa_mask[0]=11111111011111110111111111111111, sa_flags=SA_RESTART|SA_SIGINFO
SIGUSR1: SIG_DFL, sa_mask[0]=00000000000000000000000000000000, sa_flags=none
SIGUSR2: [libjvm.dylib+0x48c41a], sa_mask[0]=00100000000000000000000000000000, sa_flags=SA_RESTART|SA_SIGINFO
SIGHUP: [libjvm.dylib+0x48a9a5], sa_mask[0]=11111111011111110111111111111111, sa_flags=SA_RESTART|SA_SIGINFO
SIGINT: [libjvm.dylib+0x48a9a5], sa_mask[0]=11111111011111110111111111111111, sa_flags=SA_RESTART|SA_SIGINFO
SIGTERM: [libjvm.dylib+0x48a9a5], sa_mask[0]=11111111011111110111111111111111, sa_flags=SA_RESTART|SA_SIGINFO
SIGQUIT: [libjvm.dylib+0x48a9a5], sa_mask[0]=11111111011111110111111111111111, sa_flags=SA_RESTART|SA_SIGINFO


---------------  S Y S T E M  ---------------

OS:Bsduname:Darwin 18.5.0 Darwin Kernel Version 18.5.0: Mon Mar 11 20:40:32 PDT 2019; root:xnu-4903.251.3~3/RELEASE_X86_64 x86_64
rlimit: STACK 8192k, CORE 0k, NPROC 1418, NOFILE 10240, AS infinity
load average:3.27 2.97 2.74

CPU:total 8 (initial active 8) (4 cores per cpu, 2 threads per core) family 6 model 70 stepping 1, cmov, cx8, fxsr, mmx, sse, sse2, sse3, ssse3, sse4.1, sse4.2, popcnt, avx, avx2, aes, clmul, erms, lzcnt, ht, tsc, tscinvbit, bmi1, bmi2

Memory: 4k page, physical 16777216k(682456k free)

/proc/meminfo:


vm_info: Java HotSpot(TM) 64-Bit Server VM (25.221-b11) for bsd-amd64 JRE (1.8.0_221-b11), built on Jul  4 2019 04:36:22 by "java_re" with gcc 4.2.1 (Based on Apple Inc. build 5658) (LLVM build 2336.11.00)

time: Sun Jul 28 10:24:46 2019
timezone: PDT
elapsed time: 14 seconds (0d 0h 0m 14s)

