#
# A fatal error has been detected by the Java Runtime Environment:
#
#  SIGSEGV (0xb) at pc=0x00007fff5ddc369d, pid=4455, tid=0x0000000000000307
#
# JRE version: Java(TM) SE Runtime Environment (8.0_221-b11) (build 1.8.0_221-b11)
# Java VM: Java HotSpot(TM) 64-Bit Server VM (25.221-b11 mixed mode bsd-amd64 compressed oops)
# Problematic frame:
# C  [libobjc.A.dylib+0x669d]  objc_msgSend+0x1d
#
# Failed to write core dump. Core dumps have been disabled. To enable core dumping, try "ulimit -c unlimited" before starting Java again
#
# If you would like to submit a bug report, please visit:
#   http://bugreport.java.com/bugreport/crash.jsp
# The crash happened outside the Java Virtual Machine in native code.
# See problematic frame for where to report the bug.
#

---------------  T H R E A D  ---------------

Current thread (0x00007fa50c0d5800):  JavaThread "AWT-AppKit" daemon [_thread_in_native, id=775, stack(0x00007ffeeb05f000,0x00007ffeeb85f000)]

siginfo: si_signo: 11 (SIGSEGV), si_code: 1 (SEGV_MAPERR), si_addr: 0x000007fa50b43860

Registers:
RAX=0x00007fa511614f90, RBX=0x000000012c393450, RCX=0x0000000000000001, RDX=0x0000000000000000
RSP=0x00007ffeeb85a1e8, RBP=0x00007ffeeb85a2a0, RSI=0x00007fff31399403, RDI=0x00007fa50b4efc70
R8 =0x0000000000000001, R9 =0x0000000000000440, R10=0x000007fa50b43848, R11=0x00007fff31399403
R12=0x0000000000000000, R13=0x0000000193e59818, R14=0x000000012c393440, R15=0x00007fa50c0d5800
RIP=0x00007fff5ddc369d, EFLAGS=0x0000000000010206, ERR=0x0000000000000004
  TRAPNO=0x000000000000000e

Top of Stack: (sp=0x00007ffeeb85a1e8)
0x00007ffeeb85a1e8:   000000012c391157 00007ffeeb85a240
0x00007ffeeb85a1f8:   0000000000000003 00007ffeeb85a220
0x00007ffeeb85a208:   0000000105543942 0000000193e59818
0x00007ffeeb85a218:   0000000193e59818 00007fa511614f90
0x00007ffeeb85a228:   000000012c3936a0 000000012c393710
0x00007ffeeb85a238:   00007fff8b03f848 00007fff8c702fc8
0x00007ffeeb85a248:   000000012c393450 000000012c393690
0x00007ffeeb85a258:   00007fa511614f90 00007fa50b4efc70
0x00007ffeeb85a268:   00007fa50b5048f0 00007fa511614f90
0x00007ffeeb85a278:   00007fa50b4efc70 00007ffeeb85a328
0x00007ffeeb85a288:   00007fa50c0d59f8 0000000193e59818
0x00007ffeeb85a298:   00007ffeeb85a350 00007ffeeb85a318
0x00007ffeeb85a2a8:   00000001077b2667 0000000193e59818
0x00007ffeeb85a2b8:   00007ffeeb85a350 00007ffeeb85a318
0x00007ffeeb85a2c8:   00000001077b23c7 00000001077b2382
0x00007ffeeb85a2d8:   00007ffeeb85a2d8 0000000193e59818
0x00007ffeeb85a2e8:   00007ffeeb85a350 0000000193e5c450
0x00007ffeeb85a2f8:   0000000000000000 0000000193e59818
0x00007ffeeb85a308:   0000000000000000 00007ffeeb85a338
0x00007ffeeb85a318:   00007ffeeb85a398 00000001077a22bd
0x00007ffeeb85a328:   00000006c0cafba8 00000001077abd18
0x00007ffeeb85a338:   00007fa511614f90 00007ffeeb85a398
0x00007ffeeb85a348:   00007fa50b4efc70 00000001077ad782
0x00007ffeeb85a358:   00007ffeeb85a358 0000000193e599e2
0x00007ffeeb85a368:   00007ffeeb85a3c0 0000000193e5c450
0x00007ffeeb85a378:   0000000000000000 0000000193e599f0
0x00007ffeeb85a388:   00007ffeeb85a338 00007ffeeb85a3a8
0x00007ffeeb85a398:   00007ffeeb85a408 00000001077a22bd
0x00007ffeeb85a3a8:   00007fa511614f90 00000006c0c39c58
0x00007ffeeb85a3b8:   00007fa50b4efc70 00000006c0c39c58
0x00007ffeeb85a3c8:   00007ffeeb85a3c8 000000019b3e874e
0x00007ffeeb85a3d8:   00007ffeeb85a418 000000019b3e8808 

Instructions: (pc=0x00007fff5ddc369d)
0x00007fff5ddc367d:   0f 1f 00 48 85 ff 2e 74 62 40 f6 c7 01 2e 75 66
0x00007fff5ddc368d:   49 ba f8 ff ff ff ff 7f 00 00 4c 23 17 49 89 f3
0x00007fff5ddc369d:   45 23 5a 18 49 c1 e3 04 4d 03 5a 10 49 3b 33 75
0x00007fff5ddc36ad:   04 41 ff 63 08 49 83 3b 01 76 0d 49 83 c3 10 49 

Register to memory mapping:

RAX=0x00007fa511614f90 is an unknown value
RBX=0x000000012c393450: Java_jogamp_nativewindow_macosx_OSXUtil_GetScreenRefreshRate0+0x1cf0 in /private/var/folders/f9/243wz9113nbdwbw_9420f4v00000gn/T/jogamp_0000/file_cache/jln8053725199729751209/jln433939129001199271/libnativewindow_macosx.jnilib at 0x000000012c38c000
RCX=0x0000000000000001 is an unknown value
RDX=0x0000000000000000 is an unknown value
RSP=0x00007ffeeb85a1e8 is pointing into the stack for thread: 0x00007fa50c0d5800
RBP=0x00007ffeeb85a2a0 is pointing into the stack for thread: 0x00007fa50c0d5800
RSI=0x00007fff31399403: GCC_except_table7+0x9e8f in /System/Library/Frameworks/AppKit.framework/Versions/C/AppKit at 0x00007fff307f2000
RDI=0x00007fa50b4efc70 is an unknown value
R8 =0x0000000000000001 is an unknown value
R9 =0x0000000000000440 is an unknown value
R10=0x000007fa50b43848 is an unknown value
R11=0x00007fff31399403: GCC_except_table7+0x9e8f in /System/Library/Frameworks/AppKit.framework/Versions/C/AppKit at 0x00007fff307f2000
R12=0x0000000000000000 is an unknown value
R13={method} {0x0000000193e59818} 'UnsetJAWTRootSurfaceLayer0' '(JJ)V' in 'jogamp/nativewindow/jawt/macosx/MacOSXJAWTWindow'
R14=0x000000012c393440: Java_jogamp_nativewindow_macosx_OSXUtil_GetScreenRefreshRate0+0x1ce0 in /private/var/folders/f9/243wz9113nbdwbw_9420f4v00000gn/T/jogamp_0000/file_cache/jln8053725199729751209/jln433939129001199271/libnativewindow_macosx.jnilib at 0x000000012c38c000
R15=0x00007fa50c0d5800 is a thread


Stack: [0x00007ffeeb05f000,0x00007ffeeb85f000],  sp=0x00007ffeeb85a1e8,  free space=8172k
Native frames: (J=compiled Java code, j=interpreted, Vv=VM code, C=native code)
C  [libobjc.A.dylib+0x669d]  objc_msgSend+0x1d
j  jogamp.nativewindow.jawt.macosx.MacOSXJAWTWindow.UnsetJAWTRootSurfaceLayer0(JJ)V+0
j  jogamp.nativewindow.jawt.macosx.MacOSXJAWTWindow.access$200(JJ)V+2
j  jogamp.nativewindow.jawt.macosx.MacOSXJAWTWindow$1.run()V+38
J 2634 C1 com.jogamp.common.util.RunnableTask.run()V (345 bytes) @ 0x00000001081eb6f4 [0x00000001081eb560+0x194]
v  ~StubRoutines::call_stub
V  [libjvm.dylib+0x2f0d1e]
V  [libjvm.dylib+0x32805c]
V  [libjvm.dylib+0x31a83f]
C  [libnativewindow_macosx.jnilib+0x5326]  Java_jogamp_nativewindow_jawt_macosx_MacOSXJAWTWindow_UnsetJAWTRootSurfaceLayer0+0x2b6
C  [Foundation+0xb0972]  __NSThreadPerformPerform+0x148
C  [CoreFoundation+0x575e3]  __CFRUNLOOP_IS_CALLING_OUT_TO_A_SOURCE0_PERFORM_FUNCTION__+0x11
C  [CoreFoundation+0x57589]  __CFRunLoopDoSource0+0x6c
C  [CoreFoundation+0x3af3b]  __CFRunLoopDoSources0+0xc3
C  [CoreFoundation+0x3a505]  __CFRunLoopRun+0x4a5
C  [CoreFoundation+0x39e0e]  CFRunLoopRunSpecific+0x1c7
C  [HIToolbox+0xa9db]  RunCurrentEventLoopInMode+0x124
C  [HIToolbox+0xa61d]  ReceiveNextEventCommon+0x163
C  [HIToolbox+0xa4a6]  _BlockUntilNextEventMatchingListInModeWithFilter+0x40
C  [AppKit+0x1affb]  _DPSNextEvent+0x3c5
C  [AppKit+0x19d93]  -[NSApplication(NSEvent) _nextEventMatchingEventMask:untilDate:inMode:dequeue:]+0x551
C  [libosxapp.dylib+0x2328]  -[NSApplicationAWT nextEventMatchingMask:untilDate:inMode:dequeue:]+0x7c
C  [AppKit+0x13eb0]  -[NSApplication run]+0x2bb
C  [libosxapp.dylib+0x1f72]  +[NSApplicationAWT runAWTLoopWithApp:]+0x9c
C  [libawt_lwawt.dylib+0x480bf]  -[AWTStarter starter:]+0x389
C  [Foundation+0xb0972]  __NSThreadPerformPerform+0x148
C  [CoreFoundation+0x575e3]  __CFRUNLOOP_IS_CALLING_OUT_TO_A_SOURCE0_PERFORM_FUNCTION__+0x11
C  [CoreFoundation+0x57589]  __CFRunLoopDoSource0+0x6c
C  [CoreFoundation+0x3af3b]  __CFRunLoopDoSources0+0xc3
C  [CoreFoundation+0x3a505]  __CFRunLoopRun+0x4a5
C  [CoreFoundation+0x39e0e]  CFRunLoopRunSpecific+0x1c7
C  [java+0x646e]  CreateExecutionEnvironment+0x367
C  [java+0x203c]  JLI_Launch+0x7a0
C  [java+0x84cb]  main+0x65
C  [java+0x1894]  start+0x34
C  0x0000000000000007

Java frames: (J=compiled Java code, j=interpreted, Vv=VM code)
j  jogamp.nativewindow.jawt.macosx.MacOSXJAWTWindow.UnsetJAWTRootSurfaceLayer0(JJ)V+0
j  jogamp.nativewindow.jawt.macosx.MacOSXJAWTWindow.access$200(JJ)V+2
j  jogamp.nativewindow.jawt.macosx.MacOSXJAWTWindow$1.run()V+38
J 2634 C1 com.jogamp.common.util.RunnableTask.run()V (345 bytes) @ 0x00000001081eb6f4 [0x00000001081eb560+0x194]
v  ~StubRoutines::call_stub

---------------  P R O C E S S  ---------------

Java Threads: ( => current thread )
  0x00007fa50f826000 JavaThread "Thread-20" [_thread_blocked, id=29243, stack(0x0000700006fea000,0x00007000070ea000)]
  0x00007fa50f382000 JavaThread "Animation Thread" [_thread_blocked, id=73559, stack(0x0000700006cde000,0x0000700006dde000)]
  0x00007fa50ba04800 JavaThread "AWT-EventQueue-1" [_thread_blocked, id=73251, stack(0x0000700006e64000,0x0000700006f64000)]
  0x00007fa50ba07000 JavaThread "DestroyJavaVM" [_thread_blocked, id=6403, stack(0x0000700005101000,0x0000700005201000)]
  0x00007fa50b9c9800 JavaThread "AWT-EventQueue-0" [_thread_blocked, id=76311, stack(0x0000700006bdb000,0x0000700006cdb000)]
  0x00007fa50e0c7800 JavaThread "Java2D Disposer" daemon [_thread_blocked, id=78863, stack(0x0000700006952000,0x0000700006a52000)]
  0x00007fa50f19a000 JavaThread "Java2D Queue Flusher" daemon [_thread_blocked, id=79115, stack(0x000070000684f000,0x000070000694f000)]
  0x00007fa50b987000 JavaThread "AWT-Shutdown" [_thread_blocked, id=39467, stack(0x000070000643a000,0x000070000653a000)]
=>0x00007fa50c0d5800 JavaThread "AWT-AppKit" daemon [_thread_in_native, id=775, stack(0x00007ffeeb05f000,0x00007ffeeb85f000)]
  0x00007fa50e024800 JavaThread "Service Thread" daemon [_thread_blocked, id=16131, stack(0x0000700006234000,0x0000700006334000)]
  0x00007fa50c049000 JavaThread "C1 CompilerThread3" daemon [_thread_blocked, id=15619, stack(0x0000700006131000,0x0000700006231000)]
  0x00007fa50c048800 JavaThread "C2 CompilerThread2" daemon [_thread_blocked, id=17411, stack(0x000070000602e000,0x000070000612e000)]
  0x00007fa50c047000 JavaThread "C2 CompilerThread1" daemon [_thread_blocked, id=15107, stack(0x0000700005f2b000,0x000070000602b000)]
  0x00007fa50f01d800 JavaThread "C2 CompilerThread0" daemon [_thread_blocked, id=17923, stack(0x0000700005e28000,0x0000700005f28000)]
  0x00007fa50f012000 JavaThread "Signal Dispatcher" daemon [_thread_blocked, id=18179, stack(0x0000700005d25000,0x0000700005e25000)]
  0x00007fa50c043000 JavaThread "Finalizer" daemon [_thread_blocked, id=12547, stack(0x0000700005c22000,0x0000700005d22000)]
  0x00007fa50c040800 JavaThread "Reference Handler" daemon [_thread_blocked, id=18947, stack(0x0000700005b1f000,0x0000700005c1f000)]

Other Threads:
  0x00007fa50c039800 VMThread [stack: 0x0000700005a1c000,0x0000700005b1c000] [id=11779]
  0x00007fa50c062000 WatcherThread [stack: 0x0000700006337000,0x0000700006437000] [id=16387]

VM state:not at safepoint (normal execution)

VM Mutex/Monitor currently owned by a thread: None

heap address: 0x00000006c0000000, size: 4096 MB, Compressed Oops mode: Zero based, Oop shift amount: 3
Narrow klass base: 0x0000000000000000, Narrow klass shift: 3
Compressed class space size: 1073741824 Address: 0x00000007c0000000

Heap:
 PSYoungGen      total 175104K, used 19680K [0x000000076ab00000, 0x0000000776800000, 0x00000007c0000000)
  eden space 160768K, 5% used [0x000000076ab00000,0x000000076b3f9cd8,0x0000000774800000)
  from space 14336K, 73% used [0x0000000775a00000,0x000000077643e570,0x0000000776800000)
  to   space 16384K, 0% used [0x0000000774800000,0x0000000774800000,0x0000000775800000)
 ParOldGen       total 110080K, used 18210K [0x00000006c0000000, 0x00000006c6b80000, 0x000000076ab00000)
  object space 110080K, 16% used [0x00000006c0000000,0x00000006c11c8b58,0x00000006c6b80000)
 Metaspace       used 27949K, capacity 28319K, committed 28800K, reserved 1075200K
  class space    used 2217K, capacity 2349K, committed 2432K, reserved 1048576K

Card table byte_map: [0x00000001067ef000,0x0000000106ff0000] byte_map_base: 0x00000001031ef000

Marking Bits: (ParMarkBitMap*) 0x0000000105cfbe40
 Begin Bits: [0x000000011679a000, 0x000000011a79a000)
 End Bits:   [0x000000011a79a000, 0x000000011e79a000)

Polling page: 0x00000001043ea000

CodeCache: size=245760Kb used=11784Kb max_used=12572Kb free=233975Kb
 bounds [0x000000010779a000, 0x00000001083fa000, 0x000000011679a000]
 total_blobs=3814 nmethods=2889 adapters=838
 compilation: enabled

Compilation events (10 events):
Event: 43.159 Thread 0x00007fa50c048800 3176       4       java.util.HashMap::removeNode (291 bytes)
Event: 43.161 Thread 0x00007fa50c049000 3177   !   3       java.awt.EventQueue::isDispatchThreadImpl (99 bytes)
Event: 43.162 Thread 0x00007fa50c049000 nmethod 3177 0x0000000107976550 code [0x0000000107976720, 0x0000000107976e28]
Event: 43.165 Thread 0x00007fa50c048800 nmethod 3176 0x0000000107c2b710 code [0x0000000107c2b880, 0x0000000107c2bc18]
Event: 43.330 Thread 0x00007fa50c049000 3178       3       java.awt.Rectangle::isEmpty (20 bytes)
Event: 43.331 Thread 0x00007fa50c049000 nmethod 3178 0x0000000107cb0050 code [0x0000000107cb01c0, 0x0000000107cb03b0]
Event: 43.345 Thread 0x00007fa50c049000 3180       3       java.awt.Toolkit::notifyAWTEventListeners (36 bytes)
Event: 43.346 Thread 0x00007fa50c049000 nmethod 3180 0x0000000107df4550 code [0x0000000107df4700, 0x0000000107df4ca8]
Event: 43.347 Thread 0x00007fa50c049000 3179   !   3       java.awt.KeyboardFocusManager::retargetFocusEvent (244 bytes)
Event: 43.350 Thread 0x00007fa50c049000 nmethod 3179 0x0000000107b1aed0 code [0x0000000107b1b360, 0x0000000107b1e2f8]

GC Heap History (10 events):
Event: 3.416 GC heap before
{Heap before GC invocations=3 (full 1):
 PSYoungGen      total 76288K, used 10720K [0x000000076ab00000, 0x0000000774000000, 0x00000007c0000000)
  eden space 65536K, 0% used [0x000000076ab00000,0x000000076ab00000,0x000000076eb00000)
  from space 10752K, 99% used [0x000000076f580000,0x000000076fff81b0,0x0000000770000000)
  to   space 10752K, 0% used [0x000000076eb00000,0x000000076eb00000,0x000000076f580000)
 ParOldGen       total 175104K, used 6982K [0x00000006c0000000, 0x00000006cab00000, 0x000000076ab00000)
  object space 175104K, 3% used [0x00000006c0000000,0x00000006c06d1a48,0x00000006cab00000)
 Metaspace       used 20770K, capacity 21114K, committed 21296K, reserved 1069056K
  class space    used 2044K, capacity 2150K, committed 2176K, reserved 1048576K
Event: 3.450 GC heap after
Heap after GC invocations=3 (full 1):
 PSYoungGen      total 76288K, used 0K [0x000000076ab00000, 0x0000000774000000, 0x00000007c0000000)
  eden space 65536K, 0% used [0x000000076ab00000,0x000000076ab00000,0x000000076eb00000)
  from space 10752K, 0% used [0x000000076f580000,0x000000076f580000,0x0000000770000000)
  to   space 10752K, 0% used [0x000000076eb00000,0x000000076eb00000,0x000000076f580000)
 ParOldGen       total 110080K, used 17573K [0x00000006c0000000, 0x00000006c6b80000, 0x000000076ab00000)
  object space 110080K, 15% used [0x00000006c0000000,0x00000006c1129680,0x00000006c6b80000)
 Metaspace       used 20770K, capacity 21114K, committed 21296K, reserved 1069056K
  class space    used 2044K, capacity 2150K, committed 2176K, reserved 1048576K
}
Event: 5.523 GC heap before
{Heap before GC invocations=4 (full 1):
 PSYoungGen      total 76288K, used 65536K [0x000000076ab00000, 0x0000000774000000, 0x00000007c0000000)
  eden space 65536K, 100% used [0x000000076ab00000,0x000000076eb00000,0x000000076eb00000)
  from space 10752K, 0% used [0x000000076f580000,0x000000076f580000,0x0000000770000000)
  to   space 10752K, 0% used [0x000000076eb00000,0x000000076eb00000,0x000000076f580000)
 ParOldGen       total 110080K, used 17573K [0x00000006c0000000, 0x00000006c6b80000, 0x000000076ab00000)
  object space 110080K, 15% used [0x00000006c0000000,0x00000006c1129680,0x00000006c6b80000)
 Metaspace       used 27282K, capacity 27635K, committed 28032K, reserved 1075200K
  class space    used 2201K, capacity 2313K, committed 2432K, reserved 1048576K
Event: 5.533 GC heap after
Heap after GC invocations=4 (full 1):
 PSYoungGen      total 76288K, used 10751K [0x000000076ab00000, 0x0000000772b00000, 0x00000007c0000000)
  eden space 65536K, 0% used [0x000000076ab00000,0x000000076ab00000,0x000000076eb00000)
  from space 10752K, 99% used [0x000000076eb00000,0x000000076f57fc78,0x000000076f580000)
  to   space 10752K, 0% used [0x0000000772080000,0x0000000772080000,0x0000000772b00000)
 ParOldGen       total 110080K, used 17630K [0x00000006c0000000, 0x00000006c6b80000, 0x000000076ab00000)
  object space 110080K, 16% used [0x00000006c0000000,0x00000006c1137ae8,0x00000006c6b80000)
 Metaspace       used 27282K, capacity 27635K, committed 28032K, reserved 1075200K
  class space    used 2201K, capacity 2313K, committed 2432K, reserved 1048576K
}
Event: 13.840 GC heap before
{Heap before GC invocations=5 (full 1):
 PSYoungGen      total 76288K, used 76287K [0x000000076ab00000, 0x0000000772b00000, 0x00000007c0000000)
  eden space 65536K, 100% used [0x000000076ab00000,0x000000076eb00000,0x000000076eb00000)
  from space 10752K, 99% used [0x000000076eb00000,0x000000076f57fc78,0x000000076f580000)
  to   space 10752K, 0% used [0x0000000772080000,0x0000000772080000,0x0000000772b00000)
 ParOldGen       total 110080K, used 17630K [0x00000006c0000000, 0x00000006c6b80000, 0x000000076ab00000)
  object space 110080K, 16% used [0x00000006c0000000,0x00000006c1137ae8,0x00000006c6b80000)
 Metaspace       used 27738K, capacity 28089K, committed 28544K, reserved 1075200K
  class space    used 2201K, capacity 2314K, committed 2432K, reserved 1048576K
Event: 13.848 GC heap after
Heap after GC invocations=5 (full 1):
 PSYoungGen      total 116224K, used 10747K [0x000000076ab00000, 0x0000000772b00000, 0x00000007c0000000)
  eden space 105472K, 0% used [0x000000076ab00000,0x000000076ab00000,0x0000000771200000)
  from space 10752K, 99% used [0x0000000772080000,0x0000000772afecc8,0x0000000772b00000)
  to   space 10752K, 0% used [0x0000000771600000,0x0000000771600000,0x0000000772080000)
 ParOldGen       total 110080K, used 17938K [0x00000006c0000000, 0x00000006c6b80000, 0x000000076ab00000)
  object space 110080K, 16% used [0x00000006c0000000,0x00000006c1184b48,0x00000006c6b80000)
 Metaspace       used 27738K, capacity 28089K, committed 28544K, reserved 1075200K
  class space    used 2201K, capacity 2314K, committed 2432K, reserved 1048576K
}
Event: 28.261 GC heap before
{Heap before GC invocations=6 (full 1):
 PSYoungGen      total 116224K, used 116219K [0x000000076ab00000, 0x0000000772b00000, 0x00000007c0000000)
  eden space 105472K, 100% used [0x000000076ab00000,0x0000000771200000,0x0000000771200000)
  from space 10752K, 99% used [0x0000000772080000,0x0000000772afecc8,0x0000000772b00000)
  to   space 10752K, 0% used [0x0000000771600000,0x0000000771600000,0x0000000772080000)
 ParOldGen       total 110080K, used 17938K [0x00000006c0000000, 0x00000006c6b80000, 0x000000076ab00000)
  object space 110080K, 16% used [0x00000006c0000000,0x00000006c1184b48,0x00000006c6b80000)
 Metaspace       used 27861K, capacity 28217K, committed 28544K, reserved 1075200K
  class space    used 2201K, capacity 2314K, committed 2432K, reserved 1048576K
Event: 28.269 GC heap after
Heap after GC invocations=6 (full 1):
 PSYoungGen      total 120320K, used 10538K [0x000000076ab00000, 0x0000000776a80000, 0x00000007c0000000)
  eden space 109568K, 0% used [0x000000076ab00000,0x000000076ab00000,0x0000000771600000)
  from space 10752K, 98% used [0x0000000771600000,0x000000077204ab48,0x0000000772080000)
  to   space 16896K, 0% used [0x0000000775a00000,0x0000000775a00000,0x0000000776a80000)
 ParOldGen       total 110080K, used 18202K [0x00000006c0000000, 0x00000006c6b80000, 0x000000076ab00000)
  object space 110080K, 16% used [0x00000006c0000000,0x00000006c11c6b58,0x00000006c6b80000)
 Metaspace       used 27861K, capacity 28217K, committed 28544K, reserved 1075200K
  class space    used 2201K, capacity 2314K, committed 2432K, reserved 1048576K
}
Event: 43.312 GC heap before
{Heap before GC invocations=7 (full 1):
 PSYoungGen      total 120320K, used 120106K [0x000000076ab00000, 0x0000000776a80000, 0x00000007c0000000)
  eden space 109568K, 100% used [0x000000076ab00000,0x0000000771600000,0x0000000771600000)
  from space 10752K, 98% used [0x0000000771600000,0x000000077204ab48,0x0000000772080000)
  to   space 16896K, 0% used [0x0000000775a00000,0x0000000775a00000,0x0000000776a80000)
 ParOldGen       total 110080K, used 18202K [0x00000006c0000000, 0x00000006c6b80000, 0x000000076ab00000)
  object space 110080K, 16% used [0x00000006c0000000,0x00000006c11c6b58,0x00000006c6b80000)
 Metaspace       used 27878K, capacity 28219K, committed 28544K, reserved 1075200K
  class space    used 2204K, capacity 2315K, committed 2432K, reserved 1048576K
Event: 43.320 GC heap after
Heap after GC invocations=7 (full 1):
 PSYoungGen      total 175104K, used 10489K [0x000000076ab00000, 0x0000000776800000, 0x00000007c0000000)
  eden space 160768K, 0% used [0x000000076ab00000,0x000000076ab00000,0x0000000774800000)
  from space 14336K, 73% used [0x0000000775a00000,0x000000077643e570,0x0000000776800000)
  to   space 16384K, 0% used [0x0000000774800000,0x0000000774800000,0x0000000775800000)
 ParOldGen       total 110080K, used 18210K [0x00000006c0000000, 0x00000006c6b80000, 0x000000076ab00000)
  object space 110080K, 16% used [0x00000006c0000000,0x00000006c11c8b58,0x00000006c6b80000)
 Metaspace       used 27878K, capacity 28219K, committed 28544K, reserved 1075200K
  class space    used 2204K, capacity 2315K, committed 2432K, reserved 1048576K
}

Deoptimization events (10 events):
Event: 43.330 Thread 0x00007fa50c168800 Uncommon trap: reason=unstable_if action=reinterpret pc=0x0000000108319a10 method=java.security.AccessControlContext.combine([Ljava/security/ProtectionDomain;[Ljava/security/ProtectionDomain;)[Ljava/security/ProtectionDomain; @ 151
Event: 43.330 Thread 0x00007fa50b9c9800 Uncommon trap: reason=unstable_if action=reinterpret pc=0x0000000107dbcb24 method=sun.java2d.pipe.Region.intersectsQuickCheck(Lsun/java2d/pipe/Region;)Z @ 41
Event: 43.331 Thread 0x00007fa50b9c9800 Uncommon trap: reason=unstable_if action=reinterpret pc=0x0000000107fc38a8 method=java.awt.font.FontRenderContext.equals(Ljava/awt/font/FontRenderContext;)Z @ 2
Event: 43.344 Thread 0x00007fa50c168800 Uncommon trap: reason=class_check action=maybe_recompile pc=0x0000000107d551a0 method=java.util.HashMap.putVal(ILjava/lang/Object;Ljava/lang/Object;ZZ)Ljava/lang/Object; @ 91
Event: 43.344 Thread 0x00007fa50c168800 Uncommon trap: reason=class_check action=maybe_recompile pc=0x0000000107d551a0 method=java.util.HashMap.putVal(ILjava/lang/Object;Ljava/lang/Object;ZZ)Ljava/lang/Object; @ 91
Event: 43.344 Thread 0x00007fa50c168800 Uncommon trap: reason=class_check action=maybe_recompile pc=0x0000000107d551a0 method=java.util.HashMap.putVal(ILjava/lang/Object;Ljava/lang/Object;ZZ)Ljava/lang/Object; @ 91
Event: 43.344 Thread 0x00007fa50c168800 Uncommon trap: reason=class_check action=maybe_recompile pc=0x0000000107d551a0 method=java.util.HashMap.putVal(ILjava/lang/Object;Ljava/lang/Object;ZZ)Ljava/lang/Object; @ 91
Event: 43.344 Thread 0x00007fa50c168800 Uncommon trap: reason=class_check action=maybe_recompile pc=0x0000000107d3bb54 method=java.util.HashMap.putVal(ILjava/lang/Object;Ljava/lang/Object;ZZ)Ljava/lang/Object; @ 91
Event: 43.358 Thread 0x00007fa50ba04800 Uncommon trap: reason=unstable_if action=reinterpret pc=0x000000010796cd98 method=java.util.LinkedList$ListItr.<init>(Ljava/util/LinkedList;I)V @ 26
Event: 43.358 Thread 0x00007fa50ba04800 Uncommon trap: reason=unstable_if action=reinterpret pc=0x00000001081d8fe4 method=java.security.AccessControlContext.combine([Ljava/security/ProtectionDomain;[Ljava/security/ProtectionDomain;)[Ljava/security/ProtectionDomain; @ 151

Classes redefined (0 events):
No events

Internal exceptions (10 events):
Event: 0.286 Thread 0x00007fa50c003800 Exception <a 'java/io/FileNotFoundException'> (0x000000076ae4a000) thrown at [/Users/java_re/workspace/8-2-build-macosx-x86_64/jdk8u221/13320/hotspot/src/share/vm/prims/jni.cpp, line 710]
Event: 0.286 Thread 0x00007fa50c003800 Exception <a 'java/io/FileNotFoundException'> (0x000000076ae4ab80) thrown at [/Users/java_re/workspace/8-2-build-macosx-x86_64/jdk8u221/13320/hotspot/src/share/vm/prims/jni.cpp, line 710]
Event: 0.381 Thread 0x00007fa50c003800 Exception <a 'java/io/FileNotFoundException'> (0x000000076aecfdc8) thrown at [/Users/java_re/workspace/8-2-build-macosx-x86_64/jdk8u221/13320/hotspot/src/share/vm/prims/jni.cpp, line 710]
Event: 2.141 Thread 0x00007fa50f382000 Exception <a 'java/lang/UnsatisfiedLinkError': com.jogamp.common.util.JarUtil.fixNativeLibAttribs(Ljava/lang/String;)Z> (0x000000076c682e08) thrown at [/Users/java_re/workspace/8-2-build-macosx-x86_64/jdk8u221/13320/hotspot/src/share/vm/prims/nativeLookup
Event: 3.001 Thread 0x00007fa50ba04800 Exception <a 'java/io/FileNotFoundException'> (0x000000076d859c40) thrown at [/Users/java_re/workspace/8-2-build-macosx-x86_64/jdk8u221/13320/hotspot/src/share/vm/prims/jni.cpp, line 710]
Event: 3.001 Thread 0x00007fa50ba04800 Exception <a 'java/io/FileNotFoundException'> (0x000000076d85fef8) thrown at [/Users/java_re/workspace/8-2-build-macosx-x86_64/jdk8u221/13320/hotspot/src/share/vm/prims/jni.cpp, line 710]
Event: 3.001 Thread 0x00007fa50ba04800 Implicit null exception at 0x0000000107986276 to 0x0000000107986669
Event: 3.256 Thread 0x00007fa50c043000 Exception <a 'java/lang/NullPointerException'> (0x000000076aeaefd0) thrown at [/Users/java_re/workspace/8-2-build-macosx-x86_64/jdk8u221/13320/hotspot/src/share/vm/interpreter/linkResolver.cpp, line 1185]
Event: 3.333 Thread 0x00007fa50ba04800 Implicit null exception at 0x0000000107b67346 to 0x0000000107b6758d
Event: 3.358 Thread 0x00007fa50f849800 Implicit null exception at 0x00000001079961b5 to 0x0000000107996579

Events (10 events):
Event: 43.358 Thread 0x00007fa50ba04800 DEOPT UNPACKING pc=0x00000001077df73a sp=0x0000700006f61880 mode 2
Event: 43.358 Thread 0x00007fa50ba04800 Uncommon trap: trap_request=0xffffff65 fr.pc=0x00000001081d8fe4
Event: 43.358 Thread 0x00007fa50ba04800 DEOPT PACKING pc=0x00000001081d8fe4 sp=0x0000700006f61870
Event: 43.358 Thread 0x00007fa50ba04800 DEOPT UNPACKING pc=0x00000001077df73a sp=0x0000700006f61820 mode 2
Event: 43.358 loading class java/awt/LightweightDispatcher$2
Event: 43.358 loading class java/awt/LightweightDispatcher$2 done
Event: 43.358 loading class java/awt/event/AWTEventListenerProxy
Event: 43.359 loading class java/awt/event/AWTEventListenerProxy done
Event: 43.359 Executing VM operation: Deoptimize
Event: 43.359 Executing VM operation: Deoptimize done


Dynamic libraries:
0x00007fff32964000 	/System/Library/Frameworks/Cocoa.framework/Versions/A/Cocoa
0x00007fff3e646000 	/System/Library/Frameworks/Security.framework/Versions/A/Security
0x00007fff315f9000 	/System/Library/Frameworks/ApplicationServices.framework/Versions/A/ApplicationServices
0x00007fff5ec93000 	/usr/lib/libz.1.dylib
0x00007fff5c3c3000 	/usr/lib/libSystem.B.dylib
0x00007fff5ddbd000 	/usr/lib/libobjc.A.dylib
0x00007fff3314c000 	/System/Library/Frameworks/CoreFoundation.framework/Versions/A/CoreFoundation
0x00007fff353c0000 	/System/Library/Frameworks/Foundation.framework/Versions/C/Foundation
0x00007fff307f2000 	/System/Library/Frameworks/AppKit.framework/Versions/C/AppKit
0x00007fff32cdf000 	/System/Library/Frameworks/CoreData.framework/Versions/A/CoreData
0x00007fff55f12000 	/System/Library/PrivateFrameworks/RemoteViewServices.framework/Versions/A/RemoteViewServices
0x00007fff5a106000 	/System/Library/PrivateFrameworks/UIFoundation.framework/Versions/A/UIFoundation
0x00007fff5b7e8000 	/System/Library/PrivateFrameworks/XCTTargetBootstrap.framework/Versions/A/XCTTargetBootstrap
0x00007fff50d4a000 	/System/Library/PrivateFrameworks/IconServices.framework/Versions/A/IconServices
0x00007fff37cd9000 	/System/Library/Frameworks/Metal.framework/Versions/A/Metal
0x00007fff482d5000 	/System/Library/PrivateFrameworks/DesktopServicesPriv.framework/Versions/A/DesktopServicesPriv
0x00007fff5d123000 	/usr/lib/libenergytrace.dylib
0x00007fff585f5000 	/System/Library/PrivateFrameworks/SkyLight.framework/Versions/A/SkyLight
0x00007fff33591000 	/System/Library/Frameworks/CoreGraphics.framework/Versions/A/CoreGraphics
0x00007fff2f5be000 	/System/Library/Frameworks/Accelerate.framework/Versions/A/Accelerate
0x00007fff35b06000 	/System/Library/Frameworks/IOSurface.framework/Versions/A/IOSurface
0x00007fff48141000 	/System/Library/PrivateFrameworks/DFRFoundation.framework/Versions/A/DFRFoundation
0x00007fff31adc000 	/System/Library/Frameworks/AudioToolbox.framework/Versions/A/AudioToolbox
0x00007fff31d55000 	/System/Library/Frameworks/AudioUnit.framework/Versions/A/AudioUnit
0x00007fff481d6000 	/System/Library/PrivateFrameworks/DataDetectorsCore.framework/Versions/A/DataDetectorsCore
0x00007fff32468000 	/System/Library/Frameworks/Carbon.framework/Versions/A/Frameworks/HIToolbox.framework/Versions/A/HIToolbox
0x00007fff5d27c000 	/usr/lib/libicucore.A.dylib
0x00007fff3dbbd000 	/System/Library/Frameworks/QuartzCore.framework/Versions/A/QuartzCore
0x00007fff3283c000 	/System/Library/Frameworks/Carbon.framework/Versions/A/Frameworks/SpeechRecognition.framework/Versions/A/SpeechRecognition
0x00007fff5c517000 	/usr/lib/libauto.dylib
0x00007fff5eb87000 	/usr/lib/libxml2.2.dylib
0x00007fff47d21000 	/System/Library/PrivateFrameworks/CoreUI.framework/Versions/A/CoreUI
0x00007fff32bca000 	/System/Library/Frameworks/CoreAudio.framework/Versions/A/CoreAudio
0x00007fff351fc000 	/System/Library/Frameworks/DiskArbitration.framework/Versions/A/DiskArbitration
0x00007fff5d529000 	/usr/lib/liblangid.dylib
0x00007fff5214a000 	/System/Library/PrivateFrameworks/MultitouchSupport.framework/Versions/A/MultitouchSupport
0x00007fff35a75000 	/System/Library/Frameworks/IOKit.framework/Versions/A/IOKit
0x00007fff5bf84000 	/usr/lib/libDiagnosticMessagesClient.dylib
0x00007fff3439d000 	/System/Library/Frameworks/CoreServices.framework/Versions/A/CoreServices
0x00007fff53d20000 	/System/Library/PrivateFrameworks/PerformanceAnalysis.framework/Versions/A/PerformanceAnalysis
0x00007fff3cdad000 	/System/Library/Frameworks/OpenGL.framework/Versions/A/OpenGL
0x00007fff32972000 	/System/Library/Frameworks/ColorSync.framework/Versions/A/ColorSync
0x00007fff33c22000 	/System/Library/Frameworks/CoreImage.framework/Versions/A/CoreImage
0x00007fff34d76000 	/System/Library/Frameworks/CoreText.framework/Versions/A/CoreText
0x00007fff35b69000 	/System/Library/Frameworks/ImageIO.framework/Versions/A/ImageIO
0x00007fff4437f000 	/System/Library/PrivateFrameworks/Backup.framework/Versions/A/Backup
0x00007fff5c46a000 	/usr/lib/libarchive.2.dylib
0x00007fff320ad000 	/System/Library/Frameworks/CFNetwork.framework/Versions/A/CFNetwork
0x00007fff3ed9f000 	/System/Library/Frameworks/SystemConfiguration.framework/Versions/A/SystemConfiguration
0x00007fff5beb5000 	/usr/lib/libCRFSuite.dylib
0x00007fff5c606000 	/usr/lib/libc++.1.dylib
0x00007fff5c65a000 	/usr/lib/libc++abi.dylib
0x00007fff5f482000 	/usr/lib/system/libcache.dylib
0x00007fff5f487000 	/usr/lib/system/libcommonCrypto.dylib
0x00007fff5f492000 	/usr/lib/system/libcompiler_rt.dylib
0x00007fff5f49a000 	/usr/lib/system/libcopyfile.dylib
0x00007fff5f4a4000 	/usr/lib/system/libcorecrypto.dylib
0x00007fff5f5af000 	/usr/lib/system/libdispatch.dylib
0x00007fff5f5e9000 	/usr/lib/system/libdyld.dylib
0x00007fff5f616000 	/usr/lib/system/libkeymgr.dylib
0x00007fff5f624000 	/usr/lib/system/liblaunch.dylib
0x00007fff5f625000 	/usr/lib/system/libmacho.dylib
0x00007fff5f62b000 	/usr/lib/system/libquarantine.dylib
0x00007fff5f62e000 	/usr/lib/system/libremovefile.dylib
0x00007fff5f630000 	/usr/lib/system/libsystem_asl.dylib
0x00007fff5f648000 	/usr/lib/system/libsystem_blocks.dylib
0x00007fff5f649000 	/usr/lib/system/libsystem_c.dylib
0x00007fff5f6d1000 	/usr/lib/system/libsystem_configuration.dylib
0x00007fff5f6d5000 	/usr/lib/system/libsystem_coreservices.dylib
0x00007fff5f6d9000 	/usr/lib/system/libsystem_darwin.dylib
0x00007fff5f6e0000 	/usr/lib/system/libsystem_dnssd.dylib
0x00007fff5f6e7000 	/usr/lib/system/libsystem_info.dylib
0x00007fff5f75c000 	/usr/lib/system/libsystem_m.dylib
0x00007fff5f7a8000 	/usr/lib/system/libsystem_malloc.dylib
0x00007fff5f7cd000 	/usr/lib/system/libsystem_networkextension.dylib
0x00007fff5f7d8000 	/usr/lib/system/libsystem_notify.dylib
0x00007fff5f7f5000 	/usr/lib/system/libsystem_sandbox.dylib
0x00007fff5f7f9000 	/usr/lib/system/libsystem_secinit.dylib
0x00007fff5f733000 	/usr/lib/system/libsystem_kernel.dylib
0x00007fff5f7e0000 	/usr/lib/system/libsystem_platform.dylib
0x00007fff5f7ea000 	/usr/lib/system/libsystem_pthread.dylib
0x00007fff5f7fc000 	/usr/lib/system/libsystem_symptoms.dylib
0x00007fff5f804000 	/usr/lib/system/libsystem_trace.dylib
0x00007fff5f81b000 	/usr/lib/system/libunwind.dylib
0x00007fff5f821000 	/usr/lib/system/libxpc.dylib
0x00007fff5c5e7000 	/usr/lib/libbsm.0.dylib
0x00007fff5f617000 	/usr/lib/system/libkxld.dylib
0x00007fff435c5000 	/System/Library/PrivateFrameworks/AppleFSCompression.framework/Versions/A/AppleFSCompression
0x00007fff5c283000 	/usr/lib/libOpenScriptingUtil.dylib
0x00007fff5c90f000 	/usr/lib/libcoretls.dylib
0x00007fff5c926000 	/usr/lib/libcoretls_cfhelpers.dylib
0x00007fff5e554000 	/usr/lib/libpam.2.dylib
0x00007fff5e714000 	/usr/lib/libsqlite3.dylib
0x00007fff5eb75000 	/usr/lib/libxar.1.dylib
0x00007fff5c5f8000 	/usr/lib/libbz2.1.0.dylib
0x00007fff5d52b000 	/usr/lib/liblzma.5.dylib
0x00007fff5d9dc000 	/usr/lib/libnetwork.dylib
0x00007fff5c453000 	/usr/lib/libapple_nghttp2.dylib
0x00007fff5e55b000 	/usr/lib/libpcap.A.dylib
0x00007fff3473c000 	/System/Library/Frameworks/CoreServices.framework/Versions/A/Frameworks/FSEvents.framework/Versions/A/FSEvents
0x00007fff3441b000 	/System/Library/Frameworks/CoreServices.framework/Versions/A/Frameworks/CarbonCore.framework/Versions/A/CarbonCore
0x00007fff348f8000 	/System/Library/Frameworks/CoreServices.framework/Versions/A/Frameworks/Metadata.framework/Versions/A/Metadata
0x00007fff34997000 	/System/Library/Frameworks/CoreServices.framework/Versions/A/Frameworks/OSServices.framework/Versions/A/OSServices
0x00007fff349e2000 	/System/Library/Frameworks/CoreServices.framework/Versions/A/Frameworks/SearchKit.framework/Versions/A/SearchKit
0x00007fff3439e000 	/System/Library/Frameworks/CoreServices.framework/Versions/A/Frameworks/AE.framework/Versions/A/AE
0x00007fff34745000 	/System/Library/Frameworks/CoreServices.framework/Versions/A/Frameworks/LaunchServices.framework/Versions/A/LaunchServices
0x00007fff346f3000 	/System/Library/Frameworks/CoreServices.framework/Versions/A/Frameworks/DictionaryServices.framework/Versions/A/DictionaryServices
0x00007fff34a4a000 	/System/Library/Frameworks/CoreServices.framework/Versions/A/Frameworks/SharedFileList.framework/Versions/A/SharedFileList
0x00007fff38d88000 	/System/Library/Frameworks/NetFS.framework/Versions/A/NetFS
0x00007fff523b0000 	/System/Library/PrivateFrameworks/NetAuth.framework/Versions/A/NetAuth
0x00007fff5bbec000 	/System/Library/PrivateFrameworks/login.framework/Versions/A/Frameworks/loginsupport.framework/Versions/A/loginsupport
0x00007fff59d0f000 	/System/Library/PrivateFrameworks/TCC.framework/Versions/A/TCC
0x00007fff47380000 	/System/Library/PrivateFrameworks/CoreNLP.framework/Versions/A/CoreNLP
0x00007fff51e49000 	/System/Library/PrivateFrameworks/MetadataUtilities.framework/Versions/A/MetadataUtilities
0x00007fff5d600000 	/usr/lib/libmecabra.dylib
0x00007fff315fa000 	/System/Library/Frameworks/ApplicationServices.framework/Versions/A/Frameworks/ATS.framework/Versions/A/ATS
0x00007fff31949000 	/System/Library/Frameworks/ApplicationServices.framework/Versions/A/Frameworks/ColorSyncLegacy.framework/Versions/A/ColorSyncLegacy
0x00007fff319e8000 	/System/Library/Frameworks/ApplicationServices.framework/Versions/A/Frameworks/HIServices.framework/Versions/A/HIServices
0x00007fff31a3b000 	/System/Library/Frameworks/ApplicationServices.framework/Versions/A/Frameworks/LangAnalysis.framework/Versions/A/LangAnalysis
0x00007fff31a4b000 	/System/Library/Frameworks/ApplicationServices.framework/Versions/A/Frameworks/PrintCore.framework/Versions/A/PrintCore
0x00007fff31a95000 	/System/Library/Frameworks/ApplicationServices.framework/Versions/A/Frameworks/QD.framework/Versions/A/QD
0x00007fff31acf000 	/System/Library/Frameworks/ApplicationServices.framework/Versions/A/Frameworks/SpeechSynthesis.framework/Versions/A/SpeechSynthesis
0x00007fff5c682000 	/usr/lib/libcompression.dylib
0x00007fff33064000 	/System/Library/Frameworks/CoreDisplay.framework/Versions/A/CoreDisplay
0x00007fff37f90000 	/System/Library/Frameworks/MetalPerformanceShaders.framework/Versions/A/MetalPerformanceShaders
0x00007fff2f5d6000 	/System/Library/Frameworks/Accelerate.framework/Versions/A/Frameworks/vImage.framework/Versions/A/vImage
0x00007fff30650000 	/System/Library/Frameworks/Accelerate.framework/Versions/A/Frameworks/vecLib.framework/Versions/A/vecLib
0x00007fff3059c000 	/System/Library/Frameworks/Accelerate.framework/Versions/A/Frameworks/vecLib.framework/Versions/A/libvMisc.dylib
0x00007fff303b4000 	/System/Library/Frameworks/Accelerate.framework/Versions/A/Frameworks/vecLib.framework/Versions/A/libvDSP.dylib
0x00007fff2fc70000 	/System/Library/Frameworks/Accelerate.framework/Versions/A/Frameworks/vecLib.framework/Versions/A/libBLAS.dylib
0x00007fff2ff5d000 	/System/Library/Frameworks/Accelerate.framework/Versions/A/Frameworks/vecLib.framework/Versions/A/libLAPACK.dylib
0x00007fff30307000 	/System/Library/Frameworks/Accelerate.framework/Versions/A/Frameworks/vecLib.framework/Versions/A/libLinearAlgebra.dylib
0x00007fff303a0000 	/System/Library/Frameworks/Accelerate.framework/Versions/A/Frameworks/vecLib.framework/Versions/A/libSparseBLAS.dylib
0x00007fff3031d000 	/System/Library/Frameworks/Accelerate.framework/Versions/A/Frameworks/vecLib.framework/Versions/A/libQuadrature.dylib
0x00007fff2feea000 	/System/Library/Frameworks/Accelerate.framework/Versions/A/Frameworks/vecLib.framework/Versions/A/libBNNS.dylib
0x00007fff30323000 	/System/Library/Frameworks/Accelerate.framework/Versions/A/Frameworks/vecLib.framework/Versions/A/libSparse.dylib
0x00007fff4e6bb000 	/System/Library/PrivateFrameworks/GPUWrangler.framework/Versions/A/GPUWrangler
0x00007fff5097f000 	/System/Library/PrivateFrameworks/IOAccelerator.framework/Versions/A/IOAccelerator
0x00007fff5098a000 	/System/Library/PrivateFrameworks/IOPresentment.framework/Versions/A/IOPresentment
0x00007fff48151000 	/System/Library/PrivateFrameworks/DSExternalDisplay.framework/Versions/A/DSExternalDisplay
0x00007fff3c204000 	/System/Library/Frameworks/OpenGL.framework/Versions/A/Libraries/libCoreFSCache.dylib
0x00007fff37d84000 	/System/Library/Frameworks/MetalPerformanceShaders.framework/Frameworks/MPSCore.framework/Versions/A/MPSCore
0x00007fff37da4000 	/System/Library/Frameworks/MetalPerformanceShaders.framework/Frameworks/MPSImage.framework/Versions/A/MPSImage
0x00007fff37e49000 	/System/Library/Frameworks/MetalPerformanceShaders.framework/Frameworks/MPSNeuralNetwork.framework/Versions/A/MPSNeuralNetwork
0x00007fff37e21000 	/System/Library/Frameworks/MetalPerformanceShaders.framework/Frameworks/MPSMatrix.framework/Versions/A/MPSMatrix
0x00007fff37f75000 	/System/Library/Frameworks/MetalPerformanceShaders.framework/Frameworks/MPSRayIntersector.framework/Versions/A/MPSRayIntersector
0x00007fff51e72000 	/System/Library/PrivateFrameworks/MetalTools.framework/Versions/A/MetalTools
0x00007fff42cc6000 	/System/Library/PrivateFrameworks/AggregateDictionary.framework/Versions/A/AggregateDictionary
0x00007fff5c264000 	/usr/lib/libMobileGestalt.dylib
0x00007fff34ed9000 	/System/Library/Frameworks/CoreVideo.framework/Versions/A/CoreVideo
0x00007fff4f4c5000 	/System/Library/PrivateFrameworks/GraphVisualizer.framework/Versions/A/GraphVisualizer
0x00007fff4934b000 	/System/Library/PrivateFrameworks/FaceCore.framework/Versions/A/FaceCore
0x00007fff3b832000 	/System/Library/Frameworks/OpenCL.framework/Versions/A/OpenCL
0x00007fff5bfbc000 	/usr/lib/libFosl_dynamic.dylib
0x00007fff52c1b000 	/System/Library/PrivateFrameworks/OTSVG.framework/Versions/A/OTSVG
0x00007fff316fe000 	/System/Library/Frameworks/ApplicationServices.framework/Versions/A/Frameworks/ATS.framework/Versions/A/Resources/libFontParser.dylib
0x00007fff31816000 	/System/Library/Frameworks/ApplicationServices.framework/Versions/A/Frameworks/ATS.framework/Versions/A/Resources/libFontRegistry.dylib
0x00007fff35dd7000 	/System/Library/Frameworks/ImageIO.framework/Versions/A/Resources/libJPEG.dylib
0x00007fff360e9000 	/System/Library/Frameworks/ImageIO.framework/Versions/A/Resources/libTIFF.dylib
0x00007fff360bf000 	/System/Library/Frameworks/ImageIO.framework/Versions/A/Resources/libPng.dylib
0x00007fff35cf5000 	/System/Library/Frameworks/ImageIO.framework/Versions/A/Resources/libGIF.dylib
0x00007fff35cfa000 	/System/Library/Frameworks/ImageIO.framework/Versions/A/Resources/libJP2.dylib
0x00007fff360e6000 	/System/Library/Frameworks/ImageIO.framework/Versions/A/Resources/libRadiance.dylib
0x00007fff4371a000 	/System/Library/PrivateFrameworks/AppleJPEG.framework/Versions/A/AppleJPEG
0x00007fff3c20f000 	/System/Library/Frameworks/OpenGL.framework/Versions/A/Libraries/libGFXShared.dylib
0x00007fff3c3d2000 	/System/Library/Frameworks/OpenGL.framework/Versions/A/Libraries/libGLU.dylib
0x00007fff3c218000 	/System/Library/Frameworks/OpenGL.framework/Versions/A/Libraries/libGL.dylib
0x00007fff3c224000 	/System/Library/Frameworks/OpenGL.framework/Versions/A/Libraries/libGLImage.dylib
0x00007fff3c201000 	/System/Library/Frameworks/OpenGL.framework/Versions/A/Libraries/libCVMSPluginSupport.dylib
0x00007fff3c20a000 	/System/Library/Frameworks/OpenGL.framework/Versions/A/Libraries/libCoreVMClient.dylib
0x00007fff5cf99000 	/usr/lib/libcups.2.dylib
0x00007fff372ac000 	/System/Library/Frameworks/Kerberos.framework/Versions/A/Kerberos
0x00007fff357dc000 	/System/Library/Frameworks/GSS.framework/Versions/A/GSS
0x00007fff5e6a9000 	/usr/lib/libresolv.9.dylib
0x00007fff5d18b000 	/usr/lib/libiconv.2.dylib
0x00007fff4f621000 	/System/Library/PrivateFrameworks/Heimdal.framework/Versions/A/Heimdal
0x00007fff5d15b000 	/usr/lib/libheimdal-asn1.dylib
0x00007fff3b8a6000 	/System/Library/Frameworks/OpenDirectory.framework/Versions/A/OpenDirectory
0x00007fff460e7000 	/System/Library/PrivateFrameworks/CommonAuth.framework/Versions/A/CommonAuth
0x00007fff3b88a000 	/System/Library/Frameworks/OpenDirectory.framework/Versions/A/Frameworks/CFOpenDirectory.framework/Versions/A/CFOpenDirectory
0x00007fff3e945000 	/System/Library/Frameworks/SecurityFoundation.framework/Versions/A/SecurityFoundation
0x00007fff42221000 	/System/Library/PrivateFrameworks/APFS.framework/Versions/A/APFS
0x00007fff5eb71000 	/usr/lib/libutil.dylib
0x00007fff5c670000 	/usr/lib/libcharset.1.dylib
0x00007fff439b7000 	/System/Library/PrivateFrameworks/AppleSauce.framework/Versions/A/AppleSauce
0x00007fff43b38000 	/System/Library/PrivateFrameworks/AssertionServices.framework/Versions/A/AssertionServices
0x00007fff44415000 	/System/Library/PrivateFrameworks/BaseBoard.framework/Versions/A/BaseBoard
0x00007fff5d55b000 	/usr/lib/libmecab.1.0.0.dylib
0x00007fff5d155000 	/usr/lib/libgermantok.dylib
0x00007fff5c440000 	/usr/lib/libThaiTokenizer.dylib
0x00007fff5beec000 	/usr/lib/libChineseTokenizer.dylib
0x00007fff51036000 	/System/Library/PrivateFrameworks/LanguageModeling.framework/Versions/A/LanguageModeling
0x00007fff46dc6000 	/System/Library/PrivateFrameworks/CoreEmoji.framework/Versions/A/CoreEmoji
0x00007fff51112000 	/System/Library/PrivateFrameworks/Lexicon.framework/Versions/A/Lexicon
0x00007fff51155000 	/System/Library/PrivateFrameworks/LinguisticData.framework/Versions/A/LinguisticData
0x00007fff5c671000 	/usr/lib/libcmph.dylib
0x00007fff3ea03000 	/System/Library/Frameworks/ServiceManagement.framework/Versions/A/ServiceManagement
0x00007fff44376000 	/System/Library/PrivateFrameworks/BackgroundTaskManagement.framework/Versions/A/BackgroundTaskManagement
0x00007fff5ec6a000 	/usr/lib/libxslt.1.dylib
0x00007fff32769000 	/System/Library/Frameworks/Carbon.framework/Versions/A/Frameworks/Ink.framework/Versions/A/Ink
0x00007fff59f81000 	/System/Library/PrivateFrameworks/TextureIO.framework/Versions/A/TextureIO
0x00007fff5c494000 	/usr/lib/libate.dylib
0x00007fff480a1000 	/System/Library/PrivateFrameworks/CrashReporterSupport.framework/Versions/A/CrashReporterSupport
0x00007fff57733000 	/System/Library/PrivateFrameworks/Sharing.framework/Versions/A/Sharing
0x00007fff43f17000 	/System/Library/PrivateFrameworks/AuthKit.framework/Versions/A/AuthKit
0x00007fff432c1000 	/System/Library/PrivateFrameworks/Apple80211.framework/Versions/A/Apple80211
0x00007fff47e4d000 	/System/Library/PrivateFrameworks/CoreUtils.framework/Versions/A/CoreUtils
0x00007fff34f17000 	/System/Library/Frameworks/CoreWLAN.framework/Versions/A/CoreWLAN
0x00007fff3590b000 	/System/Library/Frameworks/IOBluetooth.framework/Versions/A/IOBluetooth
0x00007fff55bbf000 	/System/Library/PrivateFrameworks/ProtocolBuffer.framework/Versions/A/ProtocolBuffer
0x00007fff520a8000 	/System/Library/PrivateFrameworks/MobileKeyBag.framework/Versions/A/MobileKeyBag
0x00007fff47693000 	/System/Library/PrivateFrameworks/CorePhoneNumbers.framework/Versions/A/CorePhoneNumbers
0x00007fff436ce000 	/System/Library/PrivateFrameworks/AppleIDAuthSupport.framework/Versions/A/AppleIDAuthSupport
0x00007fff51009000 	/System/Library/PrivateFrameworks/KeychainCircle.framework/Versions/A/KeychainCircle
0x00007fff55d75000 	/System/Library/PrivateFrameworks/ROCKit.framework/Versions/A/ROCKit
0x00007fff4803d000 	/System/Library/PrivateFrameworks/CoreWiFi.framework/Versions/A/CoreWiFi
0x00007fff32cb4000 	/System/Library/Frameworks/CoreBluetooth.framework/Versions/A/CoreBluetooth
0x00007fff48297000 	/System/Library/PrivateFrameworks/DebugSymbols.framework/Versions/A/DebugSymbols
0x00007fff47c0e000 	/System/Library/PrivateFrameworks/CoreSymbolication.framework/Versions/A/CoreSymbolication
0x00007fff5979d000 	/System/Library/PrivateFrameworks/Symbolication.framework/Versions/A/Symbolication
0x00007fff59040000 	/System/Library/PrivateFrameworks/SpeechRecognitionCore.framework/Versions/A/SpeechRecognitionCore
0x00007fff27bfb000 	/System/Library/CoreServices/Encodings/libSimplifiedChineseConverter.dylib
0x0000000105400000 	/Library/Java/JavaVirtualMachines/jdk1.8.0_221.jdk/Contents/Home/jre/lib/server/libjvm.dylib
0x00007fff5ea42000 	/usr/lib/libstdc++.6.dylib
0x00000001043dc000 	/Library/Java/JavaVirtualMachines/jdk1.8.0_221.jdk/Contents/Home/jre/lib/libverify.dylib
0x00000001063b9000 	/Library/Java/JavaVirtualMachines/jdk1.8.0_221.jdk/Contents/Home/jre/lib/libjava.dylib
0x00000001043f4000 	/Library/Java/JavaVirtualMachines/jdk1.8.0_221.jdk/Contents/Home/jre/lib/libzip.dylib
0x0000000121652000 	/Library/Java/JavaVirtualMachines/jdk1.8.0_221.jdk/Contents/Home/jre/lib/libawt.dylib
0x00000001216fb000 	/Library/Java/JavaVirtualMachines/jdk1.8.0_221.jdk/Contents/Home/jre/lib/./libmlib_image.dylib
0x00007fff37295000 	/System/Library/Frameworks/JavaVM.framework/Versions/A/Frameworks/JavaNativeFoundation.framework/Versions/A/JavaNativeFoundation
0x00007fff3729e000 	/System/Library/Frameworks/JavaVM.framework/Versions/A/Frameworks/JavaRuntimeSupport.framework/Versions/A/JavaRuntimeSupport
0x00007fff372a7000 	/System/Library/Frameworks/JavaVM.framework/Versions/A/JavaVM
0x00007fff50f28000 	/System/Library/PrivateFrameworks/JavaLaunching.framework/Versions/A/JavaLaunching
0x00007fff32463000 	/System/Library/Frameworks/Carbon.framework/Versions/A/Carbon
0x00007fff32464000 	/System/Library/Frameworks/Carbon.framework/Versions/A/Frameworks/CommonPanels.framework/Versions/A/CommonPanels
0x00007fff3275f000 	/System/Library/Frameworks/Carbon.framework/Versions/A/Frameworks/Help.framework/Versions/A/Help
0x00007fff32763000 	/System/Library/Frameworks/Carbon.framework/Versions/A/Frameworks/ImageCapture.framework/Versions/A/ImageCapture
0x00007fff327ff000 	/System/Library/Frameworks/Carbon.framework/Versions/A/Frameworks/OpenScripting.framework/Versions/A/OpenScripting
0x00007fff32837000 	/System/Library/Frameworks/Carbon.framework/Versions/A/Frameworks/Print.framework/Versions/A/Print
0x00007fff32839000 	/System/Library/Frameworks/Carbon.framework/Versions/A/Frameworks/SecurityHI.framework/Versions/A/SecurityHI
0x00000001217c7000 	/Library/Java/JavaVirtualMachines/jdk1.8.0_221.jdk/Contents/Home/jre/lib/libawt_lwawt.dylib
0x0000000121882000 	/Library/Java/JavaVirtualMachines/jdk1.8.0_221.jdk/Contents/Home/jre/lib/./libosxapp.dylib
0x00007fff35399000 	/System/Library/Frameworks/ExceptionHandling.framework/Versions/A/ExceptionHandling
0x00007fff47817000 	/System/Library/PrivateFrameworks/CoreServicesInternal.framework/Versions/A/CoreServicesInternal
0x00007fff27c36000 	/System/Library/CoreServices/RawCamera.bundle/Contents/MacOS/RawCamera
0x00007fff51f11000 	/System/Library/PrivateFrameworks/MobileAsset.framework/Versions/A/MobileAsset
0x00007fff596eb000 	/System/Library/PrivateFrameworks/StreamingZip.framework/Versions/A/StreamingZip
0x00007fff37637000 	/System/Library/Frameworks/MediaToolbox.framework/Versions/A/MediaToolbox
0x00007fff4696d000 	/System/Library/PrivateFrameworks/CoreAVCHD.framework/Versions/A/CoreAVCHD
0x00007fff3757e000 	/System/Library/Frameworks/MediaAccessibility.framework/Versions/A/MediaAccessibility
0x00007fff51977000 	/System/Library/PrivateFrameworks/Mangrove.framework/Versions/A/Mangrove
0x00007fff3423f000 	/System/Library/Frameworks/CoreMedia.framework/Versions/A/CoreMedia
0x00007fff3f062000 	/System/Library/Frameworks/VideoToolbox.framework/Versions/A/VideoToolbox
0x00007fff46589000 	/System/Library/PrivateFrameworks/CoreAUC.framework/Versions/A/CoreAUC
0x00007fff5e712000 	/usr/lib/libspindump.dylib
0x00007fff43a9d000 	/System/Library/PrivateFrameworks/AppleVA.framework/Versions/A/AppleVA
0x00007fff2f5bf000 	/System/Library/Frameworks/Accelerate.framework/Versions/A/Frameworks/vImage.framework/Versions/A/Libraries/libCGInterfaces.dylib
0x00007fff318b2000 	/System/Library/Frameworks/ApplicationServices.framework/Versions/A/Frameworks/ATS.framework/Versions/A/Resources/libTrueTypeScaler.dylib
0x00007fff2b91d000 	/System/Library/Extensions/AppleIntelHD5000GraphicsMTLDriver.bundle/Contents/MacOS/AppleIntelHD5000GraphicsMTLDriver
0x00007fff4d01a000 	/System/Library/PrivateFrameworks/GPUCompiler.framework/Versions/3902/Libraries/libmetal_timestamp.dylib
0x00007fff49770000 	/System/Library/PrivateFrameworks/FamilyControls.framework/Versions/A/FamilyControls
0x00007fff460da000 	/System/Library/PrivateFrameworks/CommerceKit.framework/Versions/A/Frameworks/CommerceCore.framework/Versions/A/CommerceCore
0x00007fff59a70000 	/System/Library/PrivateFrameworks/SystemAdministration.framework/Versions/A/SystemAdministration
0x00007fff431c2000 	/System/Library/PrivateFrameworks/AppContainer.framework/Versions/A/AppContainer
0x00007fff431de000 	/System/Library/PrivateFrameworks/AppSandbox.framework/Versions/A/AppSandbox
0x00007fff575d4000 	/System/Library/PrivateFrameworks/SecCodeWrapper.framework/Versions/A/SecCodeWrapper
0x00007fff5e6c3000 	/usr/lib/libsandbox.1.dylib
0x00007fff5c233000 	/usr/lib/libMatch.1.dylib
0x00007fff4861c000 	/System/Library/PrivateFrameworks/DiskManagement.framework/Versions/A/DiskManagement
0x00007fff3511c000 	/System/Library/Frameworks/DirectoryService.framework/Versions/A/DirectoryService
0x00007fff4854d000 	/System/Library/PrivateFrameworks/DiskImages.framework/Versions/A/DiskImages
0x00007fff5124e000 	/System/Library/PrivateFrameworks/LoginUIKit.framework/Versions/A/Frameworks/LoginUICore.framework/Versions/A/LoginUICore
0x00007fff5bef7000 	/usr/lib/libCoreStorage.dylib
0x00007fff5cf86000 	/usr/lib/libcsfde.dylib
0x00007fff5e543000 	/usr/lib/libodfde.dylib
0x00007fff51a8f000 	/System/Library/PrivateFrameworks/MediaKit.framework/Versions/A/MediaKit
0x00007fff35128000 	/System/Library/Frameworks/DiscRecording.framework/Versions/A/DiscRecording
0x00007fff4878c000 	/System/Library/PrivateFrameworks/EFILogin.framework/Versions/A/EFILogin
0x00007fff55b6a000 	/System/Library/PrivateFrameworks/ProtectedCloudStorage.framework/Versions/A/ProtectedCloudStorage
0x00007fff5d018000 	/usr/lib/libcurl.4.dylib
0x00007fff5cdee000 	/usr/lib/libcrypto.42.dylib
0x00007fff5e9f4000 	/usr/lib/libssl.44.dylib
0x00007fff372c6000 	/System/Library/Frameworks/LDAP.framework/Versions/A/LDAP
0x00007fff5a0ff000 	/System/Library/PrivateFrameworks/TrustEvaluationAgent.framework/Versions/A/TrustEvaluationAgent
0x00007fff5e6ff000 	/usr/lib/libsasl2.2.dylib
0x00007fff46bc3000 	/System/Library/PrivateFrameworks/CoreDaemon.framework/Versions/B/CoreDaemon
0x00007fff439b2000 	/System/Library/PrivateFrameworks/AppleSRP.framework/Versions/A/AppleSRP
0x00007fff5af38000 	/System/Library/PrivateFrameworks/ViewBridge.framework/Versions/A/ViewBridge
0x00007fff3cdbd000 	/System/Library/Frameworks/OpenGL.framework/Versions/A/Resources/GLEngine.bundle/GLEngine
0x00007fff3c25f000 	/System/Library/Frameworks/OpenGL.framework/Versions/A/Libraries/libGLProgrammability.dylib
0x00007fff2b40a000 	/System/Library/Extensions/AppleIntelHD5000GraphicsGLDriver.bundle/Contents/MacOS/AppleIntelHD5000GraphicsGLDriver
0x00007fff4e6af000 	/System/Library/PrivateFrameworks/GPUSupport.framework/Versions/A/Libraries/libGPUSupportMercury.dylib
0x00007fff3cf53000 	/System/Library/Frameworks/OpenGL.framework/Versions/A/Resources/GLRendererFloat.bundle/GLRendererFloat
0x00007fff3b829000 	/System/Library/Frameworks/OpenCL.framework/Versions/A/Libraries/libcldcpuengine.dylib
0x00007fff5cac5000 	/usr/lib/libcrypto.35.dylib
0x0000000126060000 	/Library/Java/JavaVirtualMachines/jdk1.8.0_221.jdk/Contents/Home/jre/lib/libfontmanager.dylib
0x00000001260c8000 	/usr/lib/libobjc-trampolines.dylib
0x0000000124e00000 	/Library/Java/JavaVirtualMachines/jdk1.8.0_221.jdk/Contents/Home/jre/lib/libosxui.dylib
0x0000000125437000 	/Library/Java/JavaVirtualMachines/jdk1.8.0_221.jdk/Contents/Home/jre/lib/libnet.dylib
0x00000001253d1000 	/Library/Java/JavaVirtualMachines/jdk1.8.0_221.jdk/Contents/Home/jre/lib/libnio.dylib
0x0000000127469000 	/private/var/folders/f9/243wz9113nbdwbw_9420f4v00000gn/T/jogamp_0000/file_cache/jln8053725199729751209/jln433939129001199271/libgluegen-rt.jnilib
0x0000000125029000 	/private/var/folders/f9/243wz9113nbdwbw_9420f4v00000gn/T/jogamp_0000/file_cache/jln8053725199729751209/jln433939129001199271/libnativewindow_awt.jnilib
0x0000000127483000 	/Library/Java/JavaVirtualMachines/jdk1.8.0_221.jdk/Contents/Home/jre/lib/libjawt.dylib
0x000000012c38c000 	/private/var/folders/f9/243wz9113nbdwbw_9420f4v00000gn/T/jogamp_0000/file_cache/jln8053725199729751209/jln433939129001199271/libnativewindow_macosx.jnilib
0x0000000193c18000 	/private/var/folders/f9/243wz9113nbdwbw_9420f4v00000gn/T/jogamp_0000/file_cache/jln8053725199729751209/jln433939129001199271/libjogl_desktop.jnilib
0x000000019abaf000 	/Library/Java/JavaVirtualMachines/jdk1.8.0_221.jdk/Contents/Home/jre/lib/libt2k.dylib

VM Arguments:
jvm_args: -Djava.security.policy=java.policy.applet -Dfile.encoding=UTF-8 
java_command: sun.applet.AppletViewer module4.EarthquakeCityMap1564424318079.html
java_class_path (initial): /Users/liuyiman/eclipse-workspace/UCSDUnfoldingMaps/build:/Users/liuyiman/eclipse-workspace/UCSDUnfoldingMaps/lib/core.jar:/Users/liuyiman/eclipse-workspace/UCSDUnfoldingMaps/lib/gluegen-rt.jar:/Users/liuyiman/eclipse-workspace/UCSDUnfoldingMaps/lib/jogl-all.jar:/Users/liuyiman/eclipse-workspace/UCSDUnfoldingMaps/lib/log4j-1.2.15.jar:/Users/liuyiman/eclipse-workspace/UCSDUnfoldingMaps/lib/sqlite-jdbc-3.7.2.jar:/Users/liuyiman/eclipse-workspace/UCSDUnfoldingMaps/lib/json4processing.jar:/Users/liuyiman/eclipse-workspace/UCSDUnfoldingMaps/lib/libTUIO.jar:/Users/liuyiman/eclipse-workspace/UCSDUnfoldingMaps/lib/unfolding.0.9.7-uscd.jar
Launcher Type: SUN_STANDARD

Environment Variables:
PATH=/usr/bin:/bin:/usr/sbin:/sbin
SHELL=/bin/bash

Signal Handlers:
SIGSEGV: [libjvm.dylib+0x5b71a7], sa_mask[0]=11111111011111110111111111111111, sa_flags=SA_ONSTACK|SA_RESTART|SA_SIGINFO
SIGBUS: [libjvm.dylib+0x5b71a7], sa_mask[0]=11111111011111110111111111111111, sa_flags=SA_RESTART|SA_SIGINFO
SIGFPE: [libjvm.dylib+0x48c8fc], sa_mask[0]=11111111011111110111111111111111, sa_flags=SA_RESTART|SA_SIGINFO
SIGPIPE: [libjvm.dylib+0x48c8fc], sa_mask[0]=11111111011111110111111111111111, sa_flags=SA_RESTART|SA_SIGINFO
SIGXFSZ: [libjvm.dylib+0x48c8fc], sa_mask[0]=11111111011111110111111111111111, sa_flags=SA_RESTART|SA_SIGINFO
SIGILL: [libjvm.dylib+0x48c8fc], sa_mask[0]=11111111011111110111111111111111, sa_flags=SA_RESTART|SA_SIGINFO
SIGUSR1: SIG_DFL, sa_mask[0]=00000000000000000000000000000000, sa_flags=none
SIGUSR2: [libjvm.dylib+0x48c41a], sa_mask[0]=00100000000000000000000000000000, sa_flags=SA_RESTART|SA_SIGINFO
SIGHUP: [libjvm.dylib+0x48a9a5], sa_mask[0]=11111111011111110111111111111111, sa_flags=SA_RESTART|SA_SIGINFO
SIGINT: [libjvm.dylib+0x48a9a5], sa_mask[0]=11111111011111110111111111111111, sa_flags=SA_RESTART|SA_SIGINFO
SIGTERM: [libjvm.dylib+0x48a9a5], sa_mask[0]=11111111011111110111111111111111, sa_flags=SA_RESTART|SA_SIGINFO
SIGQUIT: [libjvm.dylib+0x48a9a5], sa_mask[0]=11111111011111110111111111111111, sa_flags=SA_RESTART|SA_SIGINFO


---------------  S Y S T E M  ---------------

OS:Bsduname:Darwin 18.5.0 Darwin Kernel Version 18.5.0: Mon Mar 11 20:40:32 PDT 2019; root:xnu-4903.251.3~3/RELEASE_X86_64 x86_64
rlimit: STACK 8192k, CORE 0k, NPROC 1418, NOFILE 10240, AS infinity
load average:1.62 1.57 1.60

CPU:total 8 (initial active 8) (4 cores per cpu, 2 threads per core) family 6 model 70 stepping 1, cmov, cx8, fxsr, mmx, sse, sse2, sse3, ssse3, sse4.1, sse4.2, popcnt, avx, avx2, aes, clmul, erms, lzcnt, ht, tsc, tscinvbit, bmi1, bmi2

Memory: 4k page, physical 16777216k(2707128k free)

/proc/meminfo:


vm_info: Java HotSpot(TM) 64-Bit Server VM (25.221-b11) for bsd-amd64 JRE (1.8.0_221-b11), built on Jul  4 2019 04:36:22 by "java_re" with gcc 4.2.1 (Based on Apple Inc. build 5658) (LLVM build 2336.11.00)

time: Mon Jul 29 11:19:21 2019
timezone: PDT
elapsed time: 43 seconds (0d 0h 0m 43s)

